"2014-05-21 09:10:36.580"`"JOB_N5203L"`"ATBC03UH954703"`````"0521.091036.580     1 N5203L >>> ==> TRANS_ID:20140521090950S001A
0521.091036.580 =============================================================================
0521.091036.580 輸入參數: TRANS_ID_in = 20140521090950S001A RunTime = 2014/05/21 09:10:36
0521.091036.620 DECL_NO = ATBC03UH954703
0521.091049.260 ED90 OK!
0521.091049.260 5203 >>> COMMIT
0521.091049.310 N5203L End   : 2014/05/21 09:10:49
0521.101750.140 N5203L Start : 2014/05/21 10:17:50
"
"2014-05-21 10:17:50.140"`"JOB_N5203L"`"DABC03158B7708"`````"0521.101750.140     1 N5203L >>> ==> TRANS_ID:20140521101733450789
0521.101750.150 =============================================================================
0521.101750.150 輸入參數: TRANS_ID_in = 20140521101733450789 RunTime = 2014/05/21 10:17:50
0521.101750.160 DECL_NO = DABC03158B7708
0521.101755.740 ED90 OK!
0521.101755.740 5203 >>> COMMIT
0521.101755.750 N5203L End   : 2014/05/21 10:17:55
0521.113756.450 N5203L Start : 2014/05/21 11:37:56
"
"2014-05-21 11:37:56.450"`"JOB_N5203L"`"CA  0365502421"`````"0521.113756.450     1 N5203L >>> ==> TRANS_ID:140521113733419
0521.113756.450 =============================================================================
0521.113756.450 輸入參數: TRANS_ID_in = 140521113733419 RunTime = 2014/05/21 11:37:56
0521.113756.490 DECL_NO = CA  0365502421
0521.113802.830 ED90 OK!
0521.113802.890 EDEA_RATIFY OK!
0521.113802.890 5203 >>> COMMIT
0521.113803.110 N5203L End   : 2014/05/21 11:38:03
0521.124822.290 N5203L Start : 2014/05/21 12:48:22
"
"2014-05-21 12:48:22.290"`"JOB_N5203L"`""`````"0521.124822.290     1 N5203L >>> ==> TRANS_ID:20140521124652S001A
0521.134852.110 N5203L Start : 2014/05/21 01:48:52
"
"2014-05-21 13:48:52.110"`"JOB_N5203L"`""`````"0521.134852.110     1 N5203L >>> ==> TRANS_ID:20140521134758S013A
0521.160107.670 N5203L Start : 2014/05/21 04:01:07
"
"2014-05-21 16:01:07.670"`"JOB_N5203L"`""`````"0521.160107.670     1 N5203L >>> ==> TRANS_ID:140521160003830
0521.162714.600 N5203L Start : 2014/05/21 04:27:14
"
"2014-05-21 16:27:14.600"`"JOB_N5203L"`""`````"0521.162714.600     1 N5203L >>> ==> TRANS_ID:20140521162652462472
0521.172232.350 N5203L Start : 2014/05/21 05:22:32
"
"2014-05-21 17:22:32.360"`"JOB_N5203L"`""`````"0521.172232.360     1 N5203L >>> ==> TRANS_ID:20140521172156S002A
"
