"2014-05-21 02:53:13.830"`"ER90"`"CR  03376QF192"`````"0521.025313.820 TRANS_ID: 20140521025313413122
0521.025313.830     DECL_NO >>> CR  03376QF192
0521.025313.850     STATUS=0 >>> OK
"
"2014-05-21 02:53:18.200"`"ER90"`"CR  03376QF193"`````"0521.025318.190 TRANS_ID: 20140521025317413125
0521.025318.200     DECL_NO >>> CR  03376QF193
0521.025318.220     STATUS=0 >>> OK
"
"2014-05-21 02:53:20.400"`"ER90"`"CR  03376QF197"`````"0521.025320.390 TRANS_ID: 20140521025320413127
0521.025320.400     DECL_NO >>> CR  03376QF197
0521.025320.420     STATUS=0 >>> OK
"
"2014-05-21 02:53:22.630"`"ER90"`"CR  03376QF199"`````"0521.025322.620 TRANS_ID: 20140521025322413130
0521.025322.630     DECL_NO >>> CR  03376QF199
0521.025322.650     STATUS=0 >>> OK
"
"2014-05-21 02:53:44.700"`"ER90"`"CR  03376QF198"`````"0521.025344.690 TRANS_ID: 20140521025344413131
0521.025344.700     DECL_NO >>> CR  03376QF198
0521.025344.730     STATUS=0 >>> OK
"
"2014-05-21 07:48:18.830"`"ER90"`"CF  03550JS604"`````"0521.074818.830 TRANS_ID: 20140521074818442528
0521.074818.830     DECL_NO >>> CF  03550JS604
0521.074818.860     STATUS=0 >>> OK
"
"2014-05-21 07:48:21.190"`"ER90"`"CF  03550JS770"`````"0521.074821.160 TRANS_ID: 20140521074820442531
0521.074821.190     DECL_NO >>> CF  03550JS770
0521.074821.230     STATUS=0 >>> OK
"
"2014-05-21 07:48:23.530"`"ER90"`"CF  03550JS597"`````"0521.074823.520 TRANS_ID: 20140521074822442541
0521.074823.530     DECL_NO >>> CF  03550JS597
0521.074823.560     STATUS=0 >>> OK
"
"2014-05-21 07:48:23.660"`"ER90"`"CF  03550JS653"`````"0521.074823.660 TRANS_ID: 20140521074823442533
0521.074823.660     DECL_NO >>> CF  03550JS653
0521.074823.750     STATUS=0 >>> OK
"
"2014-05-21 07:48:23.980"`"ER90"`"CF  03550JS772"`````"0521.074823.970 TRANS_ID: 20140521074823442534
0521.074823.980     DECL_NO >>> CF  03550JS772
0521.074824.000     STATUS=0 >>> OK
"
"2014-05-21 07:48:25.730"`"ER90"`"CF  03550JS629"`````"0521.074825.720 TRANS_ID: 20140521074825442535
0521.074825.730     DECL_NO >>> CF  03550JS629
0521.074825.760     STATUS=0 >>> OK
"
"2014-05-21 07:48:47.870"`"ER90"`"CF  03550JS626"`````"0521.074847.860 TRANS_ID: 20140521074847442537
0521.074847.870     DECL_NO >>> CF  03550JS626
0521.074847.890     STATUS=0 >>> OK
"
"2014-05-21 07:48:48.090"`"ER90"`"CF  03550JS815"`````"0521.074848.090 TRANS_ID: 20140521074847442538
0521.074848.090     DECL_NO >>> CF  03550JS815
0521.074848.110     STATUS=0 >>> OK
"
"2014-05-21 07:48:48.240"`"ER90"`"CF  03550JS603"`````"0521.074848.240 TRANS_ID: 20140521074847442542
0521.074848.240     DECL_NO >>> CF  03550JS603
0521.074848.250     STATUS=0 >>> OK
"
"2014-05-21 07:48:50.190"`"ER90"`"CF  03550JS953"`````"0521.074850.190 TRANS_ID: 20140521074849442562
0521.074850.190     DECL_NO >>> CF  03550JS953
0521.074850.210     STATUS=0 >>> OK
"
"2014-05-21 07:49:16.460"`"ER90"`"CF  03550JS855"`````"0521.074916.450 TRANS_ID: 20140521074916442563
0521.074916.460     DECL_NO >>> CF  03550JS855
0521.074916.480     STATUS=0 >>> OK
"
"2014-05-21 07:49:18.630"`"ER90"`"CF  03550JS646"`````"0521.074918.630 TRANS_ID: 20140521074918442546
0521.074918.630     DECL_NO >>> CF  03550JS646
0521.074918.650     STATUS=0 >>> OK
"
"2014-05-21 07:49:21.010"`"ER90"`"CF  03550JS763"`````"0521.074921.000 TRANS_ID: 20140521074920442564
0521.074921.010     DECL_NO >>> CF  03550JS763
0521.074921.030     STATUS=0 >>> OK
"
"2014-05-21 07:49:21.050"`"ER90"`"CF  03550JS624"`````"0521.074921.050 TRANS_ID: 20140521074920442565
0521.074921.050     DECL_NO >>> CF  03550JS624
0521.074921.070     STATUS=0 >>> OK
"
"2014-05-21 07:49:23.550"`"ER90"`"CF  03550JS666"`````"0521.074923.540 TRANS_ID: 20140521074923442549
0521.074923.550     DECL_NO >>> CF  03550JS666
0521.074923.580     STATUS=0 >>> OK
"
"2014-05-21 07:49:45.780"`"ER90"`"CF  03550JS750"`````"0521.074945.770 TRANS_ID: 20140521074945442569
0521.074945.780     DECL_NO >>> CF  03550JS750
0521.074945.810     STATUS=0 >>> OK
"
"2014-05-21 07:49:47.810"`"ER90"`"CF  03550JS602"`````"0521.074947.800 TRANS_ID: 20140521074947442570
0521.074947.810     DECL_NO >>> CF  03550JS602
0521.074947.870     STATUS=0 >>> OK
"
"2014-05-21 07:58:19.070"`"ER90"`"CF  03550JS689"`````"0521.075819.070 TRANS_ID: 20140521075818443822
0521.075819.070     DECL_NO >>> CF  03550JS689
0521.075819.100     STATUS=0 >>> OK
"
"2014-05-21 07:58:25.690"`"ER90"`"CF  03550JS665"`````"0521.075825.680 TRANS_ID: 20140521075825443818
0521.075825.690     DECL_NO >>> CF  03550JS665
0521.075825.710     STATUS=0 >>> OK
"
"2014-05-21 07:58:46.020"`"ER90"`"CF  03550JS608"`````"0521.075846.010 TRANS_ID: 20140521075845443842
0521.075846.020     DECL_NO >>> CF  03550JS608
0521.075846.040     STATUS=0 >>> OK
"
"2014-05-21 07:58:48.060"`"ER90"`"CF  03550JS634"`````"0521.075848.050 TRANS_ID: 20140521075847443843
0521.075848.060     DECL_NO >>> CF  03550JS634
0521.075848.070     STATUS=0 >>> OK
"
"2014-05-21 07:58:48.540"`"ER90"`"CF  03550JS701"`````"0521.075848.500 TRANS_ID: 20140521075848443845
0521.075848.540     DECL_NO >>> CF  03550JS701
0521.075848.580     STATUS=0 >>> OK
"
"2014-05-21 07:58:51.500"`"ER90"`"CF  03550JS864"`````"0521.075851.500 TRANS_ID: 20140521075850443847
0521.075851.500     DECL_NO >>> CF  03550JS864
0521.075851.550     STATUS=0 >>> OK
"
"2014-05-21 07:58:51.900"`"ER90"`"CF  03550JS618"`````"0521.075851.890 TRANS_ID: 20140521075851443824
0521.075851.900     DECL_NO >>> CF  03550JS618
0521.075851.910     STATUS=0 >>> OK
"
"2014-05-21 07:59:17.460"`"ER90"`"CF  03550JS638"`````"0521.075917.450 TRANS_ID: 20140521075917443826
0521.075917.460     DECL_NO >>> CF  03550JS638
0521.075917.480     STATUS=0 >>> OK
"
"2014-05-21 08:33:33.640"`"ER90"`"BC  03380H3308"`````"0521.083333.630 TRANS_ID: 20140521083332444675
0521.083333.640     DECL_NO >>> BC  03380H3308
0521.083333.670     STATUS=0 >>> OK
"
"2014-05-21 08:45:03.960"`"ER90"`"BC  03380H3375"`````"0521.084503.950 TRANS_ID: 20140521084503445615
0521.084503.960     DECL_NO >>> BC  03380H3375
0521.084503.980     STATUS=0 >>> OK
"
"2014-05-21 08:53:36.400"`"ER90"`"BTG503195B0021"`````"0521.085336.390 TRANS_ID: 20140521085335445693
0521.085336.400     DECL_NO >>> BTG503195B0021
0521.085336.420     STATUS=0 >>> OK
"
"2014-05-21 08:54:14.640"`"ER90"`"BC  03UH91W264"`````"0521.085414.630 TRANS_ID: 20140521085413445712
0521.085414.640     DECL_NO >>> BC  03UH91W264
0521.085414.680     STATUS=0 >>> OK
"
"2014-05-21 08:58:28.790"`"ER90"`"CA  0301416410"`````"0521.085828.790 TRANS_ID: 20140521085828445747
0521.085828.790     DECL_NO >>> CA  0301416410
0521.085828.810     STATUS=0 >>> OK
"
"2014-05-21 09:51:13.790"`"ER90"`"AE  0317116192"`````"0521.095113.790 TRANS_ID: 20140521095113449614
0521.095113.790     DECL_NO >>> AE  0317116192
0521.095113.820     STATUS=0 >>> OK
"
"2014-05-21 09:51:14.060"`"ER90"`"AE  0317116191"`````"0521.095114.050 TRANS_ID: 20140521095113449615
0521.095114.060     DECL_NO >>> AE  0317116191
0521.095114.070     STATUS=0 >>> OK
"
"2014-05-21 10:00:13.570"`"ER90"`"BC  03X7300154"`````"0521.100013.560 TRANS_ID: 20140521100013450534
0521.100013.570     DECL_NO >>> BC  03X7300154
0521.100013.620     STATUS=0 >>> OK
"
"2014-05-21 10:02:06.160"`"ER90"`"DAAA03156H3194"`````"0521.100206.140 TRANS_ID: 20140521100205450566
0521.100206.160     DECL_NO >>> DAAA03156H3194
0521.100206.180     STATUS=0 >>> OK
"
"2014-05-21 10:13:29.310"`"ER90"`"BF  0380003528"`````"0521.101329.300 TRANS_ID: 20140521101328450742
0521.101329.310     DECL_NO >>> BF  0380003528
0521.101329.390     STATUS=0 >>> OK
"
"2014-05-21 10:21:09.720"`"ER90"`"BAG503A04B1188"`````"0521.102109.710 TRANS_ID: 20140521102109451274
0521.102109.720     DECL_NO >>> BAG503A04B1188
0521.102109.760     STATUS=0 >>> OK
"
"2014-05-21 10:21:09.880"`"ER90"`"BAG503A04B1187"`````"0521.102109.880 TRANS_ID: 20140521102109451280
0521.102109.880     DECL_NO >>> BAG503A04B1187
0521.102109.890     STATUS=0 >>> OK
"
"2014-05-21 10:21:10.370"`"ER90"`"BAG503A04B1191"`````"0521.102110.360 TRANS_ID: 20140521102109451281
0521.102110.370     DECL_NO >>> BAG503A04B1191
0521.102110.380     STATUS=0 >>> OK
"
"2014-05-21 10:22:29.530"`"ER90"`"CSCA0320201580"`````"0521.102229.530 TRANS_ID: 20140521102229451290
0521.102229.530     DECL_NO >>> CSCA0320201580
0521.102229.560     STATUS=0 >>> OK
"
"2014-05-21 10:22:29.780"`"ER90"`"CW  0333633294"`````"0521.102229.770 TRANS_ID: 20140521102229451315
0521.102229.780     DECL_NO >>> CW  0333633294
0521.102229.830     STATUS=0 >>> OK
"
"2014-05-21 10:34:01.200"`"ER90"`"CH  0357803523"`````"0521.103401.190 TRANS_ID: 20140521103400451516
0521.103401.200     DECL_NO >>> CH  0357803523
0521.103401.220     STATUS=0 >>> OK
"
"2014-05-21 10:37:05.970"`"ER90"`"BC  03012E1607"`````"0521.103705.970 TRANS_ID: 20140521103705451592
0521.103705.970     DECL_NO >>> BC  03012E1607
0521.103706.000     STATUS=0 >>> OK
"
"2014-05-21 10:37:28.910"`"ER90"`"CE  0311545962"`````"0521.103728.900 TRANS_ID: 20140521103728451624
0521.103728.910     DECL_NO >>> CE  0311545962
0521.103728.960     STATUS=0 >>> OK
"
"2014-05-21 10:37:29.200"`"ER90"`"CG  0355065093"`````"0521.103729.190 TRANS_ID: 20140521103728451625
0521.103729.200     DECL_NO >>> CG  0355065093
0521.103729.220     STATUS=0 >>> OK
"
"2014-05-21 10:43:06.490"`"ER90"`"BD  03UH750652"`````"0521.104306.490 TRANS_ID: 20140521104306451825
0521.104306.490     DECL_NO >>> BD  03UH750652
0521.104306.510     STATUS=0 >>> OK
"
"2014-05-21 10:52:28.490"`"ER90"`"BSBF0331200725"`````"0521.105228.480 TRANS_ID: 20140521105228451984
0521.105228.490     DECL_NO >>> BSBF0331200725
0521.105228.510     STATUS=0 >>> OK
"
"2014-05-21 10:55:31.610"`"ER90"`"CA  0362063045"`````"0521.105531.600 TRANS_ID: 20140521105531452019
0521.105531.610     DECL_NO >>> CA  0362063045
0521.105531.640     STATUS=0 >>> OK
"
"2014-05-21 10:58:28.480"`"ER90"`"CA  0362063013"`````"0521.105828.470 TRANS_ID: 20140521105828452127
0521.105828.480     DECL_NO >>> CA  0362063013
0521.105828.490     STATUS=0 >>> OK
"
"2014-05-21 11:08:17.770"`"ER90"`"CW  0360700598"`````"0521.110817.770 TRANS_ID: 20140521110817452590
0521.110817.770     DECL_NO >>> CW  0360700598
0521.110817.790     STATUS=0 >>> OK
"
"2014-05-21 11:31:29.640"`"ER90"`"BSCW0331200260"`````"0521.113129.640 TRANS_ID: 20140521113129453191
0521.113129.640     DECL_NO >>> BSCW0331200260
0521.113129.680     STATUS=0 >>> OK
"
"2014-05-21 11:36:16.520"`"ER90"`"DA  03FP140152"`````"0521.113616.510 TRANS_ID: 20140521113616453289
0521.113616.520     DECL_NO >>> DA  03FP140152
0521.113616.530     STATUS=0 >>> OK
"
"2014-05-21 11:38:05.510"`"ER90"`"CA  0308313361"`````"0521.113805.500 TRANS_ID: 20140521113804453330
0521.113805.510     DECL_NO >>> CA  0308313361
0521.113805.810     STATUS=0 >>> OK
"
"2014-05-21 11:43:28.670"`"ER90"`"CSCW0301405934"`````"0521.114328.670 TRANS_ID: 20140521114328453574
0521.114328.670     DECL_NO >>> CSCW0301405934
0521.114328.740     STATUS=0 >>> OK
"
"2014-05-21 11:44:02.740"`"ER90"`"CH  0357803538"`````"0521.114402.730 TRANS_ID: 20140521114402453604
0521.114402.740     DECL_NO >>> CH  0357803538
0521.114402.760     STATUS=0 >>> OK
"
"2014-05-21 11:44:04.770"`"ER90"`"CH  0357803526"`````"0521.114404.770 TRANS_ID: 20140521114404453605
0521.114404.770     DECL_NO >>> CH  0357803526
0521.114404.800     STATUS=0 >>> OK
"
"2014-05-21 11:45:03.340"`"ER90"`"CH  0357803530"`````"0521.114503.310 TRANS_ID: 20140521114502453622
0521.114503.340     DECL_NO >>> CH  0357803530
0521.114503.370     STATUS=0 >>> OK
"
"2014-05-21 11:46:03.990"`"ER90"`"CA  0308313408"`````"0521.114603.980 TRANS_ID: 20140521114603453618
0521.114603.990     DECL_NO >>> CA  0308313408
0521.114604.010     STATUS=0 >>> OK
"
"2014-05-21 11:49:09.750"`"ER90"`"BNBF03286X2911"`````"0521.114909.740 TRANS_ID: 20140521114908453683
0521.114909.750     DECL_NO >>> BNBF03286X2911
0521.114909.780     STATUS=0 >>> OK
"
"2014-05-21 11:49:28.790"`"ER90"`"CW  0301416510"`````"0521.114928.780 TRANS_ID: 20140521114928453679
0521.114928.790     DECL_NO >>> CW  0301416510
0521.114928.840     STATUS=0 >>> OK
"
"2014-05-21 11:52:29.350"`"ER90"`"BD  03KQ654670"`````"0521.115229.350 TRANS_ID: 20140521115228453767
0521.115229.350     DECL_NO >>> BD  03KQ654670
0521.115229.370     STATUS=0 >>> OK
"
"2014-05-21 11:59:08.740"`"ER90"`"AW  03AA790014"`````"0521.115908.730 TRANS_ID: 20140521115908453895
0521.115908.740     DECL_NO >>> AW  03AA790014
0521.115908.760     STATUS=0 >>> OK
"
"2014-05-21 12:10:09.080"`"ER90"`"BD  03X7567105"`````"0521.121009.070 TRANS_ID: 20140521121008454476
0521.121009.080     DECL_NO >>> BD  03X7567105
0521.121009.120     STATUS=0 >>> OK
"
"2014-05-21 12:10:30.700"`"ER90"`"AL  03AA320120"`````"0521.121030.690 TRANS_ID: 20140521121030454510
0521.121030.700     DECL_NO >>> AL  03AA320120
0521.121030.720     STATUS=0 >>> OK
"
"2014-05-21 12:10:31.150"`"ER90"`"CH  03148H9009"`````"0521.121031.150 TRANS_ID: 20140521121030454499
0521.121031.150     DECL_NO >>> CH  03148H9009
0521.121031.170     STATUS=0 >>> OK
"
"2014-05-21 12:10:31.290"`"ER90"`"CH  03148H9024"`````"0521.121031.290 TRANS_ID: 20140521121030454512
0521.121031.290     DECL_NO >>> CH  03148H9024
0521.121031.310     STATUS=0 >>> OK
"
"2014-05-21 12:13:25.550"`"ER90"`"BF  0327400334"`````"0521.121325.540 TRANS_ID: 20140521121324454591
0521.121325.550     DECL_NO >>> BF  0327400334
0521.121325.590     STATUS=0 >>> OK
"
"2014-05-21 12:13:29.100"`"ER90"`"CSCH0320201168"`````"0521.121329.100 TRANS_ID: 20140521121328454597
0521.121329.100     DECL_NO >>> CSCH0320201168
0521.121329.170     STATUS=0 >>> OK
"
"2014-05-21 12:17:42.020"`"ER90"`"AAG503A26A0308"`````"0521.121742.010 TRANS_ID: 20140521121741454709
0521.121742.020     DECL_NO >>> AAG503A26A0308
0521.121742.050     STATUS=0 >>> OK
"
"2014-05-21 12:24:59.160"`"ER90"`"CH  03148H9019"`````"0521.122459.150 TRANS_ID: 20140521122228454844
0521.122459.160     DECL_NO >>> CH  03148H9019
0521.122459.180     STATUS=0 >>> OK
"
"2014-05-21 12:31:07.470"`"ER90"`"CSCW0320202137"`````"0521.123107.460 TRANS_ID: 20140521122829454966
0521.123107.470     DECL_NO >>> CSCW0320202137
0521.123107.520     STATUS=0 >>> OK
"
"2014-05-21 12:31:07.780"`"ER90"`"CSCH0320201171"`````"0521.123107.780 TRANS_ID: 20140521122829454987
0521.123107.780     DECL_NO >>> CSCH0320201171
0521.123107.810     STATUS=0 >>> OK
"
"2014-05-21 12:31:07.990"`"ER90"`"CSCH0320201170"`````"0521.123107.990 TRANS_ID: 20140521122829454988
0521.123107.990     DECL_NO >>> CSCH0320201170
0521.123108.000     STATUS=0 >>> OK
"
"2014-05-21 12:43:28.130"`"ER90"`"AEBC03UI146502"`````"0521.124328.130 TRANS_ID: 20140521124327455259
0521.124328.130     DECL_NO >>> AEBC03UI146502
0521.124328.150     STATUS=0 >>> OK
"
"2014-05-21 13:06:19.370"`"ER90"`"AA  0317629603"`````"0521.130619.360 TRANS_ID: 20140521130619455497
0521.130619.370     DECL_NO >>> AA  0317629603
0521.130619.400     STATUS=0 >>> OK
"
"2014-05-21 13:09:26.160"`"ER90"`"CG  030C301698"`````"0521.130926.150 TRANS_ID: 20140521130925455505
0521.130926.160     DECL_NO >>> CG  030C301698
0521.130926.190     STATUS=0 >>> OK
"
"2014-05-21 13:36:07.590"`"ER90"`"ATBC03G22F1322"`````"0521.133607.590 TRANS_ID: 20140521133607455917
0521.133607.590     DECL_NO >>> ATBC03G22F1322
0521.133607.630     STATUS=0 >>> OK
"
"2014-05-21 13:41:24.740"`"ER90"`"BF  0321450587"`````"0521.134124.740 TRANS_ID: 20140521134124456022
0521.134124.740     DECL_NO >>> BF  0321450587
0521.134124.780     STATUS=0 >>> OK
"
"2014-05-21 13:53:44.440"`"ER90"`"DAG503A10D0367"`````"0521.135344.440 TRANS_ID: 20140521135343456423
0521.135344.440     DECL_NO >>> DAG503A10D0367
0521.135344.470     STATUS=0 >>> OK
"
"2014-05-21 13:53:44.500"`"ER90"`"DAG503A10D0368"`````"0521.135344.500 TRANS_ID: 20140521135344456424
0521.135344.500     DECL_NO >>> DAG503A10D0368
0521.135344.510     STATUS=0 >>> OK
"
"2014-05-21 13:55:30.900"`"ER90"`"CW  0378408342"`````"0521.135530.890 TRANS_ID: 20140521135530456461
0521.135530.900     DECL_NO >>> CW  0378408342
0521.135531.030     STATUS=0 >>> OK
"
"2014-05-21 14:02:13.110"`"ER90"`"BE  03380A0116"`````"0521.140213.110 TRANS_ID: 20140521140212456559
0521.140213.110     DECL_NO >>> BE  03380A0116
0521.140213.130     STATUS=0 >>> OK
"
"2014-05-21 14:36:45.540"`"ER90"`"CW  030C301696"`````"0521.143645.540 TRANS_ID: 20140521143645459415
0521.143645.540     DECL_NO >>> CW  030C301696
0521.143645.580     STATUS=0 >>> OK
"
"2014-05-21 14:36:45.670"`"ER90"`"CW  0310704000"`````"0521.143645.660 TRANS_ID: 20140521143645459436
0521.143645.670     DECL_NO >>> CW  0310704000
0521.143645.690     STATUS=0 >>> OK
"
"2014-05-21 14:40:14.330"`"ER90"`"BC  03188E4374"`````"0521.144014.320 TRANS_ID: 20140521144013459504
0521.144014.330     DECL_NO >>> BC  03188E4374
0521.144014.370     STATUS=0 >>> OK
"
"2014-05-21 14:41:44.800"`"ER90"`"BNBF03286X2912"`````"0521.144144.790 TRANS_ID: 20140521144144459533
0521.144144.800     DECL_NO >>> BNBF03286X2912
0521.144144.810     STATUS=0 >>> OK
"
"2014-05-21 14:53:48.040"`"ER90"`"CH  03148H8977"`````"0521.145348.030 TRANS_ID: 20140521145347459925
0521.145348.040     DECL_NO >>> CH  03148H8977
0521.145348.070     STATUS=0 >>> OK
"
"2014-05-21 14:53:48.310"`"ER90"`"CH  03148H9000"`````"0521.145348.310 TRANS_ID: 20140521145347459926
0521.145348.310     DECL_NO >>> CH  03148H9000
0521.145348.330     STATUS=0 >>> OK
"
"2014-05-21 14:55:31.780"`"ER90"`"CW  0308312159"`````"0521.145531.770 TRANS_ID: 20140521145531459954
0521.145531.780     DECL_NO >>> CW  0308312159
0521.145531.820     STATUS=0 >>> OK
"
"2014-05-21 15:04:45.730"`"ER90"`"BNBF03195U8178"`````"0521.150445.730 TRANS_ID: 20140521150445460178
0521.150445.730     DECL_NO >>> BNBF03195U8178
0521.150445.750     STATUS=0 >>> OK
"
"2014-05-21 15:04:45.960"`"ER90"`"BNBF03195U8179"`````"0521.150445.960 TRANS_ID: 20140521150445460181
0521.150445.960     DECL_NO >>> BNBF03195U8179
0521.150445.980     STATUS=0 >>> OK
"
"2014-05-21 15:04:46.370"`"ER90"`"BNBF03195U8180"`````"0521.150446.360 TRANS_ID: 20140521150445460179
0521.150446.370     DECL_NO >>> BNBF03195U8180
0521.150446.400     STATUS=0 >>> OK
"
"2014-05-21 15:05:53.430"`"ER90"`"BD  03X7261192"`````"0521.150553.420 TRANS_ID: 20140521150553460325
0521.150553.430     DECL_NO >>> BD  03X7261192
0521.150553.440     STATUS=0 >>> OK
"
"2014-05-21 15:05:54.620"`"ER90"`"CH  0300801375"`````"0521.150554.610 TRANS_ID: 20140521150554460329
0521.150554.620     DECL_NO >>> CH  0300801375
0521.150554.650     STATUS=0 >>> OK
"
"2014-05-21 15:06:39.950"`"ER90"`"CW  0307805054"`````"0521.150639.950 TRANS_ID: 20140521150639460367
0521.150639.950     DECL_NO >>> CW  0307805054
0521.150639.990     STATUS=0 >>> OK
"
"2014-05-21 15:07:30.390"`"ER90"`"CSCH0301402946"`````"0521.150730.380 TRANS_ID: 20140521150730460378
0521.150730.390     DECL_NO >>> CSCH0301402946
0521.150730.430     STATUS=0 >>> OK
"
"2014-05-21 15:16:28.830"`"ER90"`"CSCA0301403410"`````"0521.151628.780 TRANS_ID: 20140521151628460595
0521.151628.830     DECL_NO >>> CSCA0301403410
0521.151628.890     STATUS=0 >>> OK
"
"2014-05-21 15:26:53.990"`"ER90"`"BC  03KR187629"`````"0521.152653.980 TRANS_ID: 20140521152653460892
0521.152653.990     DECL_NO >>> BC  03KR187629
0521.152654.030     STATUS=0 >>> OK
"
"2014-05-21 15:43:15.370"`"ER90"`"AA  0317110201"`````"0521.154315.360 TRANS_ID: 20140521154314461292
0521.154315.370     DECL_NO >>> AA  0317110201
0521.154315.390     STATUS=0 >>> OK
"
"2014-05-21 15:43:47.240"`"ER90"`"BNBF03195Y1202"`````"0521.154347.240 TRANS_ID: 20140521154346461320
0521.154347.240     DECL_NO >>> BNBF03195Y1202
0521.154347.260     STATUS=0 >>> OK
"
"2014-05-21 15:49:30.170"`"ER90"`"BNBF03286X2923"`````"0521.154930.160 TRANS_ID: 20140521154929461481
0521.154930.170     DECL_NO >>> BNBF03286X2923
0521.154930.180     STATUS=0 >>> OK
"
"2014-05-21 15:49:30.540"`"ER90"`"CW  0330445947"`````"0521.154930.530 TRANS_ID: 20140521154930461501
0521.154930.540     DECL_NO >>> CW  0330445947
0521.154930.590     STATUS=0 >>> OK
"
"2014-05-21 15:59:02.550"`"ER90"`"BFCG03124J1424"`````"0521.155902.550 TRANS_ID: 20140521155902461685
0521.155902.550     DECL_NO >>> BFCG03124J1424
0521.155902.660     STATUS=0 >>> OK
"
"2014-05-21 16:04:28.770"`"ER90"`"DA  03FQ182701"`````"0521.160428.760 TRANS_ID: 20140521160428461843
0521.160428.770     DECL_NO >>> DA  03FQ182701
0521.160428.790     STATUS=0 >>> OK
"
"2014-05-21 16:11:48.220"`"ER90"`"BAG503A04B1195"`````"0521.161148.210 TRANS_ID: 20140521161147462015
0521.161148.220     DECL_NO >>> BAG503A04B1195
0521.161148.240     STATUS=0 >>> OK
"
"2014-05-21 16:12:17.040"`"ER90"`"BF  0325900142"`````"0521.161217.030 TRANS_ID: 20140521161216462034
0521.161217.040     DECL_NO >>> BF  0325900142
0521.161217.060     STATUS=0 >>> OK
"
"2014-05-21 16:13:46.900"`"ER90"`"BNBF03018V1557"`````"0521.161346.890 TRANS_ID: 20140521161346462085
0521.161346.900     DECL_NO >>> BNBF03018V1557
0521.161346.920     STATUS=0 >>> OK
"
"2014-05-21 16:25:38.260"`"ER90"`"CG  030C301698"`````"0521.162538.250 TRANS_ID: 20140521162537462315
0521.162538.260     DECL_NO >>> CG  030C301698
0521.162538.280     STATUS=0 >>> OK
"
"2014-05-21 16:28:30.480"`"ER90"`"CA  0333633327"`````"0521.162830.470 TRANS_ID: 20140521162830462503
0521.162830.480     DECL_NO >>> CA  0333633327
0521.162830.500     STATUS=0 >>> OK
"
"2014-05-21 16:31:30.400"`"ER90"`"CH  0308882906"`````"0521.163130.390 TRANS_ID: 20140521163129462602
0521.163130.400     DECL_NO >>> CH  0308882906
0521.163130.430     STATUS=0 >>> OK
"
"2014-05-21 16:42:17.680"`"ER90"`"BC  03171P0228"`````"0521.164217.680 TRANS_ID: 20140521164217462777
0521.164217.680     DECL_NO >>> BC  03171P0228
0521.164217.700     STATUS=0 >>> OK
"
"2014-05-21 16:58:17.850"`"ER90"`"BNCG03018V1137"`````"0521.165817.840 TRANS_ID: 20140521165817463370
0521.165817.850     DECL_NO >>> BNCG03018V1137
0521.165817.870     STATUS=0 >>> OK
"
"2014-05-21 17:21:12.800"`"ER90"`"CG  0337663658"`````"0521.172112.800 TRANS_ID: 20140521172112464274
0521.172112.800     DECL_NO >>> CG  0337663658
0521.172112.830     STATUS=0 >>> OK
"
"2014-05-21 17:21:14.790"`"ER90"`"CG  03376QF411"`````"0521.172114.780 TRANS_ID: 20140521172114464275
0521.172114.790     DECL_NO >>> CG  03376QF411
0521.172114.820     STATUS=0 >>> OK
"
"2014-05-21 17:21:42.980"`"ER90"`"CG  030C301698"`````"0521.172142.970 TRANS_ID: 20140521172142464288
0521.172142.980     DECL_NO >>> CG  030C301698
0521.172143.000     STATUS=0 >>> OK
"
"2014-05-21 17:22:30.640"`"ER90"`"CW  0337504151"`````"0521.172230.630 TRANS_ID: 20140521172230464317
0521.172230.640     DECL_NO >>> CW  0337504151
0521.172230.670     STATUS=0 >>> OK
"
"2014-05-21 17:26:28.780"`"ER90"`"BE  03UI092589"`````"0521.172628.770 TRANS_ID: 20140521172628464440
0521.172628.780     DECL_NO >>> BE  03UI092589
0521.172628.800     STATUS=0 >>> OK
"
"2014-05-21 17:29:50.780"`"ER90"`"BNCF03018V1459"`````"0521.172950.770 TRANS_ID: 20140521172950464724
0521.172950.780     DECL_NO >>> BNCF03018V1459
0521.172950.810     STATUS=0 >>> OK
"
"2014-05-21 17:38:13.930"`"ER90"`"BSCA0331450055"`````"0521.173813.930 TRANS_ID: 20140521173813464908
0521.173813.930     DECL_NO >>> BSCA0331450055
0521.173813.970     STATUS=0 >>> OK
"
"2014-05-21 17:39:45.420"`"ER90"`"CA  0365502426"`````"0521.173945.410 TRANS_ID: 20140521173945464946
0521.173945.420     DECL_NO >>> CA  0365502426
0521.173945.460     STATUS=0 >>> OK
"
"2014-05-21 17:43:28.610"`"ER90"`"CG  030C301698"`````"0521.174328.610 TRANS_ID: 20140521174328465061
0521.174328.610     DECL_NO >>> CG  030C301698
0521.174328.640     STATUS=0 >>> OK
"
"2014-05-21 17:44:28.370"`"ER90"`"BD  03UI764091"`````"0521.174428.370 TRANS_ID: 20140521174427465102
0521.174428.370     DECL_NO >>> BD  03UI764091
0521.174428.420     STATUS=0 >>> OK
"
"2014-05-21 17:51:51.210"`"ER90"`"CU  0343509543"`````"0521.175151.200 TRANS_ID: 20140521175150465314
0521.175151.210     DECL_NO >>> CU  0343509543
0521.175151.230     STATUS=0 >>> OK
"
"2014-05-21 17:52:15.190"`"ER90"`"CH  0309602038"`````"0521.175215.150 TRANS_ID: 20140521175214465321
0521.175215.190     DECL_NO >>> CH  0309602038
0521.175215.220     STATUS=0 >>> OK
"
"2014-05-21 17:52:29.930"`"ER90"`"CH  0308810933"`````"0521.175229.920 TRANS_ID: 20140521175229465359
0521.175229.930     DECL_NO >>> CH  0308810933
0521.175229.960     STATUS=0 >>> OK
"
"2014-05-21 18:00:50.880"`"ER90"`"BNCG03018V1136"`````"0521.180050.880 TRANS_ID: 20140521180050465520
0521.180050.880     DECL_NO >>> BNCG03018V1136
0521.180050.900     STATUS=0 >>> OK
"
"2014-05-21 18:04:29.220"`"ER90"`"BSCA0333900184"`````"0521.180429.210 TRANS_ID: 20140521180428465569
0521.180429.220     DECL_NO >>> BSCA0333900184
0521.180429.250     STATUS=0 >>> OK
"
"2014-05-21 18:13:29.320"`"ER90"`"BSCH0333900374"`````"0521.181329.320 TRANS_ID: 20140521181328465669
0521.181329.320     DECL_NO >>> BSCH0333900374
0521.181329.350     STATUS=0 >>> OK
"
"2014-05-21 18:16:30.970"`"ER90"`"CG  0362063247"`````"0521.181630.960 TRANS_ID: 20140521181630465703
0521.181630.970     DECL_NO >>> CG  0362063247
0521.181631.040     STATUS=0 >>> OK
"
"2014-05-21 18:19:29.470"`"ER90"`"CW  0322365TJB"`````"0521.181929.460 TRANS_ID: 20140521181929465731
0521.181929.470     DECL_NO >>> CW  0322365TJB
0521.181929.490     STATUS=0 >>> OK
"
"2014-05-21 18:22:30.850"`"ER90"`"CW  0322365TXE"`````"0521.182230.850 TRANS_ID: 20140521182230465777
0521.182230.850     DECL_NO >>> CW  0322365TXE
0521.182230.870     STATUS=0 >>> OK
"
"2014-05-21 18:26:14.650"`"ER90"`"CF  03550JV918"`````"0521.182614.650 TRANS_ID: 20140521182614465820
0521.182614.650     DECL_NO >>> CF  03550JV918
0521.182614.670     STATUS=0 >>> OK
"
"2014-05-21 18:36:14.460"`"ER90"`"CF  03550JV828"`````"0521.183614.450 TRANS_ID: 20140521183613465908
0521.183614.460     DECL_NO >>> CF  03550JV828
0521.183614.480     STATUS=0 >>> OK
"
"2014-05-21 18:36:16.800"`"ER90"`"CF  03550JV644"`````"0521.183616.800 TRANS_ID: 20140521183616465909
0521.183616.800     DECL_NO >>> CF  03550JV644
0521.183616.820     STATUS=0 >>> OK
"
"2014-05-21 18:36:16.870"`"ER90"`"CF  03550JS918"`````"0521.183616.870 TRANS_ID: 20140521183616465910
0521.183616.870     DECL_NO >>> CF  03550JS918
0521.183616.890     STATUS=0 >>> OK
"
"2014-05-21 18:38:15.850"`"ER90"`"CF  03550JV873"`````"0521.183815.840 TRANS_ID: 20140521183815465940
0521.183815.850     DECL_NO >>> CF  03550JV873
0521.183815.880     STATUS=0 >>> OK
"
"2014-05-21 18:38:15.990"`"ER90"`"CF  03550JV788"`````"0521.183815.990 TRANS_ID: 20140521183815465929
0521.183815.990     DECL_NO >>> CF  03550JV788
0521.183816.040     STATUS=0 >>> OK
"
"2014-05-21 18:38:16.450"`"ER90"`"CF  03550JV822"`````"0521.183816.440 TRANS_ID: 20140521183816465942
0521.183816.450     DECL_NO >>> CF  03550JV822
0521.183816.470     STATUS=0 >>> OK
"
"2014-05-21 18:38:16.490"`"ER90"`"CF  03550JV801"`````"0521.183816.490 TRANS_ID: 20140521183816465943
0521.183816.490     DECL_NO >>> CF  03550JV801
0521.183816.520     STATUS=0 >>> OK
"
"2014-05-21 18:40:15.680"`"ER90"`"CF  03550JV695"`````"0521.184015.670 TRANS_ID: 20140521184015465963
0521.184015.680     DECL_NO >>> CF  03550JV695
0521.184015.720     STATUS=0 >>> OK
"
"2014-05-21 18:43:15.070"`"ER90"`"CF  03550JU921"`````"0521.184315.070 TRANS_ID: 20140521184314466009
0521.184315.070     DECL_NO >>> CF  03550JU921
0521.184315.100     STATUS=0 >>> OK
"
"2014-05-21 18:45:14.810"`"ER90"`"CX  0322365TFQ"`````"0521.184514.810 TRANS_ID: 20140521184514466040
0521.184514.810     DECL_NO >>> CX  0322365TFQ
0521.184514.850     STATUS=0 >>> OK
"
"2014-05-21 18:46:30.330"`"ER90"`"CH  0301491440"`````"0521.184630.320 TRANS_ID: 20140521184629466051
0521.184630.330     DECL_NO >>> CH  0301491440
0521.184630.380     STATUS=0 >>> OK
"
"2014-05-21 18:50:16.150"`"ER90"`"CF  03550JX311"`````"0521.185016.140 TRANS_ID: 20140521185015466068
0521.185016.150     DECL_NO >>> CF  03550JX311
0521.185016.170     STATUS=0 >>> OK
"
"2014-05-21 18:50:16.220"`"ER90"`"CF  03550JX361"`````"0521.185016.200 TRANS_ID: 20140521185015466069
0521.185016.220     DECL_NO >>> CF  03550JX361
0521.185016.230     STATUS=0 >>> OK
"
"2014-05-21 18:53:30.570"`"ER90"`"DA  03FQ057401"`````"0521.185330.560 TRANS_ID: 20140521185330466129
0521.185330.570     DECL_NO >>> DA  03FQ057401
0521.185330.590     STATUS=0 >>> OK
"
"2014-05-21 18:54:15.750"`"ER90"`"CF  03550JX123"`````"0521.185415.750 TRANS_ID: 20140521185415466130
0521.185415.750     DECL_NO >>> CF  03550JX123
0521.185415.770     STATUS=0 >>> OK
"
"2014-05-21 18:57:35.530"`"ER90"`"CX  0322365UUK"`````"0521.185735.520 TRANS_ID: 20140521185735466161
0521.185735.530     DECL_NO >>> CX  0322365UUK
0521.185735.550     STATUS=0 >>> OK
"
"2014-05-21 18:58:29.810"`"ER90"`"CX  0322365TSL"`````"0521.185829.810 TRANS_ID: 20140521185829466170
0521.185829.810     DECL_NO >>> CX  0322365TSL
0521.185829.830     STATUS=0 >>> OK
"
"2014-05-21 18:59:20.600"`"ER90"`"CF  03550JW064"`````"0521.185920.590 TRANS_ID: 20140521185920466171
0521.185920.600     DECL_NO >>> CF  03550JW064
0521.185920.620     STATUS=0 >>> OK
"
"2014-05-21 19:07:31.020"`"ER90"`"CW  0308312166"`````"0521.190731.020 TRANS_ID: 20140521190730466226
0521.190731.020     DECL_NO >>> CW  0308312166
0521.190731.050     STATUS=0 >>> OK
"
"2014-05-21 19:13:30.840"`"ER90"`"CF  03550JX486"`````"0521.191330.830 TRANS_ID: 20140521191330466268
0521.191330.840     DECL_NO >>> CF  03550JX486
0521.191330.860     STATUS=0 >>> OK
"
"2014-05-21 19:21:16.480"`"ER90"`"CF  03550JV378"`````"0521.192116.470 TRANS_ID: 20140521192115466309
0521.192116.480     DECL_NO >>> CF  03550JV378
0521.192116.500     STATUS=0 >>> OK
"
"2014-05-21 19:25:30.540"`"ER90"`"CF  03550JV575"`````"0521.192530.540 TRANS_ID: 20140521192530466316
0521.192530.540     DECL_NO >>> CF  03550JV575
0521.192530.560     STATUS=0 >>> OK
"
"2014-05-21 19:31:29.220"`"ER90"`"CF  03550JV985"`````"0521.193129.220 TRANS_ID: 20140521193128466498
0521.193129.220     DECL_NO >>> CF  03550JV985
0521.193129.260     STATUS=0 >>> OK
"
"2014-05-21 19:31:29.280"`"ER90"`"CF  03550JV993"`````"0521.193129.280 TRANS_ID: 20140521193128466499
0521.193129.280     DECL_NO >>> CF  03550JV993
0521.193129.290     STATUS=0 >>> OK
"
"2014-05-21 19:31:29.390"`"ER90"`"CF  03550JW058"`````"0521.193129.380 TRANS_ID: 20140521193128466500
0521.193129.390     DECL_NO >>> CF  03550JW058
0521.193129.400     STATUS=0 >>> OK
"
"2014-05-21 19:34:30.050"`"ER90"`"CF  03550JX481"`````"0521.193430.040 TRANS_ID: 20140521193429466504
0521.193430.050     DECL_NO >>> CF  03550JX481
0521.193430.070     STATUS=0 >>> OK
"
"2014-05-21 19:37:29.110"`"ER90"`"CF  03550JX501"`````"0521.193729.080 TRANS_ID: 20140521193728466511
0521.193729.110     DECL_NO >>> CF  03550JX501
0521.193729.130     STATUS=0 >>> OK
"
"2014-05-21 19:41:08.950"`"ER90"`"CF  03550JX124"`````"0521.194108.950 TRANS_ID: 20140521194108466581
0521.194108.950     DECL_NO >>> CF  03550JX124
0521.194108.980     STATUS=0 >>> OK
"
"2014-05-21 19:43:30.180"`"ER90"`"CX  0322365SSB"`````"0521.194330.170 TRANS_ID: 20140521194329466590
0521.194330.180     DECL_NO >>> CX  0322365SSB
0521.194330.200     STATUS=0 >>> OK
"
"2014-05-21 20:04:29.230"`"ER90"`"CW  0308367169"`````"0521.200429.220 TRANS_ID: 20140521200428466756
0521.200429.230     DECL_NO >>> CW  0308367169
0521.200429.260     STATUS=0 >>> OK
"
"2014-05-21 20:10:19.950"`"ER90"`"CX  0322365UNG"`````"0521.201019.940 TRANS_ID: 20140521201017466779
0521.201019.950     DECL_NO >>> CX  0322365UNG
0521.201019.970     STATUS=0 >>> OK
"
"2014-05-21 20:19:18.810"`"ER90"`"CF  03550JV319"`````"0521.201918.800 TRANS_ID: 20140521201918467162
0521.201918.810     DECL_NO >>> CF  03550JV319
0521.201918.850     STATUS=0 >>> OK
"
"2014-05-21 20:19:19.280"`"ER90"`"CF  03550JV376"`````"0521.201919.280 TRANS_ID: 20140521201918467163
0521.201919.280     DECL_NO >>> CF  03550JV376
0521.201919.310     STATUS=0 >>> OK
"
"2014-05-21 20:25:49.750"`"ER90"`"CF  03550JV838"`````"0521.202549.730 TRANS_ID: 20140521202549467180
0521.202549.750     DECL_NO >>> CF  03550JV838
0521.202549.780     STATUS=0 >>> OK
"
"2014-05-21 20:25:50.620"`"ER90"`"CX  0322365ULG"`````"0521.202550.610 TRANS_ID: 20140521202550467200
0521.202550.620     DECL_NO >>> CX  0322365ULG
0521.202550.650     STATUS=0 >>> OK
"
"2014-05-21 20:27:19.080"`"ER90"`"CF  03550JU382"`````"0521.202719.070 TRANS_ID: 20140521202718467189
0521.202719.080     DECL_NO >>> CF  03550JU382
0521.202719.100     STATUS=0 >>> OK
"
"2014-05-21 20:28:19.460"`"ER90"`"CX  0322312YAX"`````"0521.202819.450 TRANS_ID: 20140521202819467577
0521.202819.460     DECL_NO >>> CX  0322312YAX
0521.202819.470     STATUS=0 >>> OK
"
"2014-05-21 20:29:05.250"`"ER90"`"CX  0322365SQH"`````"0521.202905.250 TRANS_ID: 20140521202904467584
0521.202905.250     DECL_NO >>> CX  0322365SQH
0521.202905.270     STATUS=0 >>> OK
"
"2014-05-21 20:29:07.690"`"ER90"`"CX  0322365SNP"`````"0521.202907.680 TRANS_ID: 20140521202907467193
0521.202907.690     DECL_NO >>> CX  0322365SNP
0521.202907.720     STATUS=0 >>> OK
"
"2014-05-21 20:29:35.880"`"ER90"`"CX  0322365SNC"`````"0521.202935.880 TRANS_ID: 20140521202935467588
0521.202935.880     DECL_NO >>> CX  0322365SNC
0521.202935.910     STATUS=0 >>> OK
"
"2014-05-21 20:29:37.760"`"ER90"`"CX  0322365SPD"`````"0521.202937.750 TRANS_ID: 20140521202937467198
0521.202937.760     DECL_NO >>> CX  0322365SPD
0521.202937.780     STATUS=0 >>> OK
"
"2014-05-21 20:29:38.100"`"ER90"`"CX  0322365SQP"`````"0521.202938.090 TRANS_ID: 20140521202937467199
0521.202938.100     DECL_NO >>> CX  0322365SQP
0521.202938.120     STATUS=0 >>> OK
"
"2014-05-21 20:29:38.210"`"ER90"`"CX  0322365SMH"`````"0521.202938.210 TRANS_ID: 20140521202937467589
0521.202938.210     DECL_NO >>> CX  0322365SMH
0521.202938.240     STATUS=0 >>> OK
"
"2014-05-21 20:31:19.040"`"ER90"`"CF  03550JX260"`````"0521.203119.030 TRANS_ID: 20140521203118467595
0521.203119.040     DECL_NO >>> CF  03550JX260
0521.203119.050     STATUS=0 >>> OK
"
"2014-05-21 20:37:07.530"`"ER90"`"CX  0322365SNL"`````"0521.203707.520 TRANS_ID: 20140521203706467656
0521.203707.530     DECL_NO >>> CX  0322365SNL
0521.203707.560     STATUS=0 >>> OK
"
"2014-05-21 20:37:07.760"`"ER90"`"CX  0322365SNV"`````"0521.203707.750 TRANS_ID: 20140521203706467666
0521.203707.760     DECL_NO >>> CX  0322365SNV
0521.203707.770     STATUS=0 >>> OK
"
"2014-05-21 20:48:36.920"`"ER90"`"CX  0322365SHM"`````"0521.204836.920 TRANS_ID: 20140521204836467769
0521.204836.920     DECL_NO >>> CX  0322365SHM
0521.204836.950     STATUS=0 >>> OK
"
"2014-05-21 20:48:37.060"`"ER90"`"CX  0322365SJA"`````"0521.204837.060 TRANS_ID: 20140521204836468171
0521.204837.060     DECL_NO >>> CX  0322365SJA
0521.204837.070     STATUS=0 >>> OK
"
"2014-05-21 20:55:30.790"`"ER90"`"CX  0322365VCY"`````"0521.205530.780 TRANS_ID: 20140521205530468543
0521.205530.790     DECL_NO >>> CX  0322365VCY
0521.205530.840     STATUS=0 >>> OK
"
"2014-05-21 20:58:31.250"`"ER90"`"CX  0322312XZR"`````"0521.205831.250 TRANS_ID: 20140521205830468563
0521.205831.250     DECL_NO >>> CX  0322312XZR
0521.205831.270     STATUS=0 >>> OK
"
"2014-05-21 21:02:23.530"`"ER90"`"CU  0357B27174"`````"0521.210223.520 TRANS_ID: 20140521210223468587
0521.210223.530     DECL_NO >>> CU  0357B27174
0521.210223.570     STATUS=0 >>> OK
"
"2014-05-21 21:09:35.610"`"ER90"`"CX  0322365TFW"`````"0521.210935.610 TRANS_ID: 20140521210935469639
0521.210935.610     DECL_NO >>> CX  0322365TFW
0521.210935.640     STATUS=0 >>> OK
"
"2014-05-21 21:09:35.760"`"ER90"`"CX  0322365TPU"`````"0521.210935.750 TRANS_ID: 20140521210935469640
0521.210935.760     DECL_NO >>> CX  0322365TPU
0521.210935.770     STATUS=0 >>> OK
"
"2014-05-21 21:13:36.600"`"ER90"`"CX  0322365VEF"`````"0521.211336.590 TRANS_ID: 20140521211336469647
0521.211336.600     DECL_NO >>> CX  0322365VEF
0521.211336.640     STATUS=0 >>> OK
"
"2014-05-21 21:13:36.800"`"ER90"`"CX  0322365SJX"`````"0521.211336.790 TRANS_ID: 20140521211336469648
0521.211336.800     DECL_NO >>> CX  0322365SJX
0521.211336.810     STATUS=0 >>> OK
"
"2014-05-21 21:13:38.940"`"ER90"`"CX  0322365SKT"`````"0521.211338.930 TRANS_ID: 20140521211338469651
0521.211338.940     DECL_NO >>> CX  0322365SKT
0521.211338.960     STATUS=0 >>> OK
"
"2014-05-21 21:13:41.480"`"ER90"`"CX  0322365TMJ"`````"0521.211341.480 TRANS_ID: 20140521211340469653
0521.211341.480     DECL_NO >>> CX  0322365TMJ
0521.211341.500     STATUS=0 >>> OK
"
"2014-05-21 21:13:41.620"`"ER90"`"CX  0322365USG"`````"0521.211341.620 TRANS_ID: 20140521211340469654
0521.211341.620     DECL_NO >>> CX  0322365USG
0521.211341.630     STATUS=0 >>> OK
"
"2014-05-21 21:17:36.190"`"ER90"`"CX  0322365SFE"`````"0521.211736.180 TRANS_ID: 20140521211735469686
0521.211736.190     DECL_NO >>> CX  0322365SFE
0521.211736.210     STATUS=0 >>> OK
"
"2014-05-21 21:17:36.580"`"ER90"`"CX  0322365SHU"`````"0521.211736.570 TRANS_ID: 20140521211736469687
0521.211736.580     DECL_NO >>> CX  0322365SHU
0521.211736.620     STATUS=0 >>> OK
"
"2014-05-21 21:17:40.800"`"ER90"`"CX  0322365SHL"`````"0521.211740.790 TRANS_ID: 20140521211740469697
0521.211740.800     DECL_NO >>> CX  0322365SHL
0521.211740.840     STATUS=0 >>> OK
"
"2014-05-21 21:17:41.050"`"ER90"`"CX  0322365VFS"`````"0521.211741.040 TRANS_ID: 20140521211740469698
0521.211741.050     DECL_NO >>> CX  0322365VFS
0521.211741.120     STATUS=0 >>> OK
"
"2014-05-21 21:21:37.320"`"ER90"`"CX  0322365VFX"`````"0521.212137.320 TRANS_ID: 20140521212136469703
0521.212137.320     DECL_NO >>> CX  0322365VFX
0521.212137.340     STATUS=0 >>> OK
"
"2014-05-21 21:21:37.440"`"ER90"`"CX  0322365THE"`````"0521.212137.430 TRANS_ID: 20140521212136469704
0521.212137.440     DECL_NO >>> CX  0322365THE
0521.212137.450     STATUS=0 >>> OK
"
"2014-05-21 21:21:39.910"`"ER90"`"CX  0322365SEU"`````"0521.212139.900 TRANS_ID: 20140521212139469706
0521.212139.910     DECL_NO >>> CX  0322365SEU
0521.212139.930     STATUS=0 >>> OK
"
"2014-05-21 21:21:40.000"`"ER90"`"CX  0322365THA"`````"0521.212140.000 TRANS_ID: 20140521212139469707
0521.212140.000     DECL_NO >>> CX  0322365THA
0521.212140.010     STATUS=0 >>> OK
"
"2014-05-21 21:21:40.120"`"ER90"`"CX  0322365SHY"`````"0521.212140.110 TRANS_ID: 20140521212139469724
0521.212140.120     DECL_NO >>> CX  0322365SHY
0521.212140.120     STATUS=0 >>> OK
"
"2014-05-21 21:23:43.340"`"ER90"`"CX  0322365TQG"`````"0521.212343.280 TRANS_ID: 20140521212342469715
0521.212343.340     DECL_NO >>> CX  0322365TQG
0521.212343.360     STATUS=0 >>> OK
"
"2014-05-21 21:23:43.390"`"ER90"`"CX  0322365TEB"`````"0521.212343.390 TRANS_ID: 20140521212342469731
0521.212343.390     DECL_NO >>> CX  0322365TEB
0521.212343.400     STATUS=0 >>> OK
"
"2014-05-21 21:25:39.050"`"ER90"`"CX  0322365TKZ"`````"0521.212539.050 TRANS_ID: 20140521212538469734
0521.212539.050     DECL_NO >>> CX  0322365TKZ
0521.212539.100     STATUS=0 >>> OK
"
"2014-05-21 21:25:39.440"`"ER90"`"CX  0322365TGF"`````"0521.212539.440 TRANS_ID: 20140521212538469735
0521.212539.440     DECL_NO >>> CX  0322365TGF
0521.212539.460     STATUS=0 >>> OK
"
"2014-05-21 21:27:35.440"`"ER90"`"CX  0322365TCK"`````"0521.212735.430 TRANS_ID: 20140521212735469745
0521.212735.440     DECL_NO >>> CX  0322365TCK
0521.212735.460     STATUS=0 >>> OK
"
"2014-05-21 21:29:37.760"`"ER90"`"CX  0322365UZQ"`````"0521.212937.750 TRANS_ID: 20140521212937469765
0521.212937.760     DECL_NO >>> CX  0322365UZQ
0521.212937.790     STATUS=0 >>> OK
"
"2014-05-21 21:29:38.050"`"ER90"`"CX  0322365UZW"`````"0521.212938.040 TRANS_ID: 20140521212937469756
0521.212938.050     DECL_NO >>> CX  0322365UZW
0521.212938.160     STATUS=0 >>> OK
"
"2014-05-21 21:29:38.260"`"ER90"`"CX  0322365VAQ"`````"0521.212938.250 TRANS_ID: 20140521212937469766
0521.212938.260     DECL_NO >>> CX  0322365VAQ
0521.212938.270     STATUS=0 >>> OK
"
"2014-05-21 21:29:40.350"`"ER90"`"CX  0322365UZF"`````"0521.212940.350 TRANS_ID: 20140521212939469757
0521.212940.350     DECL_NO >>> CX  0322365UZF
0521.212940.370     STATUS=0 >>> OK
"
"2014-05-21 21:29:40.460"`"ER90"`"CX  0322365VBX"`````"0521.212940.460 TRANS_ID: 20140521212939469758
0521.212940.460     DECL_NO >>> CX  0322365VBX
0521.212940.460     STATUS=0 >>> OK
"
"2014-05-21 21:33:35.250"`"ER90"`"CX  0322365ULH"`````"0521.213335.250 TRANS_ID: 20140521213334471282
0521.213335.250     DECL_NO >>> CX  0322365ULH
0521.213335.280     STATUS=0 >>> OK
"
"2014-05-21 21:33:37.280"`"ER90"`"CX  0322365TCE"`````"0521.213337.280 TRANS_ID: 20140521213336471283
0521.213337.280     DECL_NO >>> CX  0322365TCE
0521.213337.300     STATUS=0 >>> OK
"
"2014-05-21 21:33:37.340"`"ER90"`"CX  0322365TJX"`````"0521.213337.340 TRANS_ID: 20140521213336471266
0521.213337.340     DECL_NO >>> CX  0322365TJX
0521.213337.390     STATUS=0 >>> OK
"
"2014-05-21 21:33:37.420"`"ER90"`"CX  0322365UME"`````"0521.213337.410 TRANS_ID: 20140521213337471284
0521.213337.420     DECL_NO >>> CX  0322365UME
0521.213337.430     STATUS=0 >>> OK
"
"2014-05-21 21:33:39.680"`"ER90"`"CX  0322365TKG"`````"0521.213339.670 TRANS_ID: 20140521213339471286
0521.213339.680     DECL_NO >>> CX  0322365TKG
0521.213339.690     STATUS=0 >>> OK
"
"2014-05-21 21:33:39.720"`"ER90"`"CX  0322365ULX"`````"0521.213339.710 TRANS_ID: 20140521213339471287
0521.213339.720     DECL_NO >>> CX  0322365ULX
0521.213339.740     STATUS=0 >>> OK
"
"2014-05-21 21:33:39.850"`"ER90"`"CX  0322365ULE"`````"0521.213339.850 TRANS_ID: 20140521213339471268
0521.213339.850     DECL_NO >>> CX  0322365ULE
0521.213339.860     STATUS=0 >>> OK
"
"2014-05-21 21:33:39.880"`"ER90"`"CX  0322365TGP"`````"0521.213339.880 TRANS_ID: 20140521213339471288
0521.213339.880     DECL_NO >>> CX  0322365TGP
0521.213339.890     STATUS=0 >>> OK
"
"2014-05-21 21:33:41.830"`"ER90"`"CX  0322365THX"`````"0521.213341.830 TRANS_ID: 20140521213341471289
0521.213341.830     DECL_NO >>> CX  0322365THX
0521.213341.850     STATUS=0 >>> OK
"
"2014-05-21 21:33:42.140"`"ER90"`"CX  0322365UJK"`````"0521.213342.130 TRANS_ID: 20140521213341471290
0521.213342.140     DECL_NO >>> CX  0322365UJK
0521.213342.160     STATUS=0 >>> OK
"
"2014-05-21 21:33:42.180"`"ER90"`"CX  0322365UHX"`````"0521.213342.170 TRANS_ID: 20140521213341471291
0521.213342.180     DECL_NO >>> CX  0322365UHX
0521.213342.190     STATUS=0 >>> OK
"
"2014-05-21 21:37:06.860"`"ER90"`"CX  0322365UKB"`````"0521.213706.850 TRANS_ID: 20140521213706471275
0521.213706.860     DECL_NO >>> CX  0322365UKB
0521.213706.890     STATUS=0 >>> OK
"
"2014-05-21 21:37:37.280"`"ER90"`"CX  0322365TJN"`````"0521.213737.280 TRANS_ID: 20140521213736471298
0521.213737.280     DECL_NO >>> CX  0322365TJN
0521.213737.310     STATUS=0 >>> OK
"
"2014-05-21 21:37:39.380"`"ER90"`"CX  0322365TBW"`````"0521.213739.370 TRANS_ID: 20140521213738471277
0521.213739.380     DECL_NO >>> CX  0322365TBW
0521.213739.390     STATUS=0 >>> OK
"
"2014-05-21 21:37:39.410"`"ER90"`"CX  0322365THB"`````"0521.213739.410 TRANS_ID: 20140521213738471299
0521.213739.410     DECL_NO >>> CX  0322365THB
0521.213739.420     STATUS=0 >>> OK
"
"2014-05-21 22:01:10.800"`"ER90"`"CR  03376QF419"`````"0521.220110.790 TRANS_ID: 20140521220108472732
0521.220110.800     DECL_NO >>> CR  03376QF419
0521.220110.840     STATUS=0 >>> OK
"
"2014-05-21 22:01:37.080"`"ER90"`"CR  03376QF414"`````"0521.220137.080 TRANS_ID: 20140521220136472736
0521.220137.080     DECL_NO >>> CR  03376QF414
0521.220137.110     STATUS=0 >>> OK
"
"2014-05-21 23:01:35.670"`"ER90"`"CU  0357BN4630"`````"0521.230135.670 TRANS_ID: 20140521230134478064
0521.230135.670     DECL_NO >>> CU  0357BN4630
0521.230135.700     STATUS=0 >>> OK
"
"2014-05-21 23:52:24.120"`"ER90"`"CF  03550JX260"`````"0521.235224.120 TRANS_ID: 20140521235223482214
0521.235224.120     DECL_NO >>> CF  03550JX260
0521.235224.140     STATUS=0 >>> OK
"
