"2014-05-21 07:47:57.000"`"ED90_WEB"`"DA  03137A5166"`````"=======================================================================
TRANS_ID=<20140521074757442526> PROC_TYPE=<Y> RunTime:2014/05/21 07:47:57
==>> DECL_NO=<DA  03137A5166, MSG_FUNC_CD=<9>
    ==> CHECK_ONLY := TRUE
ED90 OK!
    ==>> DUTY_AMT=0
===== SAVE BEGIN =====
* 1 PROG=ED90, CODE=1003, REJECT_CODE=, MSG={TRANS_ID=<20140521074757442526> MSG_FUNC_CD=<9>  DECL_NO=<DA  03137A5166> DECL_TYPE=<G5>  MSG_FORMAT=<X>  RUN_MODE=<Q>  RunTime:2014/05/21 07:47:57}
* 2 PROG=UTL, CODE=999, REJECT_CODE=, MSG={===>>> IS ASP}
* 3 PROG=M04, CODE=1001, REJECT_CODE=, MSG={SAL_BAN:60249259BOF_EX:Y EX_CLASS:G UNION_COMP_NOTE: NON_EXAM_MARK: EXCEL_CONNECT_CODE:AEO_NOTE: SECURE_NOTE:CHK_IN_WARE_NOTE: CHK_IN_WARE_NOTE_DATE:}
* 4 PROG=CHECK, CODE=9998, REJECT_CODE=, MSG={ 單價金額*數量:1638 發票總金額:1638 DIFF_AMOUNT:0ED_UTL.IN_RATE:30.12DIFF_AMOUNT:0}
* 5 PROG=ED90, CODE=1020, REJECT_CODE=, MSG={呼叫專家回傳結果 =>  CLEAR_TYPE_OD=<C1>  EXAM_TYPE=<N>  PAPER_NOTE=<N>  PRE_CLEAR_TYPE=<C1>}
===== SAVE END =====
==>> OUT >> CLEAR_TYPE_out=<>  EXAM_TYPE_out=<>  PAPER_NOTE_out=<>  REJECT_TYPE_out=<>  rtnCode_out=<0>  rtnMsg_out=<作業完成> 
"
"2014-05-21 07:48:49.000"`"ED90_WEB"`"DA  03137A5166"`````"=======================================================================
TRANS_ID=<20140521074849442561> PROC_TYPE=<N> RunTime:2014/05/21 07:48:49
==>> DECL_NO=<DA  03137A5166, MSG_FUNC_CD=<9>
    ==> CHECK_ONLY := FALSE
ED90 OK!
EDEA_RATIFY OK!
WEB_5203 >>> COMMIT
    ==>> DUTY_AMT=0
===== SAVE BEGIN =====
* 1 PROG=ED90, CODE=1003, REJECT_CODE=, MSG={TRANS_ID=<20140521074849442561> MSG_FUNC_CD=<9>  DECL_NO=<DA  03137A5166> DECL_TYPE=<G5>  MSG_FORMAT=<X>  RUN_MODE=<A>  RunTime:2014/05/21 07:48:49}
* 2 PROG=UTL, CODE=999, REJECT_CODE=, MSG={===>>> IS ASP}
* 3 PROG=M04, CODE=1001, REJECT_CODE=, MSG={SAL_BAN:60249259BOF_EX:Y EX_CLASS:G UNION_COMP_NOTE: NON_EXAM_MARK: EXCEL_CONNECT_CODE:AEO_NOTE: SECURE_NOTE:CHK_IN_WARE_NOTE: CHK_IN_WARE_NOTE_DATE:}
* 4 PROG=CHECK, CODE=9998, REJECT_CODE=, MSG={ 單價金額*數量:1638 發票總金額:1638 DIFF_AMOUNT:0ED_UTL.IN_RATE:30.12DIFF_AMOUNT:0}
* 5 PROG=ED90, CODE=1020, REJECT_CODE=, MSG={呼叫專家回傳結果 =>  CLEAR_TYPE_OD=<C1>  EXAM_TYPE=<N>  PAPER_NOTE=<N>  PRE_CLEAR_TYPE=<C1>}
* 6 PROG=ED90, CODE=1022, REJECT_CODE=, MSG={ED90 Accept!}
===== SAVE END =====
==>> N5204 TRANS_ID=<20140521074850_37553>
==>> OUT >> CLEAR_TYPE_out=<C1>  EXAM_TYPE_out=<>  PAPER_NOTE_out=<N>  REJECT_TYPE_out=<>  rtnCode_out=<0>  rtnMsg_out=<作業完成> 
"
"2014-05-21 07:49:52.000"`"ED90_WEB"`"DABE03137A5161"`````"=======================================================================
TRANS_ID=<20140521074952442573> PROC_TYPE=<Y> RunTime:2014/05/21 07:49:52
==>> DECL_NO=<DABE03137A5161, MSG_FUNC_CD=<9>
    ==> CHECK_ONLY := TRUE
ED90 OK!
    ==>> DUTY_AMT=162
===== SAVE BEGIN =====
* 1 PROG=ED90, CODE=1003, REJECT_CODE=, MSG={TRANS_ID=<20140521074952442573> MSG_FUNC_CD=<9>  DECL_NO=<DABE03137A5161> DECL_TYPE=<G5>  MSG_FORMAT=<X>  RUN_MODE=<Q>  RunTime:2014/05/21 07:49:52}
* 2 PROG=UTL, CODE=999, REJECT_CODE=, MSG={===>>> IS ASP}
* 3 PROG=M04, CODE=1001, REJECT_CODE=, MSG={SAL_BAN:86084154BOF_EX:Y EX_CLASS:G UNION_COMP_NOTE: NON_EXAM_MARK: EXCEL_CONNECT_CODE:AEO_NOTE: SECURE_NOTE:CHK_IN_WARE_NOTE: CHK_IN_WARE_NOTE_DATE:}
* 4 PROG=CHECK, CODE=9998, REJECT_CODE=, MSG={ 單價金額*數量:13450 發票總金額:13450 DIFF_AMOUNT:0ED_UTL.IN_RATE:30.12DIFF_AMOUNT:0}
* 5 PROG=ED90, CODE=1020, REJECT_CODE=, MSG={呼叫專家回傳結果 =>  CLEAR_TYPE_OD=<C1>  EXAM_TYPE=<N>  PAPER_NOTE=<N>  PRE_CLEAR_TYPE=<C1>}
===== SAVE END =====
==>> OUT >> CLEAR_TYPE_out=<>  EXAM_TYPE_out=<>  PAPER_NOTE_out=<>  REJECT_TYPE_out=<>  rtnCode_out=<0>  rtnMsg_out=<作業完成> 
"
"2014-05-21 07:50:06.000"`"ED90_WEB"`"DABE03137A5161"`````"=======================================================================
TRANS_ID=<20140521075005442574> PROC_TYPE=<N> RunTime:2014/05/21 07:50:06
==>> DECL_NO=<DABE03137A5161, MSG_FUNC_CD=<9>
    ==> CHECK_ONLY := FALSE
ED90 OK!
EDEA_RATIFY OK!
WEB_5203 >>> COMMIT
    ==>> DUTY_AMT=162
===== SAVE BEGIN =====
* 1 PROG=ED90, CODE=1003, REJECT_CODE=, MSG={TRANS_ID=<20140521075005442574> MSG_FUNC_CD=<9>  DECL_NO=<DABE03137A5161> DECL_TYPE=<G5>  MSG_FORMAT=<X>  RUN_MODE=<A>  RunTime:2014/05/21 07:50:06}
* 2 PROG=UTL, CODE=999, REJECT_CODE=, MSG={===>>> IS ASP}
* 3 PROG=M04, CODE=1001, REJECT_CODE=, MSG={SAL_BAN:86084154BOF_EX:Y EX_CLASS:G UNION_COMP_NOTE: NON_EXAM_MARK: EXCEL_CONNECT_CODE:AEO_NOTE: SECURE_NOTE:CHK_IN_WARE_NOTE: CHK_IN_WARE_NOTE_DATE:}
* 4 PROG=CHECK, CODE=9998, REJECT_CODE=, MSG={ 單價金額*數量:13450 發票總金額:13450 DIFF_AMOUNT:0ED_UTL.IN_RATE:30.12DIFF_AMOUNT:0}
* 5 PROG=ED90, CODE=1020, REJECT_CODE=, MSG={呼叫專家回傳結果 =>  CLEAR_TYPE_OD=<C1>  EXAM_TYPE=<N>  PAPER_NOTE=<N>  PRE_CLEAR_TYPE=<C1>}
* 6 PROG=ED90, CODE=1022, REJECT_CODE=, MSG={ED90 Accept!}
===== SAVE END =====
==>> N5204 TRANS_ID=<20140521075006_37556>
==>> OUT >> CLEAR_TYPE_out=<C1>  EXAM_TYPE_out=<>  PAPER_NOTE_out=<N>  REJECT_TYPE_out=<>  rtnCode_out=<0>  rtnMsg_out=<作業完成> 
"
"2014-05-21 07:50:40.000"`"ED90_WEB"`"DA  03137A5167"`````"=======================================================================
TRANS_ID=<20140521075040442575> PROC_TYPE=<Y> RunTime:2014/05/21 07:50:40
==>> DECL_NO=<DA  03137A5167, MSG_FUNC_CD=<9>
    ==> CHECK_ONLY := TRUE
ED90 OK!
    ==>> DUTY_AMT=153
===== SAVE BEGIN =====
* 1 PROG=ED90, CODE=1003, REJECT_CODE=, MSG={TRANS_ID=<20140521075040442575> MSG_FUNC_CD=<9>  DECL_NO=<DA  03137A5167> DECL_TYPE=<G5>  MSG_FORMAT=<X>  RUN_MODE=<Q>  RunTime:2014/05/21 07:50:40}
* 2 PROG=UTL, CODE=999, REJECT_CODE=, MSG={===>>> IS ASP}
* 3 PROG=M04, CODE=1001, REJECT_CODE=, MSG={SAL_BAN:22404168BOF_EX:Y EX_CLASS:G UNION_COMP_NOTE: NON_EXAM_MARK: EXCEL_CONNECT_CODE:AEO_NOTE: SECURE_NOTE:CHK_IN_WARE_NOTE: CHK_IN_WARE_NOTE_DATE:}
* 4 PROG=CHECK, CODE=9998, REJECT_CODE=, MSG={ 單價金額*數量:385000 發票總金額:385000 DIFF_AMOUNT:0ED_UTL.IN_RATE:1DIFF_AMOUNT:0}
* 5 PROG=ED90, CODE=22, REJECT_CODE=F88, MSG={沒有進倉資料}, COLUMN={沒有進倉資料}
* 6 PROG=ED90, CODE=1020, REJECT_CODE=, MSG={呼叫專家回傳結果 =>  CLEAR_TYPE_OD=<C1>  EXAM_TYPE=<N>  PAPER_NOTE=<N>  PRE_CLEAR_TYPE=<C1>}
===== SAVE END =====
==>> NX5106 TRANS_ID=<20140521075040_37559>
==>> OUT >> CLEAR_TYPE_out=<>  EXAM_TYPE_out=<>  PAPER_NOTE_out=<>  REJECT_TYPE_out=<F>  rtnCode_out=<0>  rtnMsg_out=<作業完成> 
"
"2014-05-21 07:52:40.000"`"ED90_WEB"`"DA  03137A5167"`````"=======================================================================
TRANS_ID=<20140521075240442580> PROC_TYPE=<N> RunTime:2014/05/21 07:52:40
==>> DECL_NO=<DA  03137A5167, MSG_FUNC_CD=<9>
    ==> CHECK_ONLY := FALSE
ED90 OK!
WEB_5203 >>> COMMIT
    ==>> DUTY_AMT=153
    F類錯單 ==>> EDM_CLEAR_TYPE <> EDM_CLEAR_TYPE_OD  <>
===== SAVE BEGIN =====
* 1 PROG=ED90, CODE=1003, REJECT_CODE=, MSG={TRANS_ID=<20140521075240442580> MSG_FUNC_CD=<9>  DECL_NO=<DA  03137A5167> DECL_TYPE=<G5>  MSG_FORMAT=<X>  RUN_MODE=<A>  RunTime:2014/05/21 07:52:40}
* 2 PROG=UTL, CODE=999, REJECT_CODE=, MSG={===>>> IS ASP}
* 3 PROG=M04, CODE=1001, REJECT_CODE=, MSG={SAL_BAN:22404168BOF_EX:Y EX_CLASS:G UNION_COMP_NOTE: NON_EXAM_MARK: EXCEL_CONNECT_CODE:AEO_NOTE: SECURE_NOTE:CHK_IN_WARE_NOTE: CHK_IN_WARE_NOTE_DATE:}
* 4 PROG=CHECK, CODE=9998, REJECT_CODE=, MSG={ 單價金額*數量:385000 發票總金額:385000 DIFF_AMOUNT:0ED_UTL.IN_RATE:1DIFF_AMOUNT:0}
* 5 PROG=ED90, CODE=22, REJECT_CODE=F88, MSG={沒有進倉資料}, COLUMN={沒有進倉資料}
* 6 PROG=ED90, CODE=1020, REJECT_CODE=, MSG={呼叫專家回傳結果 =>  CLEAR_TYPE_OD=<C1>  EXAM_TYPE=<N>  PAPER_NOTE=<N>  PRE_CLEAR_TYPE=<C1>}
* 7 PROG=ED90, CODE=1001, REJECT_CODE=, MSG={ED90 Reject: F}
===== SAVE END =====
==>> NX5106 TRANS_ID=<20140521075240_37565>
==>> OUT >> CLEAR_TYPE_out=<X>  EXAM_TYPE_out=<>  PAPER_NOTE_out=<>  REJECT_TYPE_out=<F>  rtnCode_out=<0>  rtnMsg_out=<作業完成> 
"
"2014-05-21 07:53:51.000"`"ED90_WEB"`"DABC03137A5162"`````"=======================================================================
TRANS_ID=<20140521075351442587> PROC_TYPE=<Y> RunTime:2014/05/21 07:53:51
==>> DECL_NO=<DABC03137A5162, MSG_FUNC_CD=<9>
    ==> CHECK_ONLY := TRUE
ED90 OK!
    ==>> DUTY_AMT=948
===== SAVE BEGIN =====
* 1 PROG=ED90, CODE=1003, REJECT_CODE=, MSG={TRANS_ID=<20140521075351442587> MSG_FUNC_CD=<9>  DECL_NO=<DABC03137A5162> DECL_TYPE=<G5>  MSG_FORMAT=<X>  RUN_MODE=<Q>  RunTime:2014/05/21 07:53:51}
* 2 PROG=UTL, CODE=999, REJECT_CODE=, MSG={===>>> IS ASP}
* 3 PROG=M04, CODE=1001, REJECT_CODE=, MSG={SAL_BAN:28563901BOF_EX:Y EX_CLASS:L2 UNION_COMP_NOTE: NON_EXAM_MARK: EXCEL_CONNECT_CODE:AEO_NOTE: SECURE_NOTE:CHK_IN_WARE_NOTE: CHK_IN_WARE_NOTE_DATE:}
* 4 PROG=CHECK, CODE=9998, REJECT_CODE=, MSG={ 單價金額*數量:78700 發票總金額:78700 DIFF_AMOUNT:0ED_UTL.IN_RATE:30.12DIFF_AMOUNT:0}
* 5 PROG=ED90, CODE=22, REJECT_CODE=F88, MSG={沒有進倉資料}, COLUMN={沒有進倉資料}
* 6 PROG=ED90, CODE=1020, REJECT_CODE=, MSG={呼叫專家回傳結果 =>  CLEAR_TYPE_OD=<C1>  EXAM_TYPE=<N>  PAPER_NOTE=<N>  PRE_CLEAR_TYPE=<C1>}
===== SAVE END =====
==>> NX5106 TRANS_ID=<20140521075351_37637>
==>> OUT >> CLEAR_TYPE_out=<>  EXAM_TYPE_out=<>  PAPER_NOTE_out=<>  REJECT_TYPE_out=<F>  rtnCode_out=<0>  rtnMsg_out=<作業完成> 
"
"2014-05-21 07:54:55.000"`"ED90_WEB"`"DABC03137A5162"`````"=======================================================================
TRANS_ID=<20140521075455442588> PROC_TYPE=<N> RunTime:2014/05/21 07:54:55
==>> DECL_NO=<DABC03137A5162, MSG_FUNC_CD=<9>
    ==> CHECK_ONLY := FALSE
ED90 OK!
WEB_5203 >>> COMMIT
    ==>> DUTY_AMT=948
    F類錯單 ==>> EDM_CLEAR_TYPE <> EDM_CLEAR_TYPE_OD  <>
===== SAVE BEGIN =====
* 1 PROG=ED90, CODE=1003, REJECT_CODE=, MSG={TRANS_ID=<20140521075455442588> MSG_FUNC_CD=<9>  DECL_NO=<DABC03137A5162> DECL_TYPE=<G5>  MSG_FORMAT=<X>  RUN_MODE=<A>  RunTime:2014/05/21 07:54:55}
* 2 PROG=UTL, CODE=999, REJECT_CODE=, MSG={===>>> IS ASP}
* 3 PROG=M04, CODE=1001, REJECT_CODE=, MSG={SAL_BAN:28563901BOF_EX:Y EX_CLASS:L2 UNION_COMP_NOTE: NON_EXAM_MARK: EXCEL_CONNECT_CODE:AEO_NOTE: SECURE_NOTE:CHK_IN_WARE_NOTE: CHK_IN_WARE_NOTE_DATE:}
* 4 PROG=CHECK, CODE=9998, REJECT_CODE=, MSG={ 單價金額*數量:78700 發票總金額:78700 DIFF_AMOUNT:0ED_UTL.IN_RATE:30.12DIFF_AMOUNT:0}
* 5 PROG=ED90, CODE=22, REJECT_CODE=F88, MSG={沒有進倉資料}, COLUMN={沒有進倉資料}
* 6 PROG=ED90, CODE=1020, REJECT_CODE=, MSG={呼叫專家回傳結果 =>  CLEAR_TYPE_OD=<C1>  EXAM_TYPE=<N>  PAPER_NOTE=<N>  PRE_CLEAR_TYPE=<C1>}
* 7 PROG=ED90, CODE=1001, REJECT_CODE=, MSG={ED90 Reject: F}
===== SAVE END =====
==>> NX5106 TRANS_ID=<20140521075455_37679>
==>> OUT >> CLEAR_TYPE_out=<X>  EXAM_TYPE_out=<>  PAPER_NOTE_out=<>  REJECT_TYPE_out=<F>  rtnCode_out=<0>  rtnMsg_out=<作業完成> 
"
"2014-05-21 07:55:14.000"`"ED90_WEB"`"DA  03137A5152"`````"=======================================================================
TRANS_ID=<20140521075514442635> PROC_TYPE=<Y> RunTime:2014/05/21 07:55:14
==>> DECL_NO=<DA  03137A5152, MSG_FUNC_CD=<9>
    ==> CHECK_ONLY := TRUE
ED90 OK!
    ==>> DUTY_AMT=0
===== SAVE BEGIN =====
* 1 PROG=ED90, CODE=1003, REJECT_CODE=, MSG={TRANS_ID=<20140521075514442635> MSG_FUNC_CD=<9>  DECL_NO=<DA  03137A5152> DECL_TYPE=<G5>  MSG_FORMAT=<X>  RUN_MODE=<Q>  RunTime:2014/05/21 07:55:14}
* 2 PROG=UTL, CODE=999, REJECT_CODE=, MSG={===>>> IS ASP}
* 3 PROG=M04, CODE=1001, REJECT_CODE=, MSG={SAL_BAN:22993904BOF_EX:Y EX_CLASS:G UNION_COMP_NOTE: NON_EXAM_MARK: EXCEL_CONNECT_CODE:AEO_NOTE: SECURE_NOTE:CHK_IN_WARE_NOTE: CHK_IN_WARE_NOTE_DATE:}
* 4 PROG=CHECK, CODE=9998, REJECT_CODE=, MSG={ 單價金額*數量:4175.86 發票總金額:4175.86 DIFF_AMOUNT:0ED_UTL.IN_RATE:30.12DIFF_AMOUNT:0}
* 5 PROG=ED90, CODE=22, REJECT_CODE=F88, MSG={沒有進倉資料}, COLUMN={沒有進倉資料}
* 6 PROG=ED90, CODE=1020, REJECT_CODE=, MSG={呼叫專家回傳結果 =>  CLEAR_TYPE_OD=<C1>  EXAM_TYPE=<N>  PAPER_NOTE=<N>  PRE_CLEAR_TYPE=<C1>}
===== SAVE END =====
==>> NX5106 TRANS_ID=<20140521075514_37682>
==>> OUT >> CLEAR_TYPE_out=<>  EXAM_TYPE_out=<>  PAPER_NOTE_out=<>  REJECT_TYPE_out=<F>  rtnCode_out=<0>  rtnMsg_out=<作業完成> 
"
"2014-05-21 07:56:13.000"`"ED90_WEB"`"DA  03137A5152"`````"=======================================================================
TRANS_ID=<20140521075613443806> PROC_TYPE=<N> RunTime:2014/05/21 07:56:13
==>> DECL_NO=<DA  03137A5152, MSG_FUNC_CD=<9>
    ==> CHECK_ONLY := FALSE
ED90 OK!
WEB_5203 >>> COMMIT
    ==>> DUTY_AMT=0
    F類錯單 ==>> EDM_CLEAR_TYPE <> EDM_CLEAR_TYPE_OD  <>
===== SAVE BEGIN =====
* 1 PROG=ED90, CODE=1003, REJECT_CODE=, MSG={TRANS_ID=<20140521075613443806> MSG_FUNC_CD=<9>  DECL_NO=<DA  03137A5152> DECL_TYPE=<G5>  MSG_FORMAT=<X>  RUN_MODE=<A>  RunTime:2014/05/21 07:56:13}
* 2 PROG=UTL, CODE=999, REJECT_CODE=, MSG={===>>> IS ASP}
* 3 PROG=M04, CODE=1001, REJECT_CODE=, MSG={SAL_BAN:22993904BOF_EX:Y EX_CLASS:G UNION_COMP_NOTE: NON_EXAM_MARK: EXCEL_CONNECT_CODE:AEO_NOTE: SECURE_NOTE:CHK_IN_WARE_NOTE: CHK_IN_WARE_NOTE_DATE:}
* 4 PROG=CHECK, CODE=9998, REJECT_CODE=, MSG={ 單價金額*數量:4175.86 發票總金額:4175.86 DIFF_AMOUNT:0ED_UTL.IN_RATE:30.12DIFF_AMOUNT:0}
* 5 PROG=ED90, CODE=22, REJECT_CODE=F88, MSG={沒有進倉資料}, COLUMN={沒有進倉資料}
* 6 PROG=ED90, CODE=1020, REJECT_CODE=, MSG={呼叫專家回傳結果 =>  CLEAR_TYPE_OD=<C1>  EXAM_TYPE=<N>  PAPER_NOTE=<N>  PRE_CLEAR_TYPE=<C1>}
* 7 PROG=ED90, CODE=1001, REJECT_CODE=, MSG={ED90 Reject: F}
===== SAVE END =====
==>> NX5106 TRANS_ID=<20140521075613_37685>
==>> OUT >> CLEAR_TYPE_out=<X>  EXAM_TYPE_out=<>  PAPER_NOTE_out=<>  REJECT_TYPE_out=<F>  rtnCode_out=<0>  rtnMsg_out=<作業完成> 
"
"2014-05-21 08:32:16.000"`"ED90_WEB"`"ATBE03998A0048"`````"=======================================================================
TRANS_ID=<20140521083215444659> PROC_TYPE=<Y> RunTime:2014/05/21 08:32:16
==>> DECL_NO=<ATBE03998A0048, MSG_FUNC_CD=<9>
    ==> CHECK_ONLY := TRUE
ED90 OK!
    ==>> DUTY_AMT=0
===== SAVE BEGIN =====
* 1 PROG=ED90, CODE=1003, REJECT_CODE=, MSG={TRANS_ID=<20140521083215444659> MSG_FUNC_CD=<9>  DECL_NO=<ATBE03998A0048> DECL_TYPE=<G5>  MSG_FORMAT=<X>  RUN_MODE=<Q>  RunTime:2014/05/21 08:32:16}
* 2 PROG=UTL, CODE=999, REJECT_CODE=, MSG={===>>> IS ASP}
* 3 PROG=M04, CODE=1001, REJECT_CODE=, MSG={SAL_BAN:16662835BOF_EX:Y EX_CLASS:G UNION_COMP_NOTE: NON_EXAM_MARK: EXCEL_CONNECT_CODE:AEO_NOTE: SECURE_NOTE:CHK_IN_WARE_NOTE: CHK_IN_WARE_NOTE_DATE:}
* 4 PROG=CHECK, CODE=9998, REJECT_CODE=, MSG={ 單價金額*數量:4944.4 發票總金額:5024.4 DIFF_AMOUNT:0ED_UTL.IN_RATE:30.12DIFF_AMOUNT:0}
* 5 PROG=ED90, CODE=22, REJECT_CODE=F88, MSG={沒有進倉資料}, COLUMN={沒有進倉資料}
* 6 PROG=ED90, CODE=1020, REJECT_CODE=, MSG={呼叫專家回傳結果 =>  CLEAR_TYPE_OD=<C1>  EXAM_TYPE=<N>  PAPER_NOTE=<N>  PRE_CLEAR_TYPE=<C1>}
===== SAVE END =====
==>> NX5106 TRANS_ID=<20140521083216_38040>
==>> OUT >> CLEAR_TYPE_out=<>  EXAM_TYPE_out=<>  PAPER_NOTE_out=<>  REJECT_TYPE_out=<F>  rtnCode_out=<0>  rtnMsg_out=<作業完成> 
"
"2014-05-21 08:41:44.000"`"ED90_WEB"`"ATBE03998A0048"`````"=======================================================================
TRANS_ID=<20140521084144445601> PROC_TYPE=<Y> RunTime:2014/05/21 08:41:44
==>> DECL_NO=<ATBE03998A0048, MSG_FUNC_CD=<9>
    ==> CHECK_ONLY := TRUE
ED90 OK!
    ==>> DUTY_AMT=0
===== SAVE BEGIN =====
* 1 PROG=ED90, CODE=1003, REJECT_CODE=, MSG={TRANS_ID=<20140521084144445601> MSG_FUNC_CD=<9>  DECL_NO=<ATBE03998A0048> DECL_TYPE=<G5>  MSG_FORMAT=<X>  RUN_MODE=<Q>  RunTime:2014/05/21 08:41:44}
* 2 PROG=UTL, CODE=999, REJECT_CODE=, MSG={===>>> IS ASP}
* 3 PROG=M04, CODE=1001, REJECT_CODE=, MSG={SAL_BAN:16662835BOF_EX:Y EX_CLASS:G UNION_COMP_NOTE: NON_EXAM_MARK: EXCEL_CONNECT_CODE:AEO_NOTE: SECURE_NOTE:CHK_IN_WARE_NOTE: CHK_IN_WARE_NOTE_DATE:}
* 4 PROG=CHECK, CODE=9998, REJECT_CODE=, MSG={ 單價金額*數量:4944.4 發票總金額:5024.4 DIFF_AMOUNT:0ED_UTL.IN_RATE:30.12DIFF_AMOUNT:0}
* 5 PROG=ED90, CODE=22, REJECT_CODE=F88, MSG={沒有進倉資料}, COLUMN={沒有進倉資料}
* 6 PROG=ED90, CODE=1020, REJECT_CODE=, MSG={呼叫專家回傳結果 =>  CLEAR_TYPE_OD=<C1>  EXAM_TYPE=<N>  PAPER_NOTE=<N>  PRE_CLEAR_TYPE=<C1>}
===== SAVE END =====
==>> NX5106 TRANS_ID=<20140521084144_38235>
==>> OUT >> CLEAR_TYPE_out=<>  EXAM_TYPE_out=<>  PAPER_NOTE_out=<>  REJECT_TYPE_out=<F>  rtnCode_out=<0>  rtnMsg_out=<作業完成> 
"
"2014-05-21 08:43:36.000"`"ED90_WEB"`"ATBE03998A0048"`````"=======================================================================
TRANS_ID=<20140521084336445611> PROC_TYPE=<Y> RunTime:2014/05/21 08:43:36
==>> DECL_NO=<ATBE03998A0048, MSG_FUNC_CD=<9>
    ==> CHECK_ONLY := TRUE
ED90 OK!
    ==>> DUTY_AMT=0
===== SAVE BEGIN =====
* 1 PROG=ED90, CODE=1003, REJECT_CODE=, MSG={TRANS_ID=<20140521084336445611> MSG_FUNC_CD=<9>  DECL_NO=<ATBE03998A0048> DECL_TYPE=<G5>  MSG_FORMAT=<X>  RUN_MODE=<Q>  RunTime:2014/05/21 08:43:36}
* 2 PROG=UTL, CODE=999, REJECT_CODE=, MSG={===>>> IS ASP}
* 3 PROG=M04, CODE=1001, REJECT_CODE=, MSG={SAL_BAN:16662835BOF_EX:Y EX_CLASS:G UNION_COMP_NOTE: NON_EXAM_MARK: EXCEL_CONNECT_CODE:AEO_NOTE: SECURE_NOTE:CHK_IN_WARE_NOTE: CHK_IN_WARE_NOTE_DATE:}
* 4 PROG=CHECK, CODE=9998, REJECT_CODE=, MSG={ 單價金額*數量:4944.4 發票總金額:5024.4 DIFF_AMOUNT:0ED_UTL.IN_RATE:30.12DIFF_AMOUNT:0}
* 5 PROG=ED90, CODE=22, REJECT_CODE=F88, MSG={沒有進倉資料}, COLUMN={沒有進倉資料}
* 6 PROG=ED90, CODE=1020, REJECT_CODE=, MSG={呼叫專家回傳結果 =>  CLEAR_TYPE_OD=<C1>  EXAM_TYPE=<N>  PAPER_NOTE=<N>  PRE_CLEAR_TYPE=<C1>}
===== SAVE END =====
==>> NX5106 TRANS_ID=<20140521084336_38263>
==>> OUT >> CLEAR_TYPE_out=<>  EXAM_TYPE_out=<>  PAPER_NOTE_out=<>  REJECT_TYPE_out=<F>  rtnCode_out=<0>  rtnMsg_out=<作業完成> 
"
"2014-05-21 08:44:24.000"`"ED90_WEB"`"ATBE03998A0048"`````"=======================================================================
TRANS_ID=<20140521084424445614> PROC_TYPE=<Y> RunTime:2014/05/21 08:44:24
==>> DECL_NO=<ATBE03998A0048, MSG_FUNC_CD=<9>
    ==> CHECK_ONLY := TRUE
ED90 OK!
    ==>> DUTY_AMT=0
===== SAVE BEGIN =====
* 1 PROG=ED90, CODE=1003, REJECT_CODE=, MSG={TRANS_ID=<20140521084424445614> MSG_FUNC_CD=<9>  DECL_NO=<ATBE03998A0048> DECL_TYPE=<G5>  MSG_FORMAT=<X>  RUN_MODE=<Q>  RunTime:2014/05/21 08:44:24}
* 2 PROG=UTL, CODE=999, REJECT_CODE=, MSG={===>>> IS ASP}
* 3 PROG=M04, CODE=1001, REJECT_CODE=, MSG={SAL_BAN:16662835BOF_EX:Y EX_CLASS:G UNION_COMP_NOTE: NON_EXAM_MARK: EXCEL_CONNECT_CODE:AEO_NOTE: SECURE_NOTE:CHK_IN_WARE_NOTE: CHK_IN_WARE_NOTE_DATE:}
* 4 PROG=CHECK, CODE=9998, REJECT_CODE=, MSG={ 單價金額*數量:4944.4 發票總金額:5024.4 DIFF_AMOUNT:0ED_UTL.IN_RATE:30.12DIFF_AMOUNT:0}
* 5 PROG=ED90, CODE=22, REJECT_CODE=F88, MSG={沒有進倉資料}, COLUMN={沒有進倉資料}
* 6 PROG=ED90, CODE=1020, REJECT_CODE=, MSG={呼叫專家回傳結果 =>  CLEAR_TYPE_OD=<C1>  EXAM_TYPE=<N>  PAPER_NOTE=<N>  PRE_CLEAR_TYPE=<C1>}
===== SAVE END =====
==>> NX5106 TRANS_ID=<20140521084424_38272>
==>> OUT >> CLEAR_TYPE_out=<>  EXAM_TYPE_out=<>  PAPER_NOTE_out=<>  REJECT_TYPE_out=<F>  rtnCode_out=<0>  rtnMsg_out=<作業完成> 
"
"2014-05-21 08:47:29.000"`"ED90_WEB"`"ATBE03998A0048"`````"=======================================================================
TRANS_ID=<20140521084729445648> PROC_TYPE=<N> RunTime:2014/05/21 08:47:29
==>> DECL_NO=<ATBE03998A0048, MSG_FUNC_CD=<9>
    ==> CHECK_ONLY := FALSE
ED90 OK!
WEB_5203 >>> COMMIT
    ==>> DUTY_AMT=0
    F類錯單 ==>> EDM_CLEAR_TYPE <> EDM_CLEAR_TYPE_OD  <>
===== SAVE BEGIN =====
* 1 PROG=ED90, CODE=1003, REJECT_CODE=, MSG={TRANS_ID=<20140521084729445648> MSG_FUNC_CD=<9>  DECL_NO=<ATBE03998A0048> DECL_TYPE=<G5>  MSG_FORMAT=<X>  RUN_MODE=<A>  RunTime:2014/05/21 08:47:29}
* 2 PROG=UTL, CODE=999, REJECT_CODE=, MSG={===>>> IS ASP}
* 3 PROG=M04, CODE=1001, REJECT_CODE=, MSG={SAL_BAN:16662835BOF_EX:Y EX_CLASS:G UNION_COMP_NOTE: NON_EXAM_MARK: EXCEL_CONNECT_CODE:AEO_NOTE: SECURE_NOTE:CHK_IN_WARE_NOTE: CHK_IN_WARE_NOTE_DATE:}
* 4 PROG=CHECK, CODE=9998, REJECT_CODE=, MSG={ 單價金額*數量:4944.4 發票總金額:5024.4 DIFF_AMOUNT:0ED_UTL.IN_RATE:30.12DIFF_AMOUNT:0}
* 5 PROG=ED90, CODE=22, REJECT_CODE=F88, MSG={沒有進倉資料}, COLUMN={沒有進倉資料}
* 6 PROG=ED90, CODE=1020, REJECT_CODE=, MSG={呼叫專家回傳結果 =>  CLEAR_TYPE_OD=<C1>  EXAM_TYPE=<N>  PAPER_NOTE=<N>  PRE_CLEAR_TYPE=<C1>}
* 7 PROG=ED90, CODE=1001, REJECT_CODE=, MSG={ED90 Reject: F}
===== SAVE END =====
==>> NX5106 TRANS_ID=<20140521084729_38355>
==>> OUT >> CLEAR_TYPE_out=<X>  EXAM_TYPE_out=<>  PAPER_NOTE_out=<>  REJECT_TYPE_out=<F>  rtnCode_out=<0>  rtnMsg_out=<作業完成> 
"
"2014-05-21 08:54:38.000"`"ED90_WEB"`"DABC03137A5170"`````"=======================================================================
TRANS_ID=<20140521085437445698> PROC_TYPE=<Y> RunTime:2014/05/21 08:54:38
==>> DECL_NO=<DABC03137A5170, MSG_FUNC_CD=<9>
    ==> CHECK_ONLY := TRUE
ED90 OK!
    ==>> DUTY_AMT=0
===== SAVE BEGIN =====
* 1 PROG=ED90, CODE=1003, REJECT_CODE=, MSG={TRANS_ID=<20140521085437445698> MSG_FUNC_CD=<9>  DECL_NO=<DABC03137A5170> DECL_TYPE=<B9>  MSG_FORMAT=<X>  RUN_MODE=<Q>  RunTime:2014/05/21 08:54:38}
* 2 PROG=UTL, CODE=999, REJECT_CODE=, MSG={===>>> IS ASP}
* 3 PROG=M04, CODE=1001, REJECT_CODE=, MSG={SAL_BAN:28442843BOF_EX:Y EX_CLASS:G UNION_COMP_NOTE: NON_EXAM_MARK: EXCEL_CONNECT_CODE:AEO_NOTE: SECURE_NOTE:CHK_IN_WARE_NOTE: CHK_IN_WARE_NOTE_DATE:}
* 4 PROG=CHECK, CODE=9998, REJECT_CODE=, MSG={ 單價金額*數量:89812.8 發票總金額:89812.8 DIFF_AMOUNT:0ED_UTL.IN_RATE:41.07DIFF_AMOUNT:0}
* 5 PROG=ED90, CODE=22, REJECT_CODE=F88, MSG={沒有進倉資料}, COLUMN={沒有進倉資料}
* 6 PROG=ED90, CODE=1020, REJECT_CODE=, MSG={呼叫專家回傳結果 =>  CLEAR_TYPE_OD=<C1>  EXAM_TYPE=<N>  PAPER_NOTE=<N>  PRE_CLEAR_TYPE=<C1>}
===== SAVE END =====
==>> NX5106 TRANS_ID=<20140521085438_38515>
==>> OUT >> CLEAR_TYPE_out=<>  EXAM_TYPE_out=<>  PAPER_NOTE_out=<>  REJECT_TYPE_out=<F>  rtnCode_out=<0>  rtnMsg_out=<作業完成> 
"
"2014-05-21 14:58:29.000"`"ED90_WEB"`"AW  03998A0188"`````"=======================================================================
TRANS_ID=<20140521145828460018> PROC_TYPE=<Y> RunTime:2014/05/21 14:58:29
==>> DECL_NO=<AW  03998A0188, MSG_FUNC_CD=<9>
    ==> CHECK_ONLY := TRUE
ED90 OK!
    ==>> DUTY_AMT=873
===== SAVE BEGIN =====
* 1 PROG=ED90, CODE=1003, REJECT_CODE=, MSG={TRANS_ID=<20140521145828460018> MSG_FUNC_CD=<9>  DECL_NO=<AW  03998A0188> DECL_TYPE=<G5>  MSG_FORMAT=<X>  RUN_MODE=<Q>  RunTime:2014/05/21 14:58:29}
* 2 PROG=UTL, CODE=999, REJECT_CODE=, MSG={===>>> IS ASP}
* 3 PROG=M04, CODE=1001, REJECT_CODE=, MSG={SAL_BAN:05003630BOF_EX:Y EX_CLASS:G UNION_COMP_NOTE: NON_EXAM_MARK: EXCEL_CONNECT_CODE:AEO_NOTE: SECURE_NOTE:CHK_IN_WARE_NOTE: CHK_IN_WARE_NOTE_DATE:}
* 4 PROG=CHECK, CODE=105, REJECT_CODE=D91, MSG={逐項FOB加總(台幣):2183893 總FOB(台幣):2186733 報單誤差: 2840 超過允許誤差: 39}, COLUMN={逐項FOB加總與主檔FOB不符}
* 5 PROG=CHECK, CODE=9998, REJECT_CODE=, MSG={ 單價金額*數量:72600.7 發票總金額:72600.7 DIFF_AMOUNT:0ED_UTL.IN_RATE:30.12DIFF_AMOUNT:0}
* 6 PROG=ED90, CODE=1010, REJECT_CODE=, MSG={WRITE_EXDEDST AUTONOMOUS >>>  ED_UTL.EXDEDMM_rec.CLEAR_STS_CD=<EA>}
===== SAVE END =====
==>> NX5106 TRANS_ID=<20140521145829_56727>
==>> OUT >> CLEAR_TYPE_out=<>  EXAM_TYPE_out=<>  PAPER_NOTE_out=<>  REJECT_TYPE_out=<D>  rtnCode_out=<0>  rtnMsg_out=<作業完成> 
"
"2014-05-21 15:02:29.000"`"ED90_WEB"`"AW  03998A0188"`````"=======================================================================
TRANS_ID=<20140521150229460099> PROC_TYPE=<Y> RunTime:2014/05/21 15:02:29
==>> DECL_NO=<AW  03998A0188, MSG_FUNC_CD=<9>
    ==> CHECK_ONLY := TRUE
ED90 OK!
    ==>> DUTY_AMT=874
===== SAVE BEGIN =====
* 1 PROG=ED90, CODE=1003, REJECT_CODE=, MSG={TRANS_ID=<20140521150229460099> MSG_FUNC_CD=<9>  DECL_NO=<AW  03998A0188> DECL_TYPE=<G5>  MSG_FORMAT=<X>  RUN_MODE=<Q>  RunTime:2014/05/21 15:02:29}
* 2 PROG=UTL, CODE=999, REJECT_CODE=, MSG={===>>> IS ASP}
* 3 PROG=M04, CODE=1001, REJECT_CODE=, MSG={SAL_BAN:05003630BOF_EX:Y EX_CLASS:G UNION_COMP_NOTE: NON_EXAM_MARK: EXCEL_CONNECT_CODE:AEO_NOTE: SECURE_NOTE:CHK_IN_WARE_NOTE: CHK_IN_WARE_NOTE_DATE:}
* 4 PROG=CHECK, CODE=105, REJECT_CODE=D91, MSG={逐項FOB加總(台幣):2185685 總FOB(台幣):2186733 報單誤差: 1048 超過允許誤差: 39}, COLUMN={逐項FOB加總與主檔FOB不符}
* 5 PROG=CHECK, CODE=9998, REJECT_CODE=, MSG={ 單價金額*數量:72600.7 發票總金額:72600.7 DIFF_AMOUNT:0ED_UTL.IN_RATE:30.12DIFF_AMOUNT:0}
* 6 PROG=ED90, CODE=1010, REJECT_CODE=, MSG={WRITE_EXDEDST AUTONOMOUS >>>  ED_UTL.EXDEDMM_rec.CLEAR_STS_CD=<EA>}
===== SAVE END =====
==>> NX5106 TRANS_ID=<20140521150230_57005>
==>> OUT >> CLEAR_TYPE_out=<>  EXAM_TYPE_out=<>  PAPER_NOTE_out=<>  REJECT_TYPE_out=<D>  rtnCode_out=<0>  rtnMsg_out=<作業完成> 
"
"2014-05-21 15:04:32.000"`"ED90_WEB"`"AW  03998A0188"`````"=======================================================================
TRANS_ID=<20140521150432460180> PROC_TYPE=<Y> RunTime:2014/05/21 15:04:32
==>> DECL_NO=<AW  03998A0188, MSG_FUNC_CD=<9>
    ==> CHECK_ONLY := TRUE
ED90 OK!
    ==>> DUTY_AMT=874
===== SAVE BEGIN =====
* 1 PROG=ED90, CODE=1003, REJECT_CODE=, MSG={TRANS_ID=<20140521150432460180> MSG_FUNC_CD=<9>  DECL_NO=<AW  03998A0188> DECL_TYPE=<G5>  MSG_FORMAT=<X>  RUN_MODE=<Q>  RunTime:2014/05/21 15:04:32}
* 2 PROG=UTL, CODE=999, REJECT_CODE=, MSG={===>>> IS ASP}
* 3 PROG=M04, CODE=1001, REJECT_CODE=, MSG={SAL_BAN:05003630BOF_EX:Y EX_CLASS:G UNION_COMP_NOTE: NON_EXAM_MARK: EXCEL_CONNECT_CODE:AEO_NOTE: SECURE_NOTE:CHK_IN_WARE_NOTE: CHK_IN_WARE_NOTE_DATE:}
* 4 PROG=CHECK, CODE=9998, REJECT_CODE=, MSG={ 單價金額*數量:72600.7 發票總金額:72600.7 DIFF_AMOUNT:0ED_UTL.IN_RATE:30.12DIFF_AMOUNT:0}
* 5 PROG=ED90, CODE=1020, REJECT_CODE=, MSG={呼叫專家回傳結果 =>  CLEAR_TYPE_OD=<C1>  EXAM_TYPE=<N>  PAPER_NOTE=<N>  PRE_CLEAR_TYPE=<C1>}
===== SAVE END =====
==>> OUT >> CLEAR_TYPE_out=<>  EXAM_TYPE_out=<>  PAPER_NOTE_out=<>  REJECT_TYPE_out=<>  rtnCode_out=<0>  rtnMsg_out=<作業完成> 
"
"2014-05-21 15:04:50.000"`"ED90_WEB"`"AW  03998A0188"`````"=======================================================================
TRANS_ID=<20140521150449460183> PROC_TYPE=<N> RunTime:2014/05/21 15:04:50
==>> DECL_NO=<AW  03998A0188, MSG_FUNC_CD=<9>
    ==> CHECK_ONLY := FALSE
ED90 OK!
EDEA_RATIFY OK!
WEB_5203 >>> COMMIT
    ==>> DUTY_AMT=874
===== SAVE BEGIN =====
* 1 PROG=ED90, CODE=1003, REJECT_CODE=, MSG={TRANS_ID=<20140521150449460183> MSG_FUNC_CD=<9>  DECL_NO=<AW  03998A0188> DECL_TYPE=<G5>  MSG_FORMAT=<X>  RUN_MODE=<A>  RunTime:2014/05/21 15:04:50}
* 2 PROG=UTL, CODE=999, REJECT_CODE=, MSG={===>>> IS ASP}
* 3 PROG=M04, CODE=1001, REJECT_CODE=, MSG={SAL_BAN:05003630BOF_EX:Y EX_CLASS:G UNION_COMP_NOTE: NON_EXAM_MARK: EXCEL_CONNECT_CODE:AEO_NOTE: SECURE_NOTE:CHK_IN_WARE_NOTE: CHK_IN_WARE_NOTE_DATE:}
* 4 PROG=CHECK, CODE=9998, REJECT_CODE=, MSG={ 單價金額*數量:72600.7 發票總金額:72600.7 DIFF_AMOUNT:0ED_UTL.IN_RATE:30.12DIFF_AMOUNT:0}
* 5 PROG=ED90, CODE=1020, REJECT_CODE=, MSG={呼叫專家回傳結果 =>  CLEAR_TYPE_OD=<C1>  EXAM_TYPE=<N>  PAPER_NOTE=<N>  PRE_CLEAR_TYPE=<C1>}
* 6 PROG=ED90, CODE=1022, REJECT_CODE=, MSG={ED90 Accept!}
===== SAVE END =====
==>> N5204 TRANS_ID=<20140521150450_57221>
==>> OUT >> CLEAR_TYPE_out=<C1>  EXAM_TYPE_out=<>  PAPER_NOTE_out=<N>  REJECT_TYPE_out=<>  rtnCode_out=<0>  rtnMsg_out=<作業完成> 
"
