"2014-05-21 00:38:14.010"`"ER90"`"CG  0337663006"`````"0521.003814.000 TRANS_ID: 20140521003813402541
0521.003814.010     DECL_NO >>> CG  0337663006
0521.003814.020     STATUS=0 >>> OK
"
"2014-05-21 02:47:15.020"`"ER90"`"CR  03376QF195"`````"0521.024715.020 TRANS_ID: 20140521024714413119
0521.024715.020     DECL_NO >>> CR  03376QF195
0521.024715.050     STATUS=0 >>> OK
"
"2014-05-21 02:47:15.100"`"ER90"`"CR  03376QF195"`````"0521.024715.090 TRANS_ID: 20140521024714410617
0521.024715.100     DECL_NO >>> CR  03376QF195
0521.024715.140  UPDATE RTC >>> DECL_NO:CR  03376QF195 ITEM_NO:1 RTN_CD:44
0521.024715.150  UPDATE RTC >>> DECL_NO:CR  03376QF195 ITEM_NO:2 RTN_CD:44
0521.024715.150     STATUS=0 >>> OK
"
"2014-05-21 02:53:16.010"`"ER90"`"CR  03376QF194"`````"0521.025316.010 TRANS_ID: 20140521025315413123
0521.025316.010     DECL_NO >>> CR  03376QF194
0521.025316.030     STATUS=0 >>> OK
"
"2014-05-21 02:53:18.030"`"ER90"`"CR  03376QF194"`````"0521.025318.020 TRANS_ID: 20140521025317413124
0521.025318.030     DECL_NO >>> CR  03376QF194
0521.025318.040     STATUS=0 >>> OK
"
"2014-05-21 02:53:18.440"`"ER90"`"CR  03376QF193"`````"0521.025318.430 TRANS_ID: 20140521025318413126
0521.025318.440     DECL_NO >>> CR  03376QF193
0521.025318.450  UPDATE RTC >>> DECL_NO:CR  03376QF193 ITEM_NO:1 RTN_CD:44
0521.025318.460     STATUS=0 >>> OK
"
"2014-05-21 02:53:20.510"`"ER90"`"CR  03376QF196"`````"0521.025320.500 TRANS_ID: 20140521025320413128
0521.025320.510     DECL_NO >>> CR  03376QF196
0521.025320.530     STATUS=0 >>> OK
"
"2014-05-21 02:53:20.850"`"ER90"`"CR  03376QF197"`````"0521.025320.840 TRANS_ID: 20140521025320413129
0521.025320.850     DECL_NO >>> CR  03376QF197
0521.025320.860  UPDATE RTC >>> DECL_NO:CR  03376QF197 ITEM_NO:1 RTN_CD:44
0521.025320.860  UPDATE RTC >>> DECL_NO:CR  03376QF197 ITEM_NO:2 RTN_CD:44
0521.025320.860     STATUS=0 >>> OK
"
"2014-05-21 02:53:46.950"`"ER90"`"CR  03376QF198"`````"0521.025346.940 TRANS_ID: 20140521025346413132
0521.025346.950     DECL_NO >>> CR  03376QF198
0521.025346.990     STATUS=0 >>> OK
"
"2014-05-21 02:55:27.720"`"ER90"`"CX  0340860629"`````"0521.025527.710 TRANS_ID: 20140521025527413133
0521.025527.720     DECL_NO >>> CX  0340860629
0521.025527.730     STATUS=0 >>> OK
"
"2014-05-21 02:57:52.690"`"ER90"`"CX  0356416341"`````"0521.025752.680 TRANS_ID: 20140521025752413134
0521.025752.690     DECL_NO >>> CX  0356416341
0521.025752.710     STATUS=0 >>> OK
"
"2014-05-21 02:57:52.880"`"ER90"`"CX  0356416348"`````"0521.025752.880 TRANS_ID: 20140521025752413135
0521.025752.880     DECL_NO >>> CX  0356416348
0521.025752.900     STATUS=0 >>> OK
"
"2014-05-21 03:17:15.070"`"ER90"`"CR  03376QF191"`````"0521.031715.070 TRANS_ID: 20140521031714415566
0521.031715.070     DECL_NO >>> CR  03376QF191
0521.031715.100     STATUS=0 >>> OK
"
"2014-05-21 07:48:17.700"`"ER90"`"CF  03550JS814"`````"0521.074817.700 TRANS_ID: 20140521074817442527
0521.074817.700     DECL_NO >>> CF  03550JS814
0521.074817.770     STATUS=0 >>> OK
"
"2014-05-21 07:48:19.060"`"ER90"`"CF  03550JS642"`````"0521.074819.060 TRANS_ID: 20140521074818442529
0521.074819.060     DECL_NO >>> CF  03550JS642
0521.074819.090     STATUS=0 >>> OK
"
"2014-05-21 07:48:19.880"`"ER90"`"CF  03550JS863"`````"0521.074819.880 TRANS_ID: 20140521074819442530
0521.074819.880     DECL_NO >>> CF  03550JS863
0521.074819.900     STATUS=0 >>> OK
"
"2014-05-21 07:48:21.520"`"ER90"`"CF  03550JS644"`````"0521.074821.520 TRANS_ID: 20140521074820442532
0521.074821.520     DECL_NO >>> CF  03550JS644
0521.074821.550     STATUS=0 >>> OK
"
"2014-05-21 07:48:21.580"`"ER90"`"CF  03550JS606"`````"0521.074821.580 TRANS_ID: 20140521074820442540
0521.074821.580     DECL_NO >>> CF  03550JS606
0521.074821.590     STATUS=0 >>> OK
"
"2014-05-21 07:48:45.580"`"ER90"`"CF  03550JS640"`````"0521.074845.580 TRANS_ID: 20140521074845442536
0521.074845.580     DECL_NO >>> CF  03550JS640
0521.074845.600     STATUS=0 >>> OK
"
"2014-05-21 07:48:48.960"`"ER90"`"CF  03550JS668"`````"0521.074848.960 TRANS_ID: 20140521074847442539
0521.074848.960     DECL_NO >>> CF  03550JS668
0521.074848.980     STATUS=0 >>> OK
"
"2014-05-21 07:48:50.150"`"ER90"`"CF  03550JS878"`````"0521.074850.150 TRANS_ID: 20140521074849442560
0521.074850.150     DECL_NO >>> CF  03550JS878
0521.074850.170     STATUS=0 >>> OK
"
"2014-05-21 07:49:16.580"`"ER90"`"CF  03550JS672"`````"0521.074916.580 TRANS_ID: 20140521074916442544
0521.074916.580     DECL_NO >>> CF  03550JS672
0521.074916.600     STATUS=0 >>> OK
"
"2014-05-21 07:49:18.440"`"ER90"`"CF  03550JT358"`````"0521.074918.430 TRANS_ID: 20140521074917442545
0521.074918.440     DECL_NO >>> CF  03550JT358
0521.074918.450     STATUS=0 >>> OK
"
"2014-05-21 07:49:21.150"`"ER90"`"CF  03550JS659"`````"0521.074921.140 TRANS_ID: 20140521074920442547
0521.074921.150     DECL_NO >>> CF  03550JS659
0521.074921.170     STATUS=0 >>> OK
"
"2014-05-21 07:49:23.090"`"ER90"`"CF  03550JS899"`````"0521.074923.090 TRANS_ID: 20140521074922442566
0521.074923.090     DECL_NO >>> CF  03550JS899
0521.074923.110     STATUS=0 >>> OK
"
"2014-05-21 07:49:23.200"`"ER90"`"CF  03550JS938"`````"0521.074923.200 TRANS_ID: 20140521074922442548
0521.074923.200     DECL_NO >>> CF  03550JS938
0521.074923.260     STATUS=0 >>> OK
"
"2014-05-21 07:49:25.510"`"ER90"`"CF  03550JT141"`````"0521.074925.500 TRANS_ID: 20140521074925442567
0521.074925.510     DECL_NO >>> CF  03550JT141
0521.074925.530     STATUS=0 >>> OK
"
"2014-05-21 07:49:25.740"`"ER90"`"CF  03550JS639"`````"0521.074925.730 TRANS_ID: 20140521074925442568
0521.074925.740     DECL_NO >>> CF  03550JS639
0521.074925.760     STATUS=0 >>> OK
"
"2014-05-21 07:58:16.850"`"ER90"`"CF  03550JS759"`````"0521.075816.850 TRANS_ID: 20140521075816443821
0521.075816.850     DECL_NO >>> CF  03550JS759
0521.075816.880     STATUS=0 >>> OK
"
"2014-05-21 07:58:19.030"`"ER90"`"CF  03550JS710"`````"0521.075819.030 TRANS_ID: 20140521075818443812
0521.075819.030     DECL_NO >>> CF  03550JS710
0521.075819.050     STATUS=0 >>> OK
"
"2014-05-21 07:58:19.190"`"ER90"`"CF  03550JS738"`````"0521.075819.180 TRANS_ID: 20140521075818443813
0521.075819.190     DECL_NO >>> CF  03550JS738
0521.075819.210     STATUS=0 >>> OK
"
"2014-05-21 07:58:21.530"`"ER90"`"CF  03550JS616"`````"0521.075821.520 TRANS_ID: 20140521075821443814
0521.075821.530     DECL_NO >>> CF  03550JS616
0521.075821.550     STATUS=0 >>> OK
"
"2014-05-21 07:58:21.570"`"ER90"`"CF  03550JS801"`````"0521.075821.570 TRANS_ID: 20140521075821443815
0521.075821.570     DECL_NO >>> CF  03550JS801
0521.075821.590     STATUS=0 >>> OK
"
"2014-05-21 07:58:23.560"`"ER90"`"CF  03550JS664"`````"0521.075823.560 TRANS_ID: 20140521075823443816
0521.075823.560     DECL_NO >>> CF  03550JS664
0521.075823.580     STATUS=0 >>> OK
"
"2014-05-21 07:58:23.620"`"ER90"`"CF  03550JS687"`````"0521.075823.610 TRANS_ID: 20140521075823443817
0521.075823.620     DECL_NO >>> CF  03550JS687
0521.075823.630     STATUS=0 >>> OK
"
"2014-05-21 07:58:23.720"`"ER90"`"CF  03550JS791"`````"0521.075823.710 TRANS_ID: 20140521075823443823
0521.075823.720     DECL_NO >>> CF  03550JS791
0521.075823.730     STATUS=0 >>> OK
"
"2014-05-21 07:58:26.280"`"ER90"`"CF  03550JS625"`````"0521.075826.280 TRANS_ID: 20140521075825443819
0521.075826.280     DECL_NO >>> CF  03550JS625
0521.075826.300     STATUS=0 >>> OK
"
"2014-05-21 07:58:26.340"`"ER90"`"CF  03550JS777"`````"0521.075826.330 TRANS_ID: 20140521075825443840
0521.075826.340     DECL_NO >>> CF  03550JS777
0521.075826.350     STATUS=0 >>> OK
"
"2014-05-21 07:58:45.960"`"ER90"`"CF  03550JS581"`````"0521.075845.960 TRANS_ID: 20140521075845443841
0521.075845.960     DECL_NO >>> CF  03550JS581
0521.075845.980     STATUS=0 >>> OK
"
"2014-05-21 07:58:48.210"`"ER90"`"CF  03550JS674"`````"0521.075848.210 TRANS_ID: 20140521075847443844
0521.075848.210     DECL_NO >>> CF  03550JS674
0521.075848.240     STATUS=0 >>> OK
"
"2014-05-21 07:58:50.930"`"ER90"`"CF  03550JS694"`````"0521.075850.930 TRANS_ID: 20140521075850443846
0521.075850.930     DECL_NO >>> CF  03550JS694
0521.075850.980     STATUS=0 >>> OK
"
"2014-05-21 07:58:52.020"`"ER90"`"CF  03550JS714"`````"0521.075852.010 TRANS_ID: 20140521075851443848
0521.075852.020     DECL_NO >>> CF  03550JS714
0521.075852.090     STATUS=0 >>> OK
"
"2014-05-21 07:58:53.820"`"ER90"`"CF  03550JT005"`````"0521.075853.800 TRANS_ID: 20140521075853443825
0521.075853.820     DECL_NO >>> CF  03550JT005
0521.075853.880     STATUS=0 >>> OK
"
"2014-05-21 07:58:53.920"`"ER90"`"CF  03550JS989"`````"0521.075853.910 TRANS_ID: 20140521075853443849
0521.075853.920     DECL_NO >>> CF  03550JS989
0521.075853.930     STATUS=0 >>> OK
"
"2014-05-21 07:59:17.420"`"ER90"`"CF  03550JS628"`````"0521.075917.420 TRANS_ID: 20140521075917443851
0521.075917.420     DECL_NO >>> CF  03550JS628
0521.075917.440     STATUS=0 >>> OK
"
"2014-05-21 07:59:17.560"`"ER90"`"CF  03550JS800"`````"0521.075917.560 TRANS_ID: 20140521075917443827
0521.075917.560     DECL_NO >>> CF  03550JS800
0521.075917.580     STATUS=0 >>> OK
"
"2014-05-21 08:02:31.260"`"ER90"`"BE  03UI745153"`````"0521.080231.260 TRANS_ID: 20140521080230443829
0521.080231.260     DECL_NO >>> BE  03UI745153
0521.080231.330     STATUS=0 >>> OK
"
"2014-05-21 08:33:33.270"`"ER90"`"BC  03380H3359"`````"0521.083333.260 TRANS_ID: 20140521083332444674
0521.083333.270     DECL_NO >>> BC  03380H3359
0521.083333.330     STATUS=0 >>> OK
"
"2014-05-21 08:37:03.020"`"ER90"`"BC  03X7567123"`````"0521.083703.010 TRANS_ID: 20140521083702445555
0521.083703.020     DECL_NO >>> BC  03X7567123
0521.083703.040     STATUS=0 >>> OK
"
"2014-05-21 08:53:35.790"`"ER90"`"BTG503195B0019"`````"0521.085335.780 TRANS_ID: 20140521085335445708
0521.085335.790     DECL_NO >>> BTG503195B0019
0521.085335.840     STATUS=0 >>> OK
"
"2014-05-21 08:53:36.100"`"ER90"`"BTG503195B0020"`````"0521.085336.090 TRANS_ID: 20140521085335445692
0521.085336.100     DECL_NO >>> BTG503195B0020
0521.085336.110     STATUS=0 >>> OK
"
"2014-05-21 08:54:13.840"`"ER90"`"BC  03UH654232"`````"0521.085413.830 TRANS_ID: 20140521085413445694
0521.085413.840     DECL_NO >>> BC  03UH654232
0521.085413.860     STATUS=0 >>> OK
"
"2014-05-21 08:54:14.250"`"ER90"`"BC  03UH91W263"`````"0521.085414.240 TRANS_ID: 20140521085413445711
0521.085414.250     DECL_NO >>> BC  03UH91W263
0521.085414.260     STATUS=0 >>> OK
"
"2014-05-21 09:00:11.780"`"ER90"`"BD  03380A0117"`````"0521.090011.770 TRANS_ID: 20140521090011445756
0521.090011.780     DECL_NO >>> BD  03380A0117
0521.090011.800     STATUS=0 >>> OK
"
"2014-05-21 09:33:13.220"`"ER90"`"BD  03UH760152"`````"0521.093313.220 TRANS_ID: 20140521093312448453
0521.093313.220     DECL_NO >>> BD  03UH760152
0521.093313.240     STATUS=0 >>> OK
"
"2014-05-21 09:48:26.010"`"ER90"`"AAG503A26A0306"`````"0521.094826.010 TRANS_ID: 20140521094825449551
0521.094826.010     DECL_NO >>> AAG503A26A0306
0521.094826.040     STATUS=0 >>> OK
"
"2014-05-21 09:48:26.060"`"ER90"`"AAG503A26A0307"`````"0521.094826.060 TRANS_ID: 20140521094825449570
0521.094826.060     DECL_NO >>> AAG503A26A0307
0521.094826.060     STATUS=0 >>> OK
"
"2014-05-21 10:13:18.780"`"ER90"`"CH  0301315004"`````"0521.101318.780 TRANS_ID: 20140521101318450739
0521.101318.780     DECL_NO >>> CH  0301315004
0521.101318.800     STATUS=0 >>> OK
"
"2014-05-21 10:16:29.820"`"ER90"`"CW  0333633291"`````"0521.101629.810 TRANS_ID: 20140521101629450763
0521.101629.820     DECL_NO >>> CW  0333633291
0521.101629.860     STATUS=0 >>> OK
"
"2014-05-21 10:21:09.420"`"ER90"`"BAG503A04B1186"`````"0521.102109.390 TRANS_ID: 20140521102108451273
0521.102109.420     DECL_NO >>> BAG503A04B1186
0521.102109.480     STATUS=0 >>> OK
"
"2014-05-21 10:21:10.030"`"ER90"`"BAG503A04B1189"`````"0521.102110.020 TRANS_ID: 20140521102109451275
0521.102110.030     DECL_NO >>> BAG503A04B1189
0521.102110.060     STATUS=0 >>> OK
"
"2014-05-21 10:21:10.290"`"ER90"`"BAG503A04B1190"`````"0521.102110.280 TRANS_ID: 20140521102109451276
0521.102110.290     DECL_NO >>> BAG503A04B1190
0521.102110.290     STATUS=0 >>> OK
"
"2014-05-21 10:34:29.580"`"ER90"`"DABC03007E1693"`````"0521.103429.580 TRANS_ID: 20140521103429451561
0521.103429.580     DECL_NO >>> DABC03007E1693
0521.103429.610     STATUS=0 >>> OK
"
"2014-05-21 10:44:30.970"`"ER90"`"CH  0357803532"`````"0521.104430.960 TRANS_ID: 20140521104430451869
0521.104430.970     DECL_NO >>> CH  0357803532
0521.104430.990     STATUS=0 >>> OK
"
"2014-05-21 10:52:01.760"`"ER90"`"CH  0357803531"`````"0521.105201.750 TRANS_ID: 20140521105201451959
0521.105201.760     DECL_NO >>> CH  0357803531
0521.105201.770     STATUS=0 >>> OK
"
"2014-05-21 10:56:01.710"`"ER90"`"CH  0315932647"`````"0521.105601.700 TRANS_ID: 20140521105601452062
0521.105601.710     DECL_NO >>> CH  0315932647
0521.105601.760     STATUS=0 >>> OK
"
"2014-05-21 11:01:29.600"`"ER90"`"BSCA0331200192"`````"0521.110129.600 TRANS_ID: 20140521110129452459
0521.110129.600     DECL_NO >>> BSCA0331200192
0521.110129.630     STATUS=0 >>> OK
"
"2014-05-21 11:01:29.790"`"ER90"`"CH  0308861076"`````"0521.110129.780 TRANS_ID: 20140521110129452461
0521.110129.790     DECL_NO >>> CH  0308861076
0521.110129.910     STATUS=0 >>> OK
"
"2014-05-21 11:02:07.820"`"ER90"`"CSCH0343574502"`````"0521.110207.810 TRANS_ID: 20140521110207452465
0521.110207.820     DECL_NO >>> CSCH0343574502
0521.110207.840     STATUS=0 >>> OK
"
"2014-05-21 11:10:33.360"`"ER90"`"CA  0302313109"`````"0521.111033.360 TRANS_ID: 20140521111032452617
0521.111033.360     DECL_NO >>> CA  0302313109
0521.111033.390     STATUS=0 >>> OK
"
"2014-05-21 11:12:17.440"`"ER90"`"BD  03065M0320"`````"0521.111217.440 TRANS_ID: 20140521111216452728
0521.111217.440     DECL_NO >>> BD  03065M0320
0521.111217.460     STATUS=0 >>> OK
"
"2014-05-21 11:13:16.740"`"ER90"`"BE  03207E0078"`````"0521.111316.740 TRANS_ID: 20140521111316452732
0521.111316.740     DECL_NO >>> BE  03207E0078
0521.111316.770     STATUS=0 >>> OK
"
"2014-05-21 11:22:02.970"`"ER90"`"CH  0357803537"`````"0521.112202.960 TRANS_ID: 20140521112202453029
0521.112202.970     DECL_NO >>> CH  0357803537
0521.112203.250     STATUS=0 >>> OK
"
"2014-05-21 11:24:33.360"`"ER90"`"CH  0357803528"`````"0521.112433.360 TRANS_ID: 20140521112432453089
0521.112433.360     DECL_NO >>> CH  0357803528
0521.112433.430     STATUS=0 >>> OK
"
"2014-05-21 11:34:21.580"`"ER90"`"CA  0312201844"`````"0521.113421.580 TRANS_ID: 20140521113420453253
0521.113421.580     DECL_NO >>> CA  0312201844
0521.113421.610     STATUS=0 >>> OK
"
"2014-05-21 11:34:23.320"`"ER90"`"CA  0312201858"`````"0521.113423.310 TRANS_ID: 20140521113422453256
0521.113423.320     DECL_NO >>> CA  0312201858
0521.113423.330     STATUS=0 >>> OK
"
"2014-05-21 11:36:17.060"`"ER90"`"DA  03FP140150"`````"0521.113617.060 TRANS_ID: 20140521113616453290
0521.113617.060     DECL_NO >>> DA  03FP140150
0521.113617.100     STATUS=0 >>> OK
"
"2014-05-21 11:42:17.200"`"ER90"`"DA  03FQ410540"`````"0521.114217.190 TRANS_ID: 20140521114216453531
0521.114217.200     DECL_NO >>> DA  03FQ410540
0521.114217.210     STATUS=0 >>> OK
"
"2014-05-21 11:43:28.470"`"ER90"`"CSCA0301403387"`````"0521.114328.460 TRANS_ID: 20140521114328453573
0521.114328.470     DECL_NO >>> CSCA0301403387
0521.114328.490     STATUS=0 >>> OK
"
"2014-05-21 11:44:02.550"`"ER90"`"CH  0357803529"`````"0521.114402.550 TRANS_ID: 20140521114402453596
0521.114402.550     DECL_NO >>> CH  0357803529
0521.114402.570     STATUS=0 >>> OK
"
"2014-05-21 11:49:31.890"`"ER90"`"CW  0301416541"`````"0521.114931.890 TRANS_ID: 20140521114928453700
0521.114931.890     DECL_NO >>> CW  0301416541
0521.114931.940     STATUS=0 >>> OK
"
"2014-05-21 11:57:07.910"`"ER90"`"AWBC03UH91S381"`````"0521.115707.870 TRANS_ID: 20140521115707453836
0521.115707.910     DECL_NO >>> AWBC03UH91S381
0521.115707.970     STATUS=0 >>> OK
"
"2014-05-21 12:10:31.690"`"ER90"`"CSCH0320201167"`````"0521.121031.680 TRANS_ID: 20140521121031454513
0521.121031.690     DECL_NO >>> CSCH0320201167
0521.121031.720     STATUS=0 >>> OK
"
"2014-05-21 12:13:08.460"`"ER90"`"AA  0317425101"`````"0521.121308.450 TRANS_ID: 20140521121307454577
0521.121308.460     DECL_NO >>> AA  0317425101
0521.121308.480     STATUS=0 >>> OK
"
"2014-05-21 12:13:28.770"`"ER90"`"CSCH0320201166"`````"0521.121328.760 TRANS_ID: 20140521121328454596
0521.121328.770     DECL_NO >>> CSCH0320201166
0521.121328.800     STATUS=0 >>> OK
"
"2014-05-21 12:16:29.170"`"ER90"`"CSCA0320201582"`````"0521.121629.170 TRANS_ID: 20140521121628454673
0521.121629.170     DECL_NO >>> CSCA0320201582
0521.121629.200     STATUS=0 >>> OK
"
"2014-05-21 12:18:27.520"`"ER90"`"CW  03C0210649"`````"0521.121827.520 TRANS_ID: 20140521121827454698
0521.121827.520     DECL_NO >>> CW  03C0210649
0521.121827.550     STATUS=0 >>> OK
"
"2014-05-21 12:43:28.380"`"ER90"`"BC  03UH786106"`````"0521.124328.370 TRANS_ID: 20140521124327455280
0521.124328.380     DECL_NO >>> BC  03UH786106
0521.124328.450     STATUS=0 >>> OK
"
"2014-05-21 13:09:24.880"`"ER90"`"CG  030C301698"`````"0521.130924.870 TRANS_ID: 20140521130924455396
0521.130924.880     DECL_NO >>> CG  030C301698
0521.130924.890     STATUS=0 >>> OK
"
"2014-05-21 13:16:27.900"`"ER90"`"BC  03UI077159"`````"0521.131627.890 TRANS_ID: 20140521131627455535
0521.131627.900     DECL_NO >>> BC  03UI077159
0521.131627.910     STATUS=0 >>> OK
"
"2014-05-21 13:17:28.600"`"ER90"`"CG  030C301695"`````"0521.131728.600 TRANS_ID: 20140521131724455572
0521.131728.600     DECL_NO >>> CG  030C301695
0521.131728.620     STATUS=0 >>> OK
"
"2014-05-21 13:17:37.230"`"ER90"`"CG  030C301697"`````"0521.131737.220 TRANS_ID: 20140521131724455581
0521.131737.230     DECL_NO >>> CG  030C301697
0521.131737.260     STATUS=0 >>> OK
"
"2014-05-21 13:17:37.470"`"ER90"`"CG  030C301694"`````"0521.131737.470 TRANS_ID: 20140521131726455574
0521.131737.470     DECL_NO >>> CG  030C301694
0521.131737.480     STATUS=0 >>> OK
"
"2014-05-21 13:24:12.040"`"ER90"`"BC  03X7567122"`````"0521.132412.030 TRANS_ID: 20140521132411455801
0521.132412.040     DECL_NO >>> BC  03X7567122
0521.132412.060     STATUS=0 >>> OK
"
"2014-05-21 13:31:29.010"`"ER90"`"CW  0333633270"`````"0521.133129.000 TRANS_ID: 20140521133128455883
0521.133129.010     DECL_NO >>> CW  0333633270
0521.133129.030     STATUS=0 >>> OK
"
"2014-05-21 13:31:29.490"`"ER90"`"CW  0333633293"`````"0521.133129.480 TRANS_ID: 20140521133129455885
0521.133129.490     DECL_NO >>> CW  0333633293
0521.133129.510     STATUS=0 >>> OK
"
"2014-05-21 13:59:52.020"`"ER90"`"DA  03FP314624"`````"0521.135952.010 TRANS_ID: 20140521135951456531
0521.135952.020     DECL_NO >>> DA  03FP314624
0521.135952.030     STATUS=0 >>> OK
"
"2014-05-21 14:02:44.020"`"ER90"`"DM  03JC140001"`````"0521.140244.010 TRANS_ID: 20140521140243456591
0521.140244.020     DECL_NO >>> DM  03JC140001
0521.140244.040     STATUS=0 >>> OK
"
"2014-05-21 14:02:44.090"`"ER90"`"DMG503A15D0243"`````"0521.140244.080 TRANS_ID: 20140521140243456592
0521.140244.090     DECL_NO >>> DMG503A15D0243
0521.140244.100     STATUS=0 >>> OK
"
"2014-05-21 14:04:29.880"`"ER90"`"CG  0363913880"`````"0521.140429.870 TRANS_ID: 20140521140429458256
0521.140429.880     DECL_NO >>> CG  0363913880
0521.140429.890     STATUS=0 >>> OK
"
"2014-05-21 14:09:47.320"`"ER90"`"ATBE03X7477672"`````"0521.140947.310 TRANS_ID: 20140521140946458394
0521.140947.320     DECL_NO >>> ATBE03X7477672
0521.140947.460     STATUS=0 >>> OK
"
"2014-05-21 14:13:30.770"`"ER90"`"CG  0363913876"`````"0521.141330.760 TRANS_ID: 20140521141330458491
0521.141330.770     DECL_NO >>> CG  0363913876
0521.141330.780     STATUS=0 >>> OK
"
"2014-05-21 14:14:11.950"`"ER90"`"BC  03012E1608"`````"0521.141411.950 TRANS_ID: 20140521141411458498
0521.141411.950     DECL_NO >>> BC  03012E1608
0521.141411.970     STATUS=0 >>> OK
"
"2014-05-21 14:30:17.550"`"ER90"`"CF  03550JS455"`````"0521.143017.550 TRANS_ID: 20140521143017459298
0521.143017.550     DECL_NO >>> CF  03550JS455
0521.143017.570     STATUS=0 >>> OK
"
"2014-05-21 14:33:22.840"`"ER90"`"CW  0310703998"`````"0521.143322.840 TRANS_ID: 20140521143322459353
0521.143322.840     DECL_NO >>> CW  0310703998
0521.143322.860     STATUS=0 >>> OK
"
"2014-05-21 14:40:14.680"`"ER90"`"BC  03188E4373"`````"0521.144014.680 TRANS_ID: 20140521144014459505
0521.144014.680     DECL_NO >>> BC  03188E4373
0521.144014.710     STATUS=0 >>> OK
"
"2014-05-21 14:49:31.690"`"ER90"`"CH  0330445912"`````"0521.144931.690 TRANS_ID: 20140521144931459832
0521.144931.690     DECL_NO >>> CH  0330445912
0521.144931.710     STATUS=0 >>> OK
"
"2014-05-21 14:52:30.470"`"ER90"`"CH  0363913877"`````"0521.145230.470 TRANS_ID: 20140521145229459889
0521.145230.470     DECL_NO >>> CH  0363913877
0521.145230.560     STATUS=0 >>> OK
"
"2014-05-21 14:52:30.640"`"ER90"`"CW  0301416567"`````"0521.145230.640 TRANS_ID: 20140521145230459871
0521.145230.640     DECL_NO >>> CW  0301416567
0521.145230.650     STATUS=0 >>> OK
"
"2014-05-21 14:52:30.730"`"ER90"`"CH  0363913881"`````"0521.145230.720 TRANS_ID: 20140521145230459890
0521.145230.730     DECL_NO >>> CH  0363913881
0521.145230.740     STATUS=0 >>> OK
"
"2014-05-21 14:57:46.380"`"ER90"`"CW  0300801381"`````"0521.145746.370 TRANS_ID: 20140521145745460005
0521.145746.380     DECL_NO >>> CW  0300801381
0521.145746.390     STATUS=0 >>> OK
"
"2014-05-21 15:04:46.230"`"ER90"`"BNBF03195U8182"`````"0521.150446.230 TRANS_ID: 20140521150445460182
0521.150446.230     DECL_NO >>> BNBF03195U8182
0521.150446.250     STATUS=0 >>> OK
"
"2014-05-21 15:05:24.480"`"ER90"`"CA  0310703997"`````"0521.150524.470 TRANS_ID: 20140521150524460190
0521.150524.480     DECL_NO >>> CA  0310703997
0521.150524.500     STATUS=0 >>> OK
"
"2014-05-21 15:05:58.250"`"ER90"`"CW  0300801374"`````"0521.150558.240 TRANS_ID: 20140521150557460330
0521.150558.250     DECL_NO >>> CW  0300801374
0521.150558.320     STATUS=0 >>> OK
"
"2014-05-21 15:07:29.830"`"ER90"`"CSCA0343574572"`````"0521.150729.820 TRANS_ID: 20140521150729460393
0521.150729.830     DECL_NO >>> CSCA0343574572
0521.150729.850     STATUS=0 >>> OK
"
"2014-05-21 15:07:30.120"`"ER90"`"CSCH0301402945"`````"0521.150730.120 TRANS_ID: 20140521150729460394
0521.150730.120     DECL_NO >>> CSCH0301402945
0521.150730.150     STATUS=0 >>> OK
"
"2014-05-21 15:08:57.880"`"ER90"`"CW  0320210623"`````"0521.150857.880 TRANS_ID: 20140521150857460432
0521.150857.880     DECL_NO >>> CW  0320210623
0521.150857.910     STATUS=0 >>> OK
"
"2014-05-21 15:09:41.190"`"ER90"`"DA  03216A1398"`````"0521.150941.180 TRANS_ID: 20140521150940460446
0521.150941.190     DECL_NO >>> DA  03216A1398
0521.150941.210     STATUS=0 >>> OK
"
"2014-05-21 15:13:29.930"`"ER90"`"CW  0308367165"`````"0521.151329.920 TRANS_ID: 20140521151329460570
0521.151329.930     DECL_NO >>> CW  0308367165
0521.151330.040     STATUS=0 >>> OK
"
"2014-05-21 15:13:30.180"`"ER90"`"CW  0335507327"`````"0521.151330.170 TRANS_ID: 20140521151329460571
0521.151330.180     DECL_NO >>> CW  0335507327
0521.151330.210     STATUS=0 >>> OK
"
"2014-05-21 15:14:48.240"`"ER90"`"CW  0310704005"`````"0521.151448.230 TRANS_ID: 20140521151447460607
0521.151448.240     DECL_NO >>> CW  0310704005
0521.151448.270     STATUS=0 >>> OK
"
"2014-05-21 15:19:08.740"`"ER90"`"CG  0362061899"`````"0521.151908.740 TRANS_ID: 20140521151908460689
0521.151908.740     DECL_NO >>> CG  0362061899
0521.151908.800     STATUS=0 >>> OK
"
"2014-05-21 15:21:34.990"`"ER90"`"CG  0311815274"`````"0521.152134.980 TRANS_ID: 20140521152134460774
0521.152134.990     DECL_NO >>> CG  0311815274
0521.152135.030     STATUS=0 >>> OK
"
"2014-05-21 15:23:47.490"`"ER90"`"DAG503A10D0369"`````"0521.152347.490 TRANS_ID: 20140521152347460808
0521.152347.490     DECL_NO >>> DAG503A10D0369
0521.152347.510     STATUS=0 >>> OK
"
"2014-05-21 15:26:54.130"`"ER90"`"ALBE03233E0303"`````"0521.152654.120 TRANS_ID: 20140521152653460893
0521.152654.130     DECL_NO >>> ALBE03233E0303
0521.152654.140     STATUS=0 >>> OK
"
"2014-05-21 15:32:47.070"`"ER90"`"BAG503A04B1192"`````"0521.153247.040 TRANS_ID: 20140521153246461005
0521.153247.070     DECL_NO >>> BAG503A04B1192
0521.153247.100     STATUS=0 >>> OK
"
"2014-05-21 15:32:54.400"`"ER90"`"BC  03183E0007"`````"0521.153254.390 TRANS_ID: 20140521153253461006
0521.153254.400     DECL_NO >>> BC  03183E0007
0521.153254.460     STATUS=0 >>> OK
"
"2014-05-21 15:40:32.510"`"ER90"`"BD  03UI767992"`````"0521.154032.500 TRANS_ID: 20140521154031461246
0521.154032.510     DECL_NO >>> BD  03UI767992
0521.154032.520     STATUS=0 >>> OK
"
"2014-05-21 15:49:30.400"`"ER90"`"CH  0308810929"`````"0521.154930.400 TRANS_ID: 20140521154929461500
0521.154930.400     DECL_NO >>> CH  0308810929
0521.154930.420     STATUS=0 >>> OK
"
"2014-05-21 16:01:10.760"`"ER90"`"CW  0356709958"`````"0521.160110.760 TRANS_ID: 20140521160110461726
0521.160110.760     DECL_NO >>> CW  0356709958
0521.160110.770     STATUS=0 >>> OK
"
"2014-05-21 16:04:35.080"`"ER90"`"CW  0365502431"`````"0521.160435.080 TRANS_ID: 20140521160434461844
0521.160435.080     DECL_NO >>> CW  0365502431
0521.160435.110     STATUS=0 >>> OK
"
"2014-05-21 16:10:59.740"`"ER90"`"CW  0365502432"`````"0521.161059.740 TRANS_ID: 20140521161039461929
0521.161059.740     DECL_NO >>> CW  0365502432
0521.161059.760     STATUS=0 >>> OK
"
"2014-05-21 16:10:59.830"`"ER90"`"CW  0365502434"`````"0521.161059.830 TRANS_ID: 20140521161039461930
0521.161059.830     DECL_NO >>> CW  0365502434
0521.161059.840     STATUS=0 >>> OK
"
"2014-05-21 16:10:59.900"`"ER90"`"CF  03550JS634"`````"0521.161059.900 TRANS_ID: 20140521161039461942
0521.161059.900     DECL_NO >>> CF  03550JS634
0521.161100.000     STATUS=0 >>> OK
"
"2014-05-21 16:11:47.900"`"ER90"`"BAG503A04B1193"`````"0521.161147.890 TRANS_ID: 20140521161147462020
0521.161147.900     DECL_NO >>> BAG503A04B1193
0521.161147.920     STATUS=0 >>> OK
"
"2014-05-21 16:11:48.110"`"ER90"`"BAG503A04B1194"`````"0521.161148.100 TRANS_ID: 20140521161147462021
0521.161148.110     DECL_NO >>> BAG503A04B1194
0521.161148.120     STATUS=0 >>> OK
"
"2014-05-21 16:11:48.550"`"ER90"`"BAG503A04B1196"`````"0521.161148.540 TRANS_ID: 20140521161148462023
0521.161148.550     DECL_NO >>> BAG503A04B1196
0521.161148.610     STATUS=0 >>> OK
"
"2014-05-21 16:12:16.950"`"ER90"`"BF  0325900141"`````"0521.161216.950 TRANS_ID: 20140521161216462033
0521.161216.950     DECL_NO >>> BF  0325900141
0521.161216.990     STATUS=0 >>> OK
"
"2014-05-21 16:12:17.250"`"ER90"`"AA  03354A8117"`````"0521.161217.230 TRANS_ID: 20140521161216462017
0521.161217.250     DECL_NO >>> AA  03354A8117
0521.161217.310     STATUS=0 >>> OK
"
"2014-05-21 16:13:22.040"`"ER90"`"BNBF03018V1565"`````"0521.161322.040 TRANS_ID: 20140521161321462058
0521.161322.040     DECL_NO >>> BNBF03018V1565
0521.161322.060     STATUS=0 >>> OK
"
"2014-05-21 16:13:22.180"`"ER90"`"BNBF03018V1558"`````"0521.161322.170 TRANS_ID: 20140521161321462072
0521.161322.180     DECL_NO >>> BNBF03018V1558
0521.161322.620     STATUS=0 >>> OK
"
"2014-05-21 16:13:28.670"`"ER90"`"DABC03007E1696"`````"0521.161328.660 TRANS_ID: 20140521161328462083
0521.161328.670     DECL_NO >>> DABC03007E1696
0521.161328.680     STATUS=0 >>> OK
"
"2014-05-21 16:13:46.750"`"ER90"`"BNCH03018V1117"`````"0521.161346.740 TRANS_ID: 20140521161346462084
0521.161346.750     DECL_NO >>> BNCH03018V1117
0521.161346.770     STATUS=0 >>> OK
"
"2014-05-21 16:20:55.280"`"ER90"`"BC  03065M0327"`````"0521.162055.270 TRANS_ID: 20140521162054462197
0521.162055.280     DECL_NO >>> BC  03065M0327
0521.162055.320     STATUS=0 >>> OK
"
"2014-05-21 16:22:29.390"`"ER90"`"BSBF0319562071"`````"0521.162229.390 TRANS_ID: 20140521162228462264
0521.162229.390     DECL_NO >>> BSBF0319562071
0521.162229.410     STATUS=0 >>> OK
"
"2014-05-21 16:25:40.510"`"ER90"`"CG  030C301698"`````"0521.162540.500 TRANS_ID: 20140521162540462330
0521.162540.510     DECL_NO >>> CG  030C301698
0521.162540.530     STATUS=0 >>> OK
"
"2014-05-21 16:28:30.700"`"ER90"`"CA  0333633329"`````"0521.162830.690 TRANS_ID: 20140521162830462504
0521.162830.700     DECL_NO >>> CA  0333633329
0521.162830.720     STATUS=0 >>> OK
"
"2014-05-21 16:31:30.710"`"ER90"`"CW  0301416582"`````"0521.163130.710 TRANS_ID: 20140521163130462603
0521.163130.710     DECL_NO >>> CW  0301416582
0521.163130.730     STATUS=0 >>> OK
"
"2014-05-21 16:38:08.770"`"ER90"`"CU  0357BU6584"`````"0521.163808.760 TRANS_ID: 20140521163808462711
0521.163808.770     DECL_NO >>> CU  0357BU6584
0521.163808.790     STATUS=0 >>> OK
"
"2014-05-21 16:40:32.980"`"ER90"`"CW  0360576490"`````"0521.164032.980 TRANS_ID: 20140521164032462766
0521.164032.980     DECL_NO >>> CW  0360576490
0521.164033.010     STATUS=0 >>> OK
"
"2014-05-21 16:41:49.800"`"ER90"`"BAG503A04B1197"`````"0521.164149.790 TRANS_ID: 20140521164149462775
0521.164149.800     DECL_NO >>> BAG503A04B1197
0521.164149.810     STATUS=0 >>> OK
"
"2014-05-21 16:41:50.000"`"ER90"`"BAG503A04B1198"`````"0521.164149.990 TRANS_ID: 20140521164149462776
0521.164150.000     DECL_NO >>> BAG503A04B1198
0521.164150.010     STATUS=0 >>> OK
"
"2014-05-21 16:43:29.130"`"ER90"`"CA  0355315861"`````"0521.164329.110 TRANS_ID: 20140521164328462789
0521.164329.130     DECL_NO >>> CA  0355315861
0521.164329.210     STATUS=0 >>> OK
"
"2014-05-21 16:44:18.570"`"ER90"`"BNBF03286X2928"`````"0521.164418.570 TRANS_ID: 20140521164418462791
0521.164418.570     DECL_NO >>> BNBF03286X2928
0521.164418.600     STATUS=0 >>> OK
"
"2014-05-21 16:52:31.010"`"ER90"`"CSCA0343574592"`````"0521.165231.010 TRANS_ID: 20140521165230463217
0521.165231.010     DECL_NO >>> CSCA0343574592
0521.165231.040     STATUS=0 >>> OK
"
"2014-05-21 16:56:16.700"`"ER90"`"BC  03196G0241"`````"0521.165616.700 TRANS_ID: 20140521165616463300
0521.165616.700     DECL_NO >>> BC  03196G0241
0521.165616.720     STATUS=0 >>> OK
"
"2014-05-21 16:58:18.060"`"ER90"`"BNBF03018V1572"`````"0521.165818.060 TRANS_ID: 20140521165817463371
0521.165818.060     DECL_NO >>> BNBF03018V1572
0521.165818.090     STATUS=0 >>> OK
"
"2014-05-21 16:58:29.720"`"ER90"`"CW  0355024046"`````"0521.165829.710 TRANS_ID: 20140521165829463378
0521.165829.720     DECL_NO >>> CW  0355024046
0521.165829.900     STATUS=0 >>> OK
"
"2014-05-21 16:58:30.150"`"ER90"`"CW  0355024053"`````"0521.165830.150 TRANS_ID: 20140521165829463400
0521.165830.150     DECL_NO >>> CW  0355024053
0521.165830.170     STATUS=0 >>> OK
"
"2014-05-21 16:58:30.290"`"ER90"`"CW  0355024054"`````"0521.165830.290 TRANS_ID: 20140521165829463402
0521.165830.290     DECL_NO >>> CW  0355024054
0521.165830.320     STATUS=0 >>> OK
"
"2014-05-21 17:04:31.010"`"ER90"`"BC  03112E0232"`````"0521.170431.000 TRANS_ID: 20140521170430463617
0521.170431.010     DECL_NO >>> BC  03112E0232
0521.170431.020     STATUS=0 >>> OK
"
"2014-05-21 17:04:31.310"`"ER90"`"DABC03212Y5174"`````"0521.170431.310 TRANS_ID: 20140521170430463618
0521.170431.310     DECL_NO >>> DABC03212Y5174
0521.170431.340     STATUS=0 >>> OK
"
"2014-05-21 17:06:49.580"`"ER90"`"BNCF03018V1464"`````"0521.170649.580 TRANS_ID: 20140521170649463711
0521.170649.580     DECL_NO >>> BNCF03018V1464
0521.170649.610     STATUS=0 >>> OK
"
"2014-05-21 17:06:49.770"`"ER90"`"BNCF03018V1471"`````"0521.170649.760 TRANS_ID: 20140521170649463712
0521.170649.770     DECL_NO >>> BNCF03018V1471
0521.170649.780     STATUS=0 >>> OK
"
"2014-05-21 17:06:49.870"`"ER90"`"BNCF03018V1468"`````"0521.170649.870 TRANS_ID: 20140521170649463713
0521.170649.870     DECL_NO >>> BNCF03018V1468
0521.170649.880     STATUS=0 >>> OK
"
"2014-05-21 17:06:49.960"`"ER90"`"BNCF03018V1465"`````"0521.170649.950 TRANS_ID: 20140521170649463726
0521.170649.960     DECL_NO >>> BNCF03018V1465
0521.170649.970     STATUS=0 >>> OK
"
"2014-05-21 17:10:33.170"`"ER90"`"CW  0301416591"`````"0521.171033.160 TRANS_ID: 20140521171032463999
0521.171033.170     DECL_NO >>> CW  0301416591
0521.171033.180     STATUS=0 >>> OK
"
"2014-05-21 17:17:27.400"`"ER90"`"AA  0317626446"`````"0521.171727.390 TRANS_ID: 20140521171726464191
0521.171727.400     DECL_NO >>> AA  0317626446
0521.171727.420     STATUS=0 >>> OK
"
"2014-05-21 17:19:17.690"`"ER90"`"CA  0355315880"`````"0521.171917.690 TRANS_ID: 20140521171917464227
0521.171917.690     DECL_NO >>> CA  0355315880
0521.171917.720     STATUS=0 >>> OK
"
"2014-05-21 17:19:29.030"`"ER90"`"CW  0360576493"`````"0521.171929.030 TRANS_ID: 20140521171928464241
0521.171929.030     DECL_NO >>> CW  0360576493
0521.171929.070     STATUS=0 >>> OK
"
"2014-05-21 17:20:17.830"`"ER90"`"BC  03UI013050"`````"0521.172017.820 TRANS_ID: 20140521172017464234
0521.172017.830     DECL_NO >>> BC  03UI013050
0521.172017.840     STATUS=0 >>> OK
"
"2014-05-21 17:20:17.960"`"ER90"`"BC  03UI013033"`````"0521.172017.960 TRANS_ID: 20140521172017464250
0521.172017.960     DECL_NO >>> BC  03UI013033
0521.172017.970     STATUS=0 >>> OK
"
"2014-05-21 17:21:45.210"`"ER90"`"CG  030C301698"`````"0521.172145.200 TRANS_ID: 20140521172144464303
0521.172145.210     DECL_NO >>> CG  030C301698
0521.172145.230     STATUS=0 >>> OK
"
"2014-05-21 17:21:45.310"`"ER90"`"CW  0306971314"`````"0521.172145.310 TRANS_ID: 20140521172144464289
0521.172145.310     DECL_NO >>> CW  0306971314
0521.172145.330     STATUS=0 >>> OK
"
"2014-05-21 17:22:30.190"`"ER90"`"AEBC03UI146502"`````"0521.172230.180 TRANS_ID: 20140521172229464296
0521.172230.190     DECL_NO >>> AEBC03UI146502
0521.172230.190     STATUS=1 >>> MSG_FUNC_CD=1
"
"2014-05-21 17:29:28.010"`"ER90"`"DABC03UI148241"`````"0521.172928.010 TRANS_ID: 20140521172927464740
0521.172928.010     DECL_NO >>> DABC03UI148241
0521.172928.030     STATUS=0 >>> OK
"
"2014-05-21 17:29:50.450"`"ER90"`"BNCF03018V1458"`````"0521.172950.440 TRANS_ID: 20140521172950464723
0521.172950.450     DECL_NO >>> BNCF03018V1458
0521.172950.470     STATUS=0 >>> OK
"
"2014-05-21 17:34:29.690"`"ER90"`"CH  03148S2583"`````"0521.173429.690 TRANS_ID: 20140521173429464796
0521.173429.690     DECL_NO >>> CH  03148S2583
0521.173429.760     STATUS=0 >>> OK
"
"2014-05-21 17:37:29.220"`"ER90"`"CH  0363913942"`````"0521.173729.210 TRANS_ID: 20140521173728464897
0521.173729.220     DECL_NO >>> CH  0363913942
0521.173729.230     STATUS=0 >>> OK
"
"2014-05-21 17:38:27.850"`"ER90"`"DABC03120F1314"`````"0521.173827.850 TRANS_ID: 20140521173827464913
0521.173827.850     DECL_NO >>> DABC03120F1314
0521.173827.870     STATUS=0 >>> OK
"
"2014-05-21 17:39:42.750"`"ER90"`"BSCH0331450096"`````"0521.173942.750 TRANS_ID: 20140521173942464929
0521.173942.750     DECL_NO >>> BSCH0331450096
0521.173942.770     STATUS=0 >>> OK
"
"2014-05-21 17:40:31.900"`"ER90"`"BD  03UI764001"`````"0521.174031.890 TRANS_ID: 20140521174031464963
0521.174031.900     DECL_NO >>> BD  03UI764001
0521.174031.910     STATUS=0 >>> OK
"
"2014-05-21 17:43:30.150"`"ER90"`"CSCA0343574590"`````"0521.174330.150 TRANS_ID: 20140521174329465062
0521.174330.150     DECL_NO >>> CSCA0343574590
0521.174330.160     STATUS=0 >>> OK
"
"2014-05-21 17:43:30.540"`"ER90"`"CW  0301416597"`````"0521.174330.530 TRANS_ID: 20140521174329465063
0521.174330.540     DECL_NO >>> CW  0301416597
0521.174330.570     STATUS=0 >>> OK
"
"2014-05-21 17:43:30.730"`"ER90"`"CW  0357B04850"`````"0521.174330.730 TRANS_ID: 20140521174330465059
0521.174330.730     DECL_NO >>> CW  0357B04850
0521.174330.740     STATUS=0 >>> OK
"
"2014-05-21 17:44:28.100"`"ER90"`"BD  03UH840371"`````"0521.174428.100 TRANS_ID: 20140521174427465101
0521.174428.100     DECL_NO >>> BD  03UH840371
0521.174428.120     STATUS=0 >>> OK
"
"2014-05-21 17:51:51.060"`"ER90"`"CU  0343509544"`````"0521.175151.050 TRANS_ID: 20140521175150465297
0521.175151.060     DECL_NO >>> CU  0343509544
0521.175151.090     STATUS=0 >>> OK
"
"2014-05-21 17:52:14.970"`"ER90"`"CH  0309602036"`````"0521.175214.970 TRANS_ID: 20140521175214465350
0521.175214.970     DECL_NO >>> CH  0309602036
0521.175215.030     STATUS=0 >>> OK
"
"2014-05-21 17:52:35.440"`"ER90"`"CH  0308831112"`````"0521.175235.430 TRANS_ID: 20140521175229465360
0521.175235.440     DECL_NO >>> CH  0308831112
0521.175235.460     STATUS=0 >>> OK
"
"2014-05-21 17:52:35.650"`"ER90"`"CH  0308831113"`````"0521.175235.610 TRANS_ID: 20140521175235465331
0521.175235.650     DECL_NO >>> CH  0308831113
0521.175235.720     STATUS=0 >>> OK
"
"2014-05-21 17:52:35.830"`"ER90"`"CH  0308841022"`````"0521.175235.820 TRANS_ID: 20140521175235465332
0521.175235.830     DECL_NO >>> CH  0308841022
0521.175235.840     STATUS=0 >>> OK
"
"2014-05-21 17:52:35.920"`"ER90"`"CH  0308882908"`````"0521.175235.920 TRANS_ID: 20140521175235465333
0521.175235.920     DECL_NO >>> CH  0308882908
0521.175236.040     STATUS=0 >>> OK
"
"2014-05-21 17:55:31.440"`"ER90"`"BSBF0333900991"`````"0521.175531.440 TRANS_ID: 20140521175531465428
0521.175531.440     DECL_NO >>> BSBF0333900991
0521.175531.460     STATUS=0 >>> OK
"
"2014-05-21 17:57:49.700"`"ER90"`"BNBF03286X2937"`````"0521.175749.690 TRANS_ID: 20140521175749465471
0521.175749.700     DECL_NO >>> BNBF03286X2937
0521.175749.710     STATUS=0 >>> OK
"
"2014-05-21 17:58:30.440"`"ER90"`"BSBF0333900992"`````"0521.175830.430 TRANS_ID: 20140521175830465482
0521.175830.440     DECL_NO >>> BSBF0333900992
0521.175830.470     STATUS=0 >>> OK
"
"2014-05-21 18:00:51.130"`"ER90"`"BNBF03018V1574"`````"0521.180051.120 TRANS_ID: 20140521180050465522
0521.180051.130     DECL_NO >>> BNBF03018V1574
0521.180051.170     STATUS=0 >>> OK
"
"2014-05-21 18:00:51.460"`"ER90"`"BNBF03195W8491"`````"0521.180051.450 TRANS_ID: 20140521180050465523
0521.180051.460     DECL_NO >>> BNBF03195W8491
0521.180051.510     STATUS=0 >>> OK
"
"2014-05-21 18:04:29.450"`"ER90"`"BSCH0333900371"`````"0521.180429.450 TRANS_ID: 20140521180428465570
0521.180429.450     DECL_NO >>> BSCH0333900371
0521.180429.530     STATUS=0 >>> OK
"
"2014-05-21 18:04:29.640"`"ER90"`"CA  0308851055"`````"0521.180429.640 TRANS_ID: 20140521180429465571
0521.180429.640     DECL_NO >>> CA  0308851055
0521.180429.670     STATUS=0 >>> OK
"
"2014-05-21 18:13:29.560"`"ER90"`"BSCH0333900378"`````"0521.181329.550 TRANS_ID: 20140521181329465670
0521.181329.560     DECL_NO >>> BSCH0333900378
0521.181329.580     STATUS=0 >>> OK
"
"2014-05-21 18:13:29.650"`"ER90"`"BSCH0333900377"`````"0521.181329.640 TRANS_ID: 20140521181329465671
0521.181329.650     DECL_NO >>> BSCH0333900377
0521.181329.660     STATUS=0 >>> OK
"
"2014-05-21 18:13:29.760"`"ER90"`"BSCH0333900379"`````"0521.181329.760 TRANS_ID: 20140521181329465636
0521.181329.760     DECL_NO >>> BSCH0333900379
0521.181329.770     STATUS=0 >>> OK
"
"2014-05-21 18:15:13.890"`"ER90"`"CF  03550JU704"`````"0521.181513.880 TRANS_ID: 20140521181513465681
0521.181513.890     DECL_NO >>> CF  03550JU704
0521.181513.910     STATUS=0 >>> OK
"
"2014-05-21 18:18:16.340"`"ER90"`"BSCH0331200350"`````"0521.181816.330 TRANS_ID: 20140521181815465715
0521.181816.340     DECL_NO >>> BSCH0331200350
0521.181816.360     STATUS=0 >>> OK
"
"2014-05-21 18:19:15.930"`"ER90"`"CF  03550JV709"`````"0521.181915.920 TRANS_ID: 20140521181915465725
0521.181915.930     DECL_NO >>> CF  03550JV709
0521.181915.960     STATUS=0 >>> OK
"
"2014-05-21 18:19:16.030"`"ER90"`"CF  03550JU895"`````"0521.181916.020 TRANS_ID: 20140521181915465726
0521.181916.030     DECL_NO >>> CF  03550JU895
0521.181916.050     STATUS=0 >>> OK
"
"2014-05-21 18:19:29.400"`"ER90"`"CW  0322365SNB"`````"0521.181929.390 TRANS_ID: 20140521181928465730
0521.181929.400     DECL_NO >>> CW  0322365SNB
0521.181929.410     STATUS=0 >>> OK
"
"2014-05-21 18:19:29.890"`"ER90"`"CW  0322365UCK"`````"0521.181929.890 TRANS_ID: 20140521181929465732
0521.181929.890     DECL_NO >>> CW  0322365UCK
0521.181929.940     STATUS=0 >>> OK
"
"2014-05-21 18:22:15.080"`"ER90"`"CF  03550JV766"`````"0521.182215.080 TRANS_ID: 20140521182214465774
0521.182215.080     DECL_NO >>> CF  03550JV766
0521.182215.150     STATUS=0 >>> OK
"
"2014-05-21 18:22:30.730"`"ER90"`"CW  0322365UBF"`````"0521.182230.730 TRANS_ID: 20140521182230465776
0521.182230.730     DECL_NO >>> CW  0322365UBF
0521.182230.770     STATUS=0 >>> OK
"
"2014-05-21 18:28:29.930"`"ER90"`"CH  03148H9048"`````"0521.182829.930 TRANS_ID: 20140521182829465842
0521.182829.930     DECL_NO >>> CH  03148H9048
0521.182829.950     STATUS=0 >>> OK
"
"2014-05-21 18:38:15.650"`"ER90"`"CF  03550JV919"`````"0521.183815.640 TRANS_ID: 20140521183815465919
0521.183815.650     DECL_NO >>> CF  03550JV919
0521.183815.670     STATUS=0 >>> OK
"
"2014-05-21 18:38:16.280"`"ER90"`"CF  03550JV723"`````"0521.183816.270 TRANS_ID: 20140521183815465941
0521.183816.280     DECL_NO >>> CF  03550JV723
0521.183816.290     STATUS=0 >>> OK
"
"2014-05-21 18:38:18.410"`"ER90"`"CF  03550JV836"`````"0521.183818.400 TRANS_ID: 20140521183817465930
0521.183818.410     DECL_NO >>> CF  03550JV836
0521.183818.420     STATUS=0 >>> OK
"
"2014-05-21 18:40:15.650"`"ER90"`"CF  03550JV744"`````"0521.184015.650 TRANS_ID: 20140521184015465962
0521.184015.650     DECL_NO >>> CF  03550JV744
0521.184015.670     STATUS=0 >>> OK
"
"2014-05-21 18:40:16.430"`"ER90"`"CF  03550JV768"`````"0521.184016.430 TRANS_ID: 20140521184015465964
0521.184016.430     DECL_NO >>> CF  03550JV768
0521.184016.600     STATUS=0 >>> OK
"
"2014-05-21 18:40:16.620"`"ER90"`"CF  03550JV797"`````"0521.184016.620 TRANS_ID: 20140521184015465965
0521.184016.620     DECL_NO >>> CF  03550JV797
0521.184016.650     STATUS=0 >>> OK
"
"2014-05-21 18:40:31.550"`"ER90"`"CW  0322365SUX"`````"0521.184031.540 TRANS_ID: 20140521184031465968
0521.184031.550     DECL_NO >>> CW  0322365SUX
0521.184031.580     STATUS=0 >>> OK
"
"2014-05-21 18:45:16.840"`"ER90"`"CX  0322365TER"`````"0521.184516.830 TRANS_ID: 20140521184516466041
0521.184516.840     DECL_NO >>> CX  0322365TER
0521.184516.850     STATUS=0 >>> OK
"
"2014-05-21 18:46:29.800"`"ER90"`"CH  0301491437"`````"0521.184629.780 TRANS_ID: 20140521184628466027
0521.184629.800     DECL_NO >>> CH  0301491437
0521.184629.820     STATUS=0 >>> OK
"
"2014-05-21 18:50:15.760"`"ER90"`"CF  03550JX338"`````"0521.185015.750 TRANS_ID: 20140521185015466067
0521.185015.760     DECL_NO >>> CF  03550JX338
0521.185015.780     STATUS=0 >>> OK
"
"2014-05-21 18:57:05.230"`"ER90"`"CX  0322365UTY"`````"0521.185705.210 TRANS_ID: 20140521185704466160
0521.185705.230     DECL_NO >>> CX  0322365UTY
0521.185705.280     STATUS=0 >>> OK
"
"2014-05-21 18:57:35.420"`"ER90"`"CX  0322365UTX"`````"0521.185735.420 TRANS_ID: 20140521185735466149
0521.185735.420     DECL_NO >>> CX  0322365UTX
0521.185735.430     STATUS=0 >>> OK
"
"2014-05-21 18:58:29.460"`"ER90"`"CW  0355024057"`````"0521.185829.450 TRANS_ID: 20140521185829466167
0521.185829.460     DECL_NO >>> CW  0355024057
0521.185829.490     STATUS=0 >>> OK
"
"2014-05-21 18:58:29.780"`"ER90"`"CX  0322365SPV"`````"0521.185829.780 TRANS_ID: 20140521185829466168
0521.185829.780     DECL_NO >>> CX  0322365SPV
0521.185829.800     STATUS=0 >>> OK
"
"2014-05-21 18:58:29.820"`"ER90"`"CX  0322365SZK"`````"0521.185829.820 TRANS_ID: 20140521185829466169
0521.185829.820     DECL_NO >>> CX  0322365SZK
0521.185829.830     STATUS=0 >>> OK
"
"2014-05-21 18:58:37.180"`"ER90"`"CF  03550JU434"`````"0521.185837.180 TRANS_ID: 20140521185836466154
0521.185837.180     DECL_NO >>> CF  03550JU434
0521.185837.200     STATUS=0 >>> OK
"
"2014-05-21 19:03:15.130"`"ER90"`"CF  03550JW961"`````"0521.190315.120 TRANS_ID: 20140521190314466201
0521.190315.130     DECL_NO >>> CF  03550JW961
0521.190315.140     STATUS=0 >>> OK
"
"2014-05-21 19:07:30.300"`"ER90"`"CF  03550JW653"`````"0521.190730.300 TRANS_ID: 20140521190729466224
0521.190730.300     DECL_NO >>> CF  03550JW653
0521.190730.320     STATUS=0 >>> OK
"
"2014-05-21 19:07:30.640"`"ER90"`"CF  03550JX394"`````"0521.190730.630 TRANS_ID: 20140521190730466196
0521.190730.640     DECL_NO >>> CF  03550JX394
0521.190730.670     STATUS=0 >>> OK
"
"2014-05-21 19:07:30.940"`"ER90"`"CW  0308312162"`````"0521.190730.940 TRANS_ID: 20140521190730466225
0521.190730.940     DECL_NO >>> CW  0308312162
0521.190730.970     STATUS=0 >>> OK
"
"2014-05-21 19:07:31.230"`"ER90"`"CW  0333633270"`````"0521.190731.230 TRANS_ID: 20140521190730466197
0521.190731.230     DECL_NO >>> CW  0333633270
0521.190731.250     STATUS=0 >>> OK
"
"2014-05-21 19:07:31.270"`"ER90"`"CW  0333633270"`````"0521.190731.270 TRANS_ID: 20140521190730466227
0521.190731.270     DECL_NO >>> CW  0333633270
0521.190731.280     STATUS=1 >>> LAST ID=FT20140521190407N68
"
"2014-05-21 19:13:30.660"`"ER90"`"CF  03550JX528"`````"0521.191330.650 TRANS_ID: 20140521191330466267
0521.191330.660     DECL_NO >>> CF  03550JX528
0521.191330.670     STATUS=0 >>> OK
"
"2014-05-21 19:19:17.820"`"ER90"`"CF  03550JX800"`````"0521.191917.820 TRANS_ID: 20140521191917466322
0521.191917.820     DECL_NO >>> CF  03550JX800
0521.191917.940     STATUS=0 >>> OK
"
"2014-05-21 19:19:29.550"`"ER90"`"CW  0322365SRS"`````"0521.191929.540 TRANS_ID: 20140521191929466323
0521.191929.550     DECL_NO >>> CW  0322365SRS
0521.191929.610     STATUS=0 >>> OK
"
"2014-05-21 19:25:04.970"`"ER90"`"CF  03550JX238"`````"0521.192504.960 TRANS_ID: 20140521192504466334
0521.192504.970     DECL_NO >>> CF  03550JX238
0521.192505.000     STATUS=0 >>> OK
"
"2014-05-21 19:25:30.700"`"ER90"`"CF  03550JW278"`````"0521.192530.690 TRANS_ID: 20140521192530466338
0521.192530.700     DECL_NO >>> CF  03550JW278
0521.192530.720     STATUS=0 >>> OK
"
"2014-05-21 19:31:31.520"`"ER90"`"CF  03550JW604"`````"0521.193131.510 TRANS_ID: 20140521193131466501
0521.193131.520     DECL_NO >>> CF  03550JW604
0521.193131.550     STATUS=0 >>> OK
"
"2014-05-21 19:33:05.890"`"ER90"`"CF  03550JV404"`````"0521.193305.880 TRANS_ID: 20140521193305466502
0521.193305.890     DECL_NO >>> CF  03550JV404
0521.193305.920     STATUS=0 >>> OK
"
"2014-05-21 19:34:30.160"`"ER90"`"CA  0301356677"`````"0521.193430.160 TRANS_ID: 20140521193429466368
0521.193430.160     DECL_NO >>> CA  0301356677
0521.193430.200     STATUS=0 >>> OK
"
"2014-05-21 19:34:30.280"`"ER90"`"CW  0355024071"`````"0521.193430.270 TRANS_ID: 20140521193429466505
0521.193430.280     DECL_NO >>> CW  0355024071
0521.193430.300     STATUS=0 >>> OK
"
"2014-05-21 19:43:29.890"`"ER90"`"CF  03550JW043"`````"0521.194329.880 TRANS_ID: 20140521194329466588
0521.194329.890     DECL_NO >>> CF  03550JW043
0521.194329.920     STATUS=0 >>> OK
"
"2014-05-21 19:43:30.010"`"ER90"`"CG  0301362837"`````"0521.194330.000 TRANS_ID: 20140521194329466589
0521.194330.010     DECL_NO >>> CG  0301362837
0521.194330.050     STATUS=0 >>> OK
"
"2014-05-21 19:48:16.990"`"ER90"`"CF  03550JV833"`````"0521.194816.980 TRANS_ID: 20140521194816466731
0521.194816.990     DECL_NO >>> CF  03550JV833
0521.194817.000     STATUS=0 >>> OK
"
"2014-05-21 19:48:19.080"`"ER90"`"CF  03550JV767"`````"0521.194819.070 TRANS_ID: 20140521194818466732
0521.194819.080     DECL_NO >>> CF  03550JV767
0521.194819.090     STATUS=0 >>> OK
"
"2014-05-21 19:55:30.910"`"ER90"`"CA  0378408453"`````"0521.195530.910 TRANS_ID: 20140521195530466574
0521.195530.910     DECL_NO >>> CA  0378408453
0521.195530.930     STATUS=0 >>> OK
"
"2014-05-21 20:19:18.710"`"ER90"`"CF  03550JV475"`````"0521.201918.710 TRANS_ID: 20140521201918467161
0521.201918.710     DECL_NO >>> CF  03550JV475
0521.201918.740     STATUS=0 >>> OK
"
"2014-05-21 20:22:29.510"`"ER90"`"CX  0322365UQK"`````"0521.202229.510 TRANS_ID: 20140521202229467168
0521.202229.510     DECL_NO >>> CX  0322365UQK
0521.202229.520     STATUS=0 >>> OK
"
"2014-05-21 20:25:49.650"`"ER90"`"CF  03550JV781"`````"0521.202549.650 TRANS_ID: 20140521202549467176
0521.202549.650     DECL_NO >>> CF  03550JV781
0521.202549.700     STATUS=0 >>> OK
"
"2014-05-21 20:25:50.060"`"ER90"`"CF  03550JU905"`````"0521.202550.060 TRANS_ID: 20140521202549467177
0521.202550.060     DECL_NO >>> CF  03550JU905
0521.202550.080     STATUS=0 >>> OK
"
"2014-05-21 20:25:50.160"`"ER90"`"CF  03550JV813"`````"0521.202550.160 TRANS_ID: 20140521202549467178
0521.202550.160     DECL_NO >>> CF  03550JV813
0521.202550.180     STATUS=0 >>> OK
"
"2014-05-21 20:25:50.430"`"ER90"`"CF  03550JV621"`````"0521.202550.430 TRANS_ID: 20140521202549467181
0521.202550.430     DECL_NO >>> CF  03550JV621
0521.202550.440     STATUS=0 >>> OK
"
"2014-05-21 20:25:50.460"`"ER90"`"CF  03550JU667"`````"0521.202550.460 TRANS_ID: 20140521202550467179
0521.202550.460     DECL_NO >>> CF  03550JU667
0521.202550.470     STATUS=0 >>> OK
"
"2014-05-21 20:28:30.550"`"ER90"`"CW  0362063338"`````"0521.202830.540 TRANS_ID: 20140521202830467580
0521.202830.550     DECL_NO >>> CW  0362063338
0521.202830.600     STATUS=0 >>> OK
"
"2014-05-21 20:28:30.920"`"ER90"`"CX  0322365SJU"`````"0521.202830.910 TRANS_ID: 20140521202830467581
0521.202830.920     DECL_NO >>> CX  0322365SJU
0521.202830.950     STATUS=0 >>> OK
"
"2014-05-21 20:29:35.700"`"ER90"`"CX  0322365SLV"`````"0521.202935.690 TRANS_ID: 20140521202935467196
0521.202935.700     DECL_NO >>> CX  0322365SLV
0521.202935.730     STATUS=0 >>> OK
"
"2014-05-21 20:29:38.450"`"ER90"`"CX  0322365SMT"`````"0521.202938.420 TRANS_ID: 20140521202937467590
0521.202938.450     DECL_NO >>> CX  0322365SMT
0521.202938.490     STATUS=0 >>> OK
"
"2014-05-21 20:29:40.220"`"ER90"`"CX  0322365SPP"`````"0521.202940.210 TRANS_ID: 20140521202939467600
0521.202940.220     DECL_NO >>> CX  0322365SPP
0521.202940.230     STATUS=0 >>> OK
"
"2014-05-21 20:29:40.510"`"ER90"`"CX  0322365SLQ"`````"0521.202940.500 TRANS_ID: 20140521202940467591
0521.202940.510     DECL_NO >>> CX  0322365SLQ
0521.202940.510     STATUS=0 >>> OK
"
"2014-05-21 20:29:40.590"`"ER90"`"CX  0322365SLC"`````"0521.202940.590 TRANS_ID: 20140521202940467601
0521.202940.590     DECL_NO >>> CX  0322365SLC
0521.202940.590     STATUS=0 >>> OK
"
"2014-05-21 20:31:19.530"`"ER90"`"CF  03550JV428"`````"0521.203119.530 TRANS_ID: 20140521203119467603
0521.203119.530     DECL_NO >>> CF  03550JV428
0521.203119.650     STATUS=0 >>> OK
"
"2014-05-21 20:33:33.360"`"ER90"`"CX  0322365SPY"`````"0521.203333.360 TRANS_ID: 20140521203331467599
0521.203333.360     DECL_NO >>> CX  0322365SPY
0521.203333.390     STATUS=0 >>> OK
"
"2014-05-21 20:33:33.470"`"ER90"`"CX  0322365VBK"`````"0521.203333.460 TRANS_ID: 20140521203331467606
0521.203333.470     DECL_NO >>> CX  0322365VBK
0521.203333.480     STATUS=0 >>> OK
"
"2014-05-21 20:33:36.940"`"ER90"`"CX  0322365RRB"`````"0521.203336.930 TRANS_ID: 20140521203336467621
0521.203336.940     DECL_NO >>> CX  0322365RRB
0521.203336.950     STATUS=0 >>> OK
"
"2014-05-21 20:36:19.650"`"ER90"`"CF  03550JW441"`````"0521.203619.650 TRANS_ID: 20140521203619467651
0521.203619.650     DECL_NO >>> CF  03550JW441
0521.203619.670     STATUS=0 >>> OK
"
"2014-05-21 20:36:19.690"`"ER90"`"CF  03550JV664"`````"0521.203619.690 TRANS_ID: 20140521203619467652
0521.203619.690     DECL_NO >>> CF  03550JV664
0521.203619.700     STATUS=0 >>> OK
"
"2014-05-21 20:37:47.430"`"ER90"`"CX  0322365TKR"`````"0521.203747.420 TRANS_ID: 20140521203746467657
0521.203747.430     DECL_NO >>> CX  0322365TKR
0521.203747.510     STATUS=0 >>> OK
"
"2014-05-21 20:48:36.620"`"ER90"`"CX  0322365SHV"`````"0521.204836.610 TRANS_ID: 20140521204835468162
0521.204836.620     DECL_NO >>> CX  0322365SHV
0521.204836.640     STATUS=0 >>> OK
"
"2014-05-21 20:49:06.470"`"ER90"`"CX  0322365UHK"`````"0521.204906.470 TRANS_ID: 20140521204905468490
0521.204906.470     DECL_NO >>> CX  0322365UHK
0521.204906.590     STATUS=0 >>> OK
"
"2014-05-21 20:49:36.650"`"ER90"`"CX  0322365SLD"`````"0521.204936.640 TRANS_ID: 20140521204936468520
0521.204936.650     DECL_NO >>> CX  0322365SLD
0521.204936.660     STATUS=0 >>> OK
"
"2014-05-21 20:55:30.450"`"ER90"`"CX  0322365UMS"`````"0521.205530.450 TRANS_ID: 20140521205529468542
0521.205530.450     DECL_NO >>> CX  0322365UMS
0521.205530.490     STATUS=0 >>> OK
"
"2014-05-21 20:58:30.910"`"ER90"`"CF  03550JX501"`````"0521.205830.900 TRANS_ID: 20140521205830468550
0521.205830.910     DECL_NO >>> CF  03550JX501
0521.205830.910     STATUS=1 >>> LAST ID=FT20140521205513N44
"
"2014-05-21 20:58:30.940"`"ER90"`"CF  03550JX501"`````"0521.205830.940 TRANS_ID: 20140521205830468562
0521.205830.940     DECL_NO >>> CF  03550JX501
0521.205830.950     STATUS=0 >>> OK
"
"2014-05-21 21:02:22.980"`"ER90"`"CU  0357B57774"`````"0521.210222.970 TRANS_ID: 20140521210222468586
0521.210222.980     DECL_NO >>> CU  0357B57774
0521.210223.020     STATUS=0 >>> OK
"
"2014-05-21 21:02:23.860"`"ER90"`"CU  0357B57779"`````"0521.210223.860 TRANS_ID: 20140521210223468588
0521.210223.860     DECL_NO >>> CU  0357B57779
0521.210223.890     STATUS=0 >>> OK
"
"2014-05-21 21:02:24.000"`"ER90"`"CU  0357B57780"`````"0521.210224.000 TRANS_ID: 20140521210223468589
0521.210224.000     DECL_NO >>> CU  0357B57780
0521.210224.010     STATUS=0 >>> OK
"
"2014-05-21 21:02:24.080"`"ER90"`"CU  0357B57776"`````"0521.210224.080 TRANS_ID: 20140521210223468590
0521.210224.080     DECL_NO >>> CU  0357B57776
0521.210224.090     STATUS=0 >>> OK
"
"2014-05-21 21:02:24.170"`"ER90"`"CU  0357B27175"`````"0521.210224.170 TRANS_ID: 20140521210223468591
0521.210224.170     DECL_NO >>> CU  0357B27175
0521.210224.180     STATUS=0 >>> OK
"
"2014-05-21 21:02:24.260"`"ER90"`"CU  0357B57775"`````"0521.210224.260 TRANS_ID: 20140521210223468603
0521.210224.260     DECL_NO >>> CU  0357B57775
0521.210224.270     STATUS=0 >>> OK
"
"2014-05-21 21:02:24.320"`"ER90"`"CU  0357B57772"`````"0521.210224.320 TRANS_ID: 20140521210223468604
0521.210224.320     DECL_NO >>> CU  0357B57772
0521.210224.330     STATUS=0 >>> OK
"
"2014-05-21 21:02:24.400"`"ER90"`"CU  0357B57778"`````"0521.210224.390 TRANS_ID: 20140521210223468592
0521.210224.400     DECL_NO >>> CU  0357B57778
0521.210224.410     STATUS=0 >>> OK
"
"2014-05-21 21:02:24.470"`"ER90"`"CU  0357B27176"`````"0521.210224.470 TRANS_ID: 20140521210223468593
0521.210224.470     DECL_NO >>> CU  0357B27176
0521.210224.490     STATUS=0 >>> OK
"
"2014-05-21 21:02:24.550"`"ER90"`"CU  0357B57781"`````"0521.210224.550 TRANS_ID: 20140521210223468594
0521.210224.550     DECL_NO >>> CU  0357B57781
0521.210224.560     STATUS=0 >>> OK
"
"2014-05-21 21:02:24.610"`"ER90"`"CU  0357B27173"`````"0521.210224.610 TRANS_ID: 20140521210223468605
0521.210224.610     DECL_NO >>> CU  0357B27173
0521.210224.650     STATUS=0 >>> OK
"
"2014-05-21 21:02:25.050"`"ER90"`"CU  0357B57773"`````"0521.210225.050 TRANS_ID: 20140521210224468599
0521.210225.050     DECL_NO >>> CU  0357B57773
0521.210225.070     STATUS=0 >>> OK
"
"2014-05-21 21:04:20.020"`"ER90"`"CF  03550JU963"`````"0521.210420.020 TRANS_ID: 20140521210419468627
0521.210420.020     DECL_NO >>> CF  03550JU963
0521.210420.050     STATUS=0 >>> OK
"
"2014-05-21 21:04:29.830"`"ER90"`"CX  0340860637"`````"0521.210429.830 TRANS_ID: 20140521210429468628
0521.210429.830     DECL_NO >>> CX  0340860637
0521.210429.850     STATUS=0 >>> OK
"
"2014-05-21 21:08:37.180"`"ER90"`"CX  0322365UYN"`````"0521.210837.180 TRANS_ID: 20140521210836468615
0521.210837.180     DECL_NO >>> CX  0322365UYN
0521.210837.200     STATUS=0 >>> OK
"
"2014-05-21 21:08:37.420"`"ER90"`"CX  0322365TES"`````"0521.210837.420 TRANS_ID: 20140521210836468634
0521.210837.420     DECL_NO >>> CX  0322365TES
0521.210837.440     STATUS=0 >>> OK
"
"2014-05-21 21:08:37.850"`"ER90"`"CX  0322365TDR"`````"0521.210837.850 TRANS_ID: 20140521210836468635
0521.210837.850     DECL_NO >>> CX  0322365TDR
0521.210837.870     STATUS=0 >>> OK
"
"2014-05-21 21:08:38.220"`"ER90"`"CX  0322365UZM"`````"0521.210838.220 TRANS_ID: 20140521210836468636
0521.210838.220     DECL_NO >>> CX  0322365UZM
0521.210838.240     STATUS=0 >>> OK
"
"2014-05-21 21:09:05.450"`"ER90"`"CX  0322365TGQ"`````"0521.210905.450 TRANS_ID: 20140521210904468616
0521.210905.450     DECL_NO >>> CX  0322365TGQ
0521.210905.470     STATUS=0 >>> OK
"
"2014-05-21 21:09:07.410"`"ER90"`"CX  0322365TRJ"`````"0521.210907.410 TRANS_ID: 20140521210906468826
0521.210907.410     DECL_NO >>> CX  0322365TRJ
0521.210907.430     STATUS=0 >>> OK
"
"2014-05-21 21:09:38.060"`"ER90"`"CX  0322365TGZ"`````"0521.210938.060 TRANS_ID: 20140521210937468617
0521.210938.060     DECL_NO >>> CX  0322365TGZ
0521.210938.080     STATUS=0 >>> OK
"
"2014-05-21 21:09:38.200"`"ER90"`"CX  0322365TQM"`````"0521.210938.200 TRANS_ID: 20140521210937469641
0521.210938.200     DECL_NO >>> CX  0322365TQM
0521.210938.210     STATUS=0 >>> OK
"
"2014-05-21 21:09:38.260"`"ER90"`"CX  0322365TNW"`````"0521.210938.260 TRANS_ID: 20140521210937469642
0521.210938.260     DECL_NO >>> CX  0322365TNW
0521.210938.270     STATUS=0 >>> OK
"
"2014-05-21 21:09:39.970"`"ER90"`"CX  0322365TNC"`````"0521.210939.960 TRANS_ID: 20140521210939469643
0521.210939.970     DECL_NO >>> CX  0322365TNC
0521.210939.980     STATUS=0 >>> OK
"
"2014-05-21 21:13:05.920"`"ER90"`"CX  0322365TLR"`````"0521.211305.910 TRANS_ID: 20140521211305469645
0521.211305.920     DECL_NO >>> CX  0322365TLR
0521.211305.950     STATUS=0 >>> OK
"
"2014-05-21 21:13:06.140"`"ER90"`"CX  0322365TGK"`````"0521.211306.140 TRANS_ID: 20140521211305469646
0521.211306.140     DECL_NO >>> CX  0322365TGK
0521.211306.160     STATUS=0 >>> OK
"
"2014-05-21 21:13:36.970"`"ER90"`"CX  0322365SKC"`````"0521.211336.970 TRANS_ID: 20140521211336468618
0521.211336.970     DECL_NO >>> CX  0322365SKC
0521.211336.990     STATUS=0 >>> OK
"
"2014-05-21 21:13:38.740"`"ER90"`"CX  0322365THQ"`````"0521.211338.740 TRANS_ID: 20140521211338469649
0521.211338.740     DECL_NO >>> CX  0322365THQ
0521.211338.760     STATUS=0 >>> OK
"
"2014-05-21 21:13:38.830"`"ER90"`"CX  0322365UXA"`````"0521.211338.830 TRANS_ID: 20140521211338469650
0521.211338.830     DECL_NO >>> CX  0322365UXA
0521.211338.840     STATUS=0 >>> OK
"
"2014-05-21 21:13:39.210"`"ER90"`"CX  0322365TME"`````"0521.211339.200 TRANS_ID: 20140521211338468619
0521.211339.210     DECL_NO >>> CX  0322365TME
0521.211339.230     STATUS=0 >>> OK
"
"2014-05-21 21:13:41.290"`"ER90"`"CX  0322365TBX"`````"0521.211341.270 TRANS_ID: 20140521211340469652
0521.211341.290     DECL_NO >>> CX  0322365TBX
0521.211341.340     STATUS=0 >>> OK
"
"2014-05-21 21:13:43.510"`"ER90"`"CX  0322365SKH"`````"0521.211343.490 TRANS_ID: 20140521211343469655
0521.211343.510     DECL_NO >>> CX  0322365SKH
0521.211343.540     STATUS=0 >>> OK
"
"2014-05-21 21:13:43.750"`"ER90"`"CX  0322365SJB"`````"0521.211343.740 TRANS_ID: 20140521211343469656
0521.211343.750     DECL_NO >>> CX  0322365SJB
0521.211343.800     STATUS=0 >>> OK
"
"2014-05-21 21:13:44.000"`"ER90"`"CX  0322365VFN"`````"0521.211343.990 TRANS_ID: 20140521211343469657
0521.211344.000     DECL_NO >>> CX  0322365VFN
0521.211344.010     STATUS=0 >>> OK
"
"2014-05-21 21:13:44.090"`"ER90"`"CX  0322365SFU"`````"0521.211344.090 TRANS_ID: 20140521211343469660
0521.211344.090     DECL_NO >>> CX  0322365SFU
0521.211344.100     STATUS=0 >>> OK
"
"2014-05-21 21:17:06.140"`"ER90"`"CX  0322365TMZ"`````"0521.211706.140 TRANS_ID: 20140521211705469683
0521.211706.140     DECL_NO >>> CX  0322365TMZ
0521.211706.170     STATUS=0 >>> OK
"
"2014-05-21 21:17:06.280"`"ER90"`"CX  0322365SFN"`````"0521.211706.270 TRANS_ID: 20140521211705469684
0521.211706.280     DECL_NO >>> CX  0322365SFN
0521.211706.300     STATUS=0 >>> OK
"
"2014-05-21 21:17:36.050"`"ER90"`"CX  0322365TNP"`````"0521.211736.010 TRANS_ID: 20140521211735469685
0521.211736.050     DECL_NO >>> CX  0322365TNP
0521.211736.090     STATUS=0 >>> OK
"
"2014-05-21 21:17:39.120"`"ER90"`"CX  0322365SGT"`````"0521.211739.120 TRANS_ID: 20140521211738469673
0521.211739.120     DECL_NO >>> CX  0322365SGT
0521.211739.140     STATUS=0 >>> OK
"
"2014-05-21 21:17:39.240"`"ER90"`"CX  0322365SGY"`````"0521.211739.240 TRANS_ID: 20140521211738469691
0521.211739.240     DECL_NO >>> CX  0322365SGY
0521.211739.260     STATUS=0 >>> OK
"
"2014-05-21 21:17:39.320"`"ER90"`"CX  0322365SGK"`````"0521.211739.320 TRANS_ID: 20140521211738469692
0521.211739.320     DECL_NO >>> CX  0322365SGK
0521.211739.330     STATUS=0 >>> OK
"
"2014-05-21 21:17:40.690"`"ER90"`"CX  0322365SGQ"`````"0521.211740.690 TRANS_ID: 20140521211740469696
0521.211740.690     DECL_NO >>> CX  0322365SGQ
0521.211740.710     STATUS=0 >>> OK
"
"2014-05-21 21:17:42.990"`"ER90"`"CX  0322365SEF"`````"0521.211742.980 TRANS_ID: 20140521211742469699
0521.211742.990     DECL_NO >>> CX  0322365SEF
0521.211743.010     STATUS=0 >>> OK
"
"2014-05-21 21:19:19.990"`"ER90"`"CX  0322312YTP"`````"0521.211919.990 TRANS_ID: 20140521211919469700
0521.211919.990     DECL_NO >>> CX  0322312YTP
0521.211920.060     STATUS=0 >>> OK
"
"2014-05-21 21:19:30.010"`"ER90"`"CX  0322365SYW"`````"0521.211930.010 TRANS_ID: 20140521211929469679
0521.211930.010     DECL_NO >>> CX  0322365SYW
0521.211930.020     STATUS=0 >>> OK
"
"2014-05-21 21:21:05.400"`"ER90"`"CX  0322365SHE"`````"0521.212105.390 TRANS_ID: 20140521212104469720
0521.212105.400     DECL_NO >>> CX  0322365SHE
0521.212105.430     STATUS=0 >>> OK
"
"2014-05-21 21:21:37.650"`"ER90"`"CX  0322365SGC"`````"0521.212137.640 TRANS_ID: 20140521212137469705
0521.212137.650     DECL_NO >>> CX  0322365SGC
0521.212137.660     STATUS=0 >>> OK
"
"2014-05-21 21:21:37.770"`"ER90"`"CX  0322365SFA"`````"0521.212137.770 TRANS_ID: 20140521212137469722
0521.212137.770     DECL_NO >>> CX  0322365SFA
0521.212137.780     STATUS=0 >>> OK
"
"2014-05-21 21:21:39.630"`"ER90"`"CX  0322365SGD"`````"0521.212139.630 TRANS_ID: 20140521212139469723
0521.212139.630     DECL_NO >>> CX  0322365SGD
0521.212139.640     STATUS=0 >>> OK
"
"2014-05-21 21:23:43.180"`"ER90"`"CX  0322365TFU"`````"0521.212343.180 TRANS_ID: 20140521212342469714
0521.212343.180     DECL_NO >>> CX  0322365TFU
0521.212343.210     STATUS=0 >>> OK
"
"2014-05-21 21:23:43.520"`"ER90"`"CX  0322365TFZ"`````"0521.212343.510 TRANS_ID: 20140521212342469716
0521.212343.520     DECL_NO >>> CX  0322365TFZ
0521.212343.540     STATUS=0 >>> OK
"
"2014-05-21 21:25:06.780"`"ER90"`"CX  0322365TLE"`````"0521.212506.780 TRANS_ID: 20140521212506469718
0521.212506.780     DECL_NO >>> CX  0322365TLE
0521.212506.800     STATUS=0 >>> OK
"
"2014-05-21 21:25:06.820"`"ER90"`"CX  0322365USK"`````"0521.212506.810 TRANS_ID: 20140521212506469732
0521.212506.820     DECL_NO >>> CX  0322365USK
0521.212506.830     STATUS=0 >>> OK
"
"2014-05-21 21:25:37.270"`"ER90"`"CX  0322365TLP"`````"0521.212537.260 TRANS_ID: 20140521212536469719
0521.212537.270     DECL_NO >>> CX  0322365TLP
0521.212537.280     STATUS=0 >>> OK
"
"2014-05-21 21:25:37.340"`"ER90"`"CX  0322365URA"`````"0521.212537.340 TRANS_ID: 20140521212536469733
0521.212537.340     DECL_NO >>> CX  0322365URA
0521.212537.360     STATUS=0 >>> OK
"
"2014-05-21 21:25:37.670"`"ER90"`"CX  0322365TFG"`````"0521.212537.660 TRANS_ID: 20140521212536469740
0521.212537.670     DECL_NO >>> CX  0322365TFG
0521.212537.670     STATUS=0 >>> OK
"
"2014-05-21 21:29:07.280"`"ER90"`"CX  0322365VCC"`````"0521.212907.270 TRANS_ID: 20140521212906469749
0521.212907.280     DECL_NO >>> CX  0322365VCC
0521.212907.290     STATUS=0 >>> OK
"
"2014-05-21 21:29:07.390"`"ER90"`"CX  0322365VCF"`````"0521.212907.390 TRANS_ID: 20140521212906469760
0521.212907.390     DECL_NO >>> CX  0322365VCF
0521.212907.400     STATUS=0 >>> OK
"
"2014-05-21 21:29:35.680"`"ER90"`"CX  0322365TEH"`````"0521.212935.680 TRANS_ID: 20140521212935469764
0521.212935.680     DECL_NO >>> CX  0322365TEH
0521.212935.700     STATUS=0 >>> OK
"
"2014-05-21 21:29:35.850"`"ER90"`"CX  0322365UTH"`````"0521.212935.850 TRANS_ID: 20140521212935469755
0521.212935.850     DECL_NO >>> CX  0322365UTH
0521.212935.860     STATUS=0 >>> OK
"
"2014-05-21 21:29:40.590"`"ER90"`"CX  0322365VAA"`````"0521.212940.580 TRANS_ID: 20140521212940469759
0521.212940.590     DECL_NO >>> CX  0322365VAA
0521.212940.610     STATUS=0 >>> OK
"
"2014-05-21 21:29:40.700"`"ER90"`"CX  0322365VAF"`````"0521.212940.700 TRANS_ID: 20140521212940469767
0521.212940.700     DECL_NO >>> CX  0322365VAF
0521.212940.710     STATUS=0 >>> OK
"
"2014-05-21 21:29:42.630"`"ER90"`"CX  0322365VBH"`````"0521.212942.620 TRANS_ID: 20140521212942469768
0521.212942.630     DECL_NO >>> CX  0322365VBH
0521.212942.630     STATUS=0 >>> OK
"
"2014-05-21 21:32:38.180"`"ER90"`"CX  0322365TCQ"`````"0521.213238.170 TRANS_ID: 20140521213236469771
0521.213238.180     DECL_NO >>> CX  0322365TCQ
0521.213238.230     STATUS=0 >>> OK
"
"2014-05-21 21:32:38.250"`"ER90"`"CX  0322365TDK"`````"0521.213238.250 TRANS_ID: 20140521213236471253
0521.213238.250     DECL_NO >>> CX  0322365TDK
0521.213238.270     STATUS=0 >>> OK
"
"2014-05-21 21:33:21.590"`"ER90"`"CX  0322365ULA"`````"0521.213321.590 TRANS_ID: 20140521213321469772
0521.213321.590     DECL_NO >>> CX  0322365ULA
0521.213321.610     STATUS=0 >>> OK
"
"2014-05-21 21:33:21.660"`"ER90"`"CX  0322365THG"`````"0521.213321.660 TRANS_ID: 20140521213321471254
0521.213321.660     DECL_NO >>> CX  0322365THG
0521.213321.680     STATUS=0 >>> OK
"
"2014-05-21 21:34:30.370"`"ER90"`"CX  0322312YRD"`````"0521.213430.360 TRANS_ID: 20140521213429471292
0521.213430.370     DECL_NO >>> CX  0322312YRD
0521.213430.400     STATUS=0 >>> OK
"
"2014-05-21 21:36:20.180"`"ER90"`"CX  0322365SJZ"`````"0521.213620.180 TRANS_ID: 20140521213619471272
0521.213620.180     DECL_NO >>> CX  0322365SJZ
0521.213620.190     STATUS=0 >>> OK
"
"2014-05-21 21:37:20.970"`"ER90"`"CX  0322365QFW"`````"0521.213720.960 TRANS_ID: 20140521213720471295
0521.213720.970     DECL_NO >>> CX  0322365QFW
0521.213721.000     STATUS=0 >>> OK
"
"2014-05-21 21:37:37.120"`"ER90"`"CX  0322365TDA"`````"0521.213737.110 TRANS_ID: 20140521213736471276
0521.213737.120     DECL_NO >>> CX  0322365TDA
0521.213737.140     STATUS=0 >>> OK
"
"2014-05-21 21:37:37.160"`"ER90"`"CX  0322365UJS"`````"0521.213737.160 TRANS_ID: 20140521213736471296
0521.213737.160     DECL_NO >>> CX  0322365UJS
0521.213737.180     STATUS=0 >>> OK
"
"2014-05-21 21:37:37.200"`"ER90"`"CX  0322365TGU"`````"0521.213737.190 TRANS_ID: 20140521213736471297
0521.213737.200     DECL_NO >>> CX  0322365TGU
0521.213737.230     STATUS=0 >>> OK
"
"2014-05-21 21:40:22.200"`"ER90"`"CF  03550JX604"`````"0521.214022.200 TRANS_ID: 20140521214021471321
0521.214022.200     DECL_NO >>> CF  03550JX604
0521.214022.230     STATUS=0 >>> OK
"
"2014-05-21 21:45:22.020"`"ER90"`"CE  03378P0580"`````"0521.214522.010 TRANS_ID: 20140521214521471336
0521.214522.020     DECL_NO >>> CE  03378P0580
0521.214522.060     STATUS=0 >>> OK
"
"2014-05-21 21:49:06.260"`"ER90"`"CX  0322365UWY"`````"0521.214906.250 TRANS_ID: 20140521214905471366
0521.214906.260     DECL_NO >>> CX  0322365UWY
0521.214906.270     STATUS=0 >>> OK
"
"2014-05-21 21:49:30.540"`"ER90"`"CX  0322365SVY"`````"0521.214930.540 TRANS_ID: 20140521214930471356
0521.214930.540     DECL_NO >>> CX  0322365SVY
0521.214930.570     STATUS=0 >>> OK
"
"2014-05-21 21:49:30.690"`"ER90"`"CX  0322365TBB"`````"0521.214930.690 TRANS_ID: 20140521214930471357
0521.214930.690     DECL_NO >>> CX  0322365TBB
0521.214930.710     STATUS=0 >>> OK
"
"2014-05-21 22:01:07.160"`"ER90"`"CR  03376QF415"`````"0521.220107.150 TRANS_ID: 20140521220106472696
0521.220107.160     DECL_NO >>> CR  03376QF415
0521.220107.180     STATUS=0 >>> OK
"
"2014-05-21 22:01:07.370"`"ER90"`"CR  03376QF418"`````"0521.220107.370 TRANS_ID: 20140521220106472730
0521.220107.370     DECL_NO >>> CR  03376QF418
0521.220107.400     STATUS=0 >>> OK
"
"2014-05-21 22:01:10.520"`"ER90"`"CR  03376QF417"`````"0521.220110.510 TRANS_ID: 20140521220108472697
0521.220110.520     DECL_NO >>> CR  03376QF417
0521.220110.540     STATUS=0 >>> OK
"
"2014-05-21 22:01:10.670"`"ER90"`"CR  03376QF416"`````"0521.220110.670 TRANS_ID: 20140521220108472731
0521.220110.670     DECL_NO >>> CR  03376QF416
0521.220110.680     STATUS=0 >>> OK
"
"2014-05-21 22:04:21.430"`"ER90"`"CU  0357B93836"`````"0521.220421.420 TRANS_ID: 20140521220420472738
0521.220421.430     DECL_NO >>> CU  0357B93836
0521.220421.450     STATUS=0 >>> OK
"
"2014-05-21 22:04:21.540"`"ER90"`"CU  0357B84284"`````"0521.220421.540 TRANS_ID: 20140521220420472740
0521.220421.540     DECL_NO >>> CU  0357B84284
0521.220421.560     STATUS=0 >>> OK
"
"2014-05-21 22:59:42.220"`"ER90"`"CU  0357BN4629"`````"0521.225942.220 TRANS_ID: 20140521225941478061
0521.225942.220     DECL_NO >>> CU  0357BN4629
0521.225942.230     STATUS=0 >>> OK
"
"2014-05-21 23:37:24.560"`"ER90"`"CA  0302313195"`````"0521.233724.560 TRANS_ID: 20140521233724482207
0521.233724.560     DECL_NO >>> CA  0302313195
0521.233724.570     STATUS=0 >>> OK
"
