"2014-05-21 09:02:39.000"`"ED90_WEB"`"DA  03137A5171"`````"=======================================================================
TRANS_ID=<20140521090238446759> PROC_TYPE=<Y> RunTime:2014/05/21 09:02:39
==>> DECL_NO=<DA  03137A5171, MSG_FUNC_CD=<9>
    ==> CHECK_ONLY := TRUE
ED90 OK!
    ==>> DUTY_AMT=1271
===== SAVE BEGIN =====
* 1 PROG=ED90, CODE=1003, REJECT_CODE=, MSG={TRANS_ID=<20140521090238446759> MSG_FUNC_CD=<9>  DECL_NO=<DA  03137A5171> DECL_TYPE=<G5>  MSG_FORMAT=<X>  RUN_MODE=<Q>  RunTime:2014/05/21 09:02:39}
* 2 PROG=UTL, CODE=999, REJECT_CODE=, MSG={===>>> IS ASP}
* 3 PROG=M04, CODE=1001, REJECT_CODE=, MSG={SAL_BAN:53377546BOF_EX:Y EX_CLASS:G UNION_COMP_NOTE: NON_EXAM_MARK: EXCEL_CONNECT_CODE:AEO_NOTE: SECURE_NOTE:CHK_IN_WARE_NOTE: CHK_IN_WARE_NOTE_DATE:}
* 4 PROG=CHECK, CODE=9998, REJECT_CODE=, MSG={ 單價金額*數量:3194464 發票總金額:3194464 DIFF_AMOUNT:0ED_UTL.IN_RATE:1DIFF_AMOUNT:0}
* 5 PROG=ED90, CODE=1020, REJECT_CODE=, MSG={呼叫專家回傳結果 =>  CLEAR_TYPE_OD=<C1>  EXAM_TYPE=<N>  PAPER_NOTE=<N>  PRE_CLEAR_TYPE=<C1>}
===== SAVE END =====
==>> OUT >> CLEAR_TYPE_out=<>  EXAM_TYPE_out=<>  PAPER_NOTE_out=<>  REJECT_TYPE_out=<>  rtnCode_out=<0>  rtnMsg_out=<作業完成> 
"
"2014-05-21 09:03:28.000"`"ED90_WEB"`"DA  03137A5171"`````"=======================================================================
TRANS_ID=<20140521090328446770> PROC_TYPE=<N> RunTime:2014/05/21 09:03:28
==>> DECL_NO=<DA  03137A5171, MSG_FUNC_CD=<9>
    ==> CHECK_ONLY := FALSE
ED90 OK!
EDEA_RATIFY OK!
WEB_5203 >>> COMMIT
    ==>> DUTY_AMT=1271
===== SAVE BEGIN =====
* 1 PROG=ED90, CODE=1003, REJECT_CODE=, MSG={TRANS_ID=<20140521090328446770> MSG_FUNC_CD=<9>  DECL_NO=<DA  03137A5171> DECL_TYPE=<G5>  MSG_FORMAT=<X>  RUN_MODE=<A>  RunTime:2014/05/21 09:03:28}
* 2 PROG=UTL, CODE=999, REJECT_CODE=, MSG={===>>> IS ASP}
* 3 PROG=M04, CODE=1001, REJECT_CODE=, MSG={SAL_BAN:53377546BOF_EX:Y EX_CLASS:G UNION_COMP_NOTE: NON_EXAM_MARK: EXCEL_CONNECT_CODE:AEO_NOTE: SECURE_NOTE:CHK_IN_WARE_NOTE: CHK_IN_WARE_NOTE_DATE:}
* 4 PROG=CHECK, CODE=9998, REJECT_CODE=, MSG={ 單價金額*數量:3194464 發票總金額:3194464 DIFF_AMOUNT:0ED_UTL.IN_RATE:1DIFF_AMOUNT:0}
* 5 PROG=ED90, CODE=1020, REJECT_CODE=, MSG={呼叫專家回傳結果 =>  CLEAR_TYPE_OD=<C1>  EXAM_TYPE=<N>  PAPER_NOTE=<N>  PRE_CLEAR_TYPE=<C1>}
* 6 PROG=ED90, CODE=1022, REJECT_CODE=, MSG={ED90 Accept!}
===== SAVE END =====
==>> N5204 TRANS_ID=<20140521090329_38767>
==>> OUT >> CLEAR_TYPE_out=<C1>  EXAM_TYPE_out=<>  PAPER_NOTE_out=<N>  REJECT_TYPE_out=<>  rtnCode_out=<0>  rtnMsg_out=<作業完成> 
"
"2014-05-21 09:06:36.000"`"ED90_WEB"`"DABC03137A5170"`````"=======================================================================
TRANS_ID=<20140521090636446804> PROC_TYPE=<Y> RunTime:2014/05/21 09:06:36
==>> DECL_NO=<DABC03137A5170, MSG_FUNC_CD=<9>
    ==> CHECK_ONLY := TRUE
ED90 OK!
    ==>> DUTY_AMT=0
===== SAVE BEGIN =====
* 1 PROG=ED90, CODE=1003, REJECT_CODE=, MSG={TRANS_ID=<20140521090636446804> MSG_FUNC_CD=<9>  DECL_NO=<DABC03137A5170> DECL_TYPE=<B9>  MSG_FORMAT=<X>  RUN_MODE=<Q>  RunTime:2014/05/21 09:06:36}
* 2 PROG=UTL, CODE=999, REJECT_CODE=, MSG={===>>> IS ASP}
* 3 PROG=M04, CODE=1001, REJECT_CODE=, MSG={SAL_BAN:28442843BOF_EX:Y EX_CLASS:G UNION_COMP_NOTE: NON_EXAM_MARK: EXCEL_CONNECT_CODE:AEO_NOTE: SECURE_NOTE:CHK_IN_WARE_NOTE: CHK_IN_WARE_NOTE_DATE:}
* 4 PROG=CHECK, CODE=9998, REJECT_CODE=, MSG={ 單價金額*數量:89812.8 發票總金額:89812.8 DIFF_AMOUNT:0ED_UTL.IN_RATE:41.07DIFF_AMOUNT:0}
* 5 PROG=ED90, CODE=22, REJECT_CODE=F88, MSG={沒有進倉資料}, COLUMN={沒有進倉資料}
* 6 PROG=ED90, CODE=1020, REJECT_CODE=, MSG={呼叫專家回傳結果 =>  CLEAR_TYPE_OD=<C1>  EXAM_TYPE=<N>  PAPER_NOTE=<N>  PRE_CLEAR_TYPE=<C1>}
===== SAVE END =====
==>> NX5106 TRANS_ID=<20140521090636_38813>
==>> OUT >> CLEAR_TYPE_out=<>  EXAM_TYPE_out=<>  PAPER_NOTE_out=<>  REJECT_TYPE_out=<F>  rtnCode_out=<0>  rtnMsg_out=<作業完成> 
"
"2014-05-21 11:07:39.000"`"ED90_WEB"`"DABC03137A5169"`````"=======================================================================
TRANS_ID=<20140521110739452558> PROC_TYPE=<Y> RunTime:2014/05/21 11:07:39
==>> DECL_NO=<DABC03137A5169, MSG_FUNC_CD=<9>
    ==> CHECK_ONLY := TRUE
ED90 OK!
    ==>> DUTY_AMT=0
===== SAVE BEGIN =====
* 1 PROG=ED90, CODE=1003, REJECT_CODE=, MSG={TRANS_ID=<20140521110739452558> MSG_FUNC_CD=<9>  DECL_NO=<DABC03137A5169> DECL_TYPE=<G5>  MSG_FORMAT=<X>  RUN_MODE=<Q>  RunTime:2014/05/21 11:07:39}
* 2 PROG=UTL, CODE=999, REJECT_CODE=, MSG={===>>> IS ASP}
* 3 PROG=M04, CODE=1001, REJECT_CODE=, MSG={SAL_BAN:96882728BOF_EX:Y EX_CLASS:G UNION_COMP_NOTE: NON_EXAM_MARK: EXCEL_CONNECT_CODE:AEO_NOTE: SECURE_NOTE:CHK_IN_WARE_NOTE: CHK_IN_WARE_NOTE_DATE:}
* 4 PROG=CHECK, CODE=105, REJECT_CODE=D91, MSG={逐項FOB加總(台幣):15593 總FOB(台幣):462870 報單誤差: 447277 超過允許誤差: 25}, COLUMN={逐項FOB加總與主檔FOB不符}
* 5 PROG=CHECK, CODE=9998, REJECT_CODE=, MSG={ 單價金額*數量:15600 發票總金額:463095 DIFF_AMOUNT:-447495ED_UTL.IN_RATE:1DIFF_AMOUNT:-447495}
* 6 PROG=CHECK, CODE=106, REJECT_CODE=D20, MSG={逐項(單價x數量)加總(原幣):15600 L_TOT_FOB(原幣):462870 報單誤差: 447495 超過允許誤差: 25}, COLUMN={逐項(單價x數量)加總與主檔發票總金額不符}
* 7 PROG=ED90, CODE=1010, REJECT_CODE=, MSG={WRITE_EXDEDST AUTONOMOUS >>>  ED_UTL.EXDEDMM_rec.CLEAR_STS_CD=<EA>}
===== SAVE END =====
==>> NX5106 TRANS_ID=<20140521110739_43995>
==>> OUT >> CLEAR_TYPE_out=<>  EXAM_TYPE_out=<>  PAPER_NOTE_out=<>  REJECT_TYPE_out=<D>  rtnCode_out=<0>  rtnMsg_out=<作業完成> 
"
"2014-05-21 11:08:10.000"`"ED90_WEB"`"DABC03137A5169"`````"=======================================================================
TRANS_ID=<20140521110810452588> PROC_TYPE=<Y> RunTime:2014/05/21 11:08:10
==>> DECL_NO=<DABC03137A5169, MSG_FUNC_CD=<9>
    ==> CHECK_ONLY := TRUE
ED90 OK!
    ==>> DUTY_AMT=0
===== SAVE BEGIN =====
* 1 PROG=ED90, CODE=1003, REJECT_CODE=, MSG={TRANS_ID=<20140521110810452588> MSG_FUNC_CD=<9>  DECL_NO=<DABC03137A5169> DECL_TYPE=<G5>  MSG_FORMAT=<X>  RUN_MODE=<Q>  RunTime:2014/05/21 11:08:10}
* 2 PROG=UTL, CODE=999, REJECT_CODE=, MSG={===>>> IS ASP}
* 3 PROG=M04, CODE=1001, REJECT_CODE=, MSG={SAL_BAN:96882728BOF_EX:Y EX_CLASS:G UNION_COMP_NOTE: NON_EXAM_MARK: EXCEL_CONNECT_CODE:AEO_NOTE: SECURE_NOTE:CHK_IN_WARE_NOTE: CHK_IN_WARE_NOTE_DATE:}
* 4 PROG=CHECK, CODE=105, REJECT_CODE=D91, MSG={逐項FOB加總(台幣):15593 總FOB(台幣):462870 報單誤差: 447277 超過允許誤差: 25}, COLUMN={逐項FOB加總與主檔FOB不符}
* 5 PROG=CHECK, CODE=9998, REJECT_CODE=, MSG={ 單價金額*數量:15600 發票總金額:463095 DIFF_AMOUNT:-447495ED_UTL.IN_RATE:1DIFF_AMOUNT:-447495}
* 6 PROG=CHECK, CODE=106, REJECT_CODE=D20, MSG={逐項(單價x數量)加總(原幣):15600 L_TOT_FOB(原幣):462870 報單誤差: 447495 超過允許誤差: 25}, COLUMN={逐項(單價x數量)加總與主檔發票總金額不符}
* 7 PROG=ED90, CODE=1010, REJECT_CODE=, MSG={WRITE_EXDEDST AUTONOMOUS >>>  ED_UTL.EXDEDMM_rec.CLEAR_STS_CD=<EA>}
===== SAVE END =====
==>> NX5106 TRANS_ID=<20140521110810_44069>
==>> OUT >> CLEAR_TYPE_out=<>  EXAM_TYPE_out=<>  PAPER_NOTE_out=<>  REJECT_TYPE_out=<D>  rtnCode_out=<0>  rtnMsg_out=<作業完成> 
"
"2014-05-21 11:09:32.000"`"ED90_WEB"`"DABC03137A5169"`````"=======================================================================
TRANS_ID=<20140521110932452608> PROC_TYPE=<Y> RunTime:2014/05/21 11:09:32
==>> DECL_NO=<DABC03137A5169, MSG_FUNC_CD=<9>
    ==> CHECK_ONLY := TRUE
ED90 OK!
    ==>> DUTY_AMT=185
===== SAVE BEGIN =====
* 1 PROG=ED90, CODE=1003, REJECT_CODE=, MSG={TRANS_ID=<20140521110932452608> MSG_FUNC_CD=<9>  DECL_NO=<DABC03137A5169> DECL_TYPE=<G5>  MSG_FORMAT=<X>  RUN_MODE=<Q>  RunTime:2014/05/21 11:09:32}
* 2 PROG=UTL, CODE=999, REJECT_CODE=, MSG={===>>> IS ASP}
* 3 PROG=M04, CODE=1001, REJECT_CODE=, MSG={SAL_BAN:96882728BOF_EX:Y EX_CLASS:G UNION_COMP_NOTE: NON_EXAM_MARK: EXCEL_CONNECT_CODE:AEO_NOTE: SECURE_NOTE:CHK_IN_WARE_NOTE: CHK_IN_WARE_NOTE_DATE:}
* 4 PROG=CHECK, CODE=9998, REJECT_CODE=, MSG={ 單價金額*數量:15600 發票總金額:15600 DIFF_AMOUNT:0ED_UTL.IN_RATE:30.12DIFF_AMOUNT:0}
* 5 PROG=ED90, CODE=22, REJECT_CODE=F88, MSG={沒有進倉資料}, COLUMN={沒有進倉資料}
* 6 PROG=ED90, CODE=1020, REJECT_CODE=, MSG={呼叫專家回傳結果 =>  CLEAR_TYPE_OD=<C1>  EXAM_TYPE=<N>  PAPER_NOTE=<N>  PRE_CLEAR_TYPE=<C1>}
===== SAVE END =====
==>> NX5106 TRANS_ID=<20140521110933_44157>
==>> OUT >> CLEAR_TYPE_out=<>  EXAM_TYPE_out=<>  PAPER_NOTE_out=<>  REJECT_TYPE_out=<F>  rtnCode_out=<0>  rtnMsg_out=<作業完成> 
"
"2014-05-21 11:11:50.000"`"ED90_WEB"`"BF  0335508456"`````"=======================================================================
TRANS_ID=<20140521111150452657> PROC_TYPE=<Y> RunTime:2014/05/21 11:11:50
==>> DECL_NO=<BF  0335508456, MSG_FUNC_CD=<9>
    ==> CHECK_ONLY := TRUE
ED90 OK!
    ==>> DUTY_AMT=364
===== SAVE BEGIN =====
* 1 PROG=ED90, CODE=1003, REJECT_CODE=, MSG={TRANS_ID=<20140521111150452657> MSG_FUNC_CD=<9>  DECL_NO=<BF  0335508456> DECL_TYPE=<G5>  MSG_FORMAT=<X>  RUN_MODE=<Q>  RunTime:2014/05/21 11:11:50}
* 2 PROG=UTL, CODE=999, REJECT_CODE=, MSG={===>>> IS ASP}
* 3 PROG=M04, CODE=1001, REJECT_CODE=, MSG={SAL_BAN:16130970BOF_EX:Y EX_CLASS:L2 UNION_COMP_NOTE: NON_EXAM_MARK: EXCEL_CONNECT_CODE:AEO_NOTE: SECURE_NOTE:CHK_IN_WARE_NOTE: CHK_IN_WARE_NOTE_DATE:}
* 4 PROG=CHECK, CODE=9998, REJECT_CODE=, MSG={ 單價金額*數量:30376.8 發票總金額:30376.8 DIFF_AMOUNT:0ED_UTL.IN_RATE:30.12DIFF_AMOUNT:0}
* 5 PROG=ED90, CODE=22, REJECT_CODE=F88, MSG={沒有進倉資料}, COLUMN={沒有進倉資料}
* 6 PROG=ED90, CODE=1020, REJECT_CODE=, MSG={呼叫專家回傳結果 =>  CLEAR_TYPE_OD=<C1>  EXAM_TYPE=<N>  PAPER_NOTE=<N>  PRE_CLEAR_TYPE=<C1>}
===== SAVE END =====
==>> NX5106 TRANS_ID=<20140521111151_44315>
==>> OUT >> CLEAR_TYPE_out=<>  EXAM_TYPE_out=<>  PAPER_NOTE_out=<>  REJECT_TYPE_out=<F>  rtnCode_out=<0>  rtnMsg_out=<作業完成> 
"
"2014-05-21 11:19:28.000"`"ED90_WEB"`"BF  0335508457"`````"=======================================================================
TRANS_ID=<20140521111928452841> PROC_TYPE=<Y> RunTime:2014/05/21 11:19:28
==>> DECL_NO=<BF  0335508457, MSG_FUNC_CD=<9>
    ==> CHECK_ONLY := TRUE
ED90 OK!
    ==>> DUTY_AMT=295
===== SAVE BEGIN =====
* 1 PROG=ED90, CODE=1003, REJECT_CODE=, MSG={TRANS_ID=<20140521111928452841> MSG_FUNC_CD=<9>  DECL_NO=<BF  0335508457> DECL_TYPE=<G5>  MSG_FORMAT=<X>  RUN_MODE=<Q>  RunTime:2014/05/21 11:19:28}
* 2 PROG=UTL, CODE=999, REJECT_CODE=, MSG={===>>> IS ASP}
* 3 PROG=M04, CODE=1001, REJECT_CODE=, MSG={SAL_BAN:16130970BOF_EX:Y EX_CLASS:L2 UNION_COMP_NOTE: NON_EXAM_MARK: EXCEL_CONNECT_CODE:AEO_NOTE: SECURE_NOTE:CHK_IN_WARE_NOTE: CHK_IN_WARE_NOTE_DATE:}
* 4 PROG=CHECK, CODE=9998, REJECT_CODE=, MSG={ 單價金額*數量:24635 發票總金額:24635 DIFF_AMOUNT:0ED_UTL.IN_RATE:30.12DIFF_AMOUNT:0}
* 5 PROG=ED90, CODE=22, REJECT_CODE=F88, MSG={沒有進倉資料}, COLUMN={沒有進倉資料}
* 6 PROG=ED90, CODE=1020, REJECT_CODE=, MSG={呼叫專家回傳結果 =>  CLEAR_TYPE_OD=<C1>  EXAM_TYPE=<N>  PAPER_NOTE=<N>  PRE_CLEAR_TYPE=<C1>}
===== SAVE END =====
==>> NX5106 TRANS_ID=<20140521111929_44754>
==>> OUT >> CLEAR_TYPE_out=<>  EXAM_TYPE_out=<>  PAPER_NOTE_out=<>  REJECT_TYPE_out=<F>  rtnCode_out=<0>  rtnMsg_out=<作業完成> 
"
"2014-05-21 11:43:31.000"`"ED90_WEB"`"BF  0335508458"`````"=======================================================================
TRANS_ID=<20140521114331453592> PROC_TYPE=<Y> RunTime:2014/05/21 11:43:31
==>> DECL_NO=<BF  0335508458, MSG_FUNC_CD=<9>
    ==> CHECK_ONLY := TRUE
ED90 OK!
    ==>> DUTY_AMT=7661
===== SAVE BEGIN =====
* 1 PROG=ED90, CODE=1003, REJECT_CODE=, MSG={TRANS_ID=<20140521114331453592> MSG_FUNC_CD=<9>  DECL_NO=<BF  0335508458> DECL_TYPE=<G5>  MSG_FORMAT=<X>  RUN_MODE=<Q>  RunTime:2014/05/21 11:43:31}
* 2 PROG=UTL, CODE=999, REJECT_CODE=, MSG={===>>> IS ASP}
* 3 PROG=M04, CODE=1001, REJECT_CODE=, MSG={SAL_BAN:16130970BOF_EX:Y EX_CLASS:L2 UNION_COMP_NOTE: NON_EXAM_MARK: EXCEL_CONNECT_CODE:AEO_NOTE: SECURE_NOTE:CHK_IN_WARE_NOTE: CHK_IN_WARE_NOTE_DATE:}
* 4 PROG=CHECK, CODE=9998, REJECT_CODE=, MSG={ 單價金額*數量:636494.51 發票總金額:636494.51 DIFF_AMOUNT:0ED_UTL.IN_RATE:30.12DIFF_AMOUNT:0}
* 5 PROG=ED90, CODE=1020, REJECT_CODE=, MSG={呼叫專家回傳結果 =>  CLEAR_TYPE_OD=<C1>  EXAM_TYPE=<N>  PAPER_NOTE=<N>  PRE_CLEAR_TYPE=<C1>}
===== SAVE END =====
==>> OUT >> CLEAR_TYPE_out=<>  EXAM_TYPE_out=<>  PAPER_NOTE_out=<>  REJECT_TYPE_out=<>  rtnCode_out=<0>  rtnMsg_out=<作業完成> 
"
"2014-05-21 11:46:43.000"`"ED90_WEB"`"BF  0335508458"`````"=======================================================================
TRANS_ID=<20140521114643453647> PROC_TYPE=<Y> RunTime:2014/05/21 11:46:43
==>> DECL_NO=<BF  0335508458, MSG_FUNC_CD=<9>
    ==> CHECK_ONLY := TRUE
ED90 OK!
    ==>> DUTY_AMT=7661
===== SAVE BEGIN =====
* 1 PROG=ED90, CODE=1003, REJECT_CODE=, MSG={TRANS_ID=<20140521114643453647> MSG_FUNC_CD=<9>  DECL_NO=<BF  0335508458> DECL_TYPE=<G5>  MSG_FORMAT=<X>  RUN_MODE=<Q>  RunTime:2014/05/21 11:46:43}
* 2 PROG=UTL, CODE=999, REJECT_CODE=, MSG={===>>> IS ASP}
* 3 PROG=M04, CODE=1001, REJECT_CODE=, MSG={SAL_BAN:16130970BOF_EX:Y EX_CLASS:L2 UNION_COMP_NOTE: NON_EXAM_MARK: EXCEL_CONNECT_CODE:AEO_NOTE: SECURE_NOTE:CHK_IN_WARE_NOTE: CHK_IN_WARE_NOTE_DATE:}
* 4 PROG=CHECK, CODE=9998, REJECT_CODE=, MSG={ 單價金額*數量:636494.51 發票總金額:636494.51 DIFF_AMOUNT:0ED_UTL.IN_RATE:30.12DIFF_AMOUNT:0}
* 5 PROG=ED90, CODE=1020, REJECT_CODE=, MSG={呼叫專家回傳結果 =>  CLEAR_TYPE_OD=<C1>  EXAM_TYPE=<N>  PAPER_NOTE=<N>  PRE_CLEAR_TYPE=<C1>}
===== SAVE END =====
==>> OUT >> CLEAR_TYPE_out=<>  EXAM_TYPE_out=<>  PAPER_NOTE_out=<>  REJECT_TYPE_out=<>  rtnCode_out=<0>  rtnMsg_out=<作業完成> 
"
"2014-05-21 11:49:45.000"`"ED90_WEB"`"BF  0335508458"`````"=======================================================================
TRANS_ID=<20140521114945453702> PROC_TYPE=<N> RunTime:2014/05/21 11:49:45
==>> DECL_NO=<BF  0335508458, MSG_FUNC_CD=<9>
    ==> CHECK_ONLY := FALSE
ED90 OK!
EDEA_RATIFY OK!
WEB_5203 >>> COMMIT
    ==>> DUTY_AMT=7661
===== SAVE BEGIN =====
* 1 PROG=ED90, CODE=1003, REJECT_CODE=, MSG={TRANS_ID=<20140521114945453702> MSG_FUNC_CD=<9>  DECL_NO=<BF  0335508458> DECL_TYPE=<G5>  MSG_FORMAT=<X>  RUN_MODE=<A>  RunTime:2014/05/21 11:49:45}
* 2 PROG=UTL, CODE=999, REJECT_CODE=, MSG={===>>> IS ASP}
* 3 PROG=M04, CODE=1001, REJECT_CODE=, MSG={SAL_BAN:16130970BOF_EX:Y EX_CLASS:L2 UNION_COMP_NOTE: NON_EXAM_MARK: EXCEL_CONNECT_CODE:AEO_NOTE: SECURE_NOTE:CHK_IN_WARE_NOTE: CHK_IN_WARE_NOTE_DATE:}
* 4 PROG=CHECK, CODE=9998, REJECT_CODE=, MSG={ 單價金額*數量:636494.51 發票總金額:636494.51 DIFF_AMOUNT:0ED_UTL.IN_RATE:30.12DIFF_AMOUNT:0}
* 5 PROG=ED90, CODE=1020, REJECT_CODE=, MSG={呼叫專家回傳結果 =>  CLEAR_TYPE_OD=<C1>  EXAM_TYPE=<N>  PAPER_NOTE=<N>  PRE_CLEAR_TYPE=<C1>}
* 6 PROG=ED90, CODE=1022, REJECT_CODE=, MSG={ED90 Accept!}
===== SAVE END =====
==>> N5204 TRANS_ID=<20140521114945_46490>
==>> OUT >> CLEAR_TYPE_out=<C1>  EXAM_TYPE_out=<>  PAPER_NOTE_out=<N>  REJECT_TYPE_out=<>  rtnCode_out=<0>  rtnMsg_out=<作業完成> 
"
"2014-05-21 11:52:10.000"`"ED90_WEB"`"BF  0335508456"`````"=======================================================================
TRANS_ID=<20140521115210453738> PROC_TYPE=<Y> RunTime:2014/05/21 11:52:10
==>> DECL_NO=<BF  0335508456, MSG_FUNC_CD=<9>
    ==> CHECK_ONLY := TRUE
ED90 OK!
    ==>> DUTY_AMT=364
===== SAVE BEGIN =====
* 1 PROG=ED90, CODE=1003, REJECT_CODE=, MSG={TRANS_ID=<20140521115210453738> MSG_FUNC_CD=<9>  DECL_NO=<BF  0335508456> DECL_TYPE=<G5>  MSG_FORMAT=<X>  RUN_MODE=<Q>  RunTime:2014/05/21 11:52:10}
* 2 PROG=UTL, CODE=999, REJECT_CODE=, MSG={===>>> IS ASP}
* 3 PROG=M04, CODE=1001, REJECT_CODE=, MSG={SAL_BAN:16130970BOF_EX:Y EX_CLASS:L2 UNION_COMP_NOTE: NON_EXAM_MARK: EXCEL_CONNECT_CODE:AEO_NOTE: SECURE_NOTE:CHK_IN_WARE_NOTE: CHK_IN_WARE_NOTE_DATE:}
* 4 PROG=CHECK, CODE=9998, REJECT_CODE=, MSG={ 單價金額*數量:30376.8 發票總金額:30376.8 DIFF_AMOUNT:0ED_UTL.IN_RATE:30.12DIFF_AMOUNT:0}
* 5 PROG=ED90, CODE=1020, REJECT_CODE=, MSG={呼叫專家回傳結果 =>  CLEAR_TYPE_OD=<C1>  EXAM_TYPE=<N>  PAPER_NOTE=<N>  PRE_CLEAR_TYPE=<C1>}
===== SAVE END =====
==>> OUT >> CLEAR_TYPE_out=<>  EXAM_TYPE_out=<>  PAPER_NOTE_out=<>  REJECT_TYPE_out=<>  rtnCode_out=<0>  rtnMsg_out=<作業完成> 
"
"2014-05-21 11:54:13.000"`"ED90_WEB"`"BF  0335508456"`````"=======================================================================
TRANS_ID=<20140521115413453758> PROC_TYPE=<N> RunTime:2014/05/21 11:54:13
==>> DECL_NO=<BF  0335508456, MSG_FUNC_CD=<9>
    ==> CHECK_ONLY := FALSE
ED90 OK!
EDEA_RATIFY OK!
WEB_5203 >>> COMMIT
    ==>> DUTY_AMT=364
===== SAVE BEGIN =====
* 1 PROG=ED90, CODE=1003, REJECT_CODE=, MSG={TRANS_ID=<20140521115413453758> MSG_FUNC_CD=<9>  DECL_NO=<BF  0335508456> DECL_TYPE=<G5>  MSG_FORMAT=<X>  RUN_MODE=<A>  RunTime:2014/05/21 11:54:13}
* 2 PROG=UTL, CODE=999, REJECT_CODE=, MSG={===>>> IS ASP}
* 3 PROG=M04, CODE=1001, REJECT_CODE=, MSG={SAL_BAN:16130970BOF_EX:Y EX_CLASS:L2 UNION_COMP_NOTE: NON_EXAM_MARK: EXCEL_CONNECT_CODE:AEO_NOTE: SECURE_NOTE:CHK_IN_WARE_NOTE: CHK_IN_WARE_NOTE_DATE:}
* 4 PROG=CHECK, CODE=9998, REJECT_CODE=, MSG={ 單價金額*數量:30376.8 發票總金額:30376.8 DIFF_AMOUNT:0ED_UTL.IN_RATE:30.12DIFF_AMOUNT:0}
* 5 PROG=ED90, CODE=1020, REJECT_CODE=, MSG={呼叫專家回傳結果 =>  CLEAR_TYPE_OD=<C1>  EXAM_TYPE=<N>  PAPER_NOTE=<N>  PRE_CLEAR_TYPE=<C1>}
* 6 PROG=ED90, CODE=1022, REJECT_CODE=, MSG={ED90 Accept!}
===== SAVE END =====
==>> N5204 TRANS_ID=<20140521115413_46757>
==>> OUT >> CLEAR_TYPE_out=<C1>  EXAM_TYPE_out=<>  PAPER_NOTE_out=<N>  REJECT_TYPE_out=<>  rtnCode_out=<0>  rtnMsg_out=<作業完成> 
"
"2014-05-21 11:55:19.000"`"ED90_WEB"`"BF  0335508457"`````"=======================================================================
TRANS_ID=<20140521115518453804> PROC_TYPE=<Y> RunTime:2014/05/21 11:55:19
==>> DECL_NO=<BF  0335508457, MSG_FUNC_CD=<9>
    ==> CHECK_ONLY := TRUE
ED90 OK!
    ==>> DUTY_AMT=295
===== SAVE BEGIN =====
* 1 PROG=ED90, CODE=1003, REJECT_CODE=, MSG={TRANS_ID=<20140521115518453804> MSG_FUNC_CD=<9>  DECL_NO=<BF  0335508457> DECL_TYPE=<G5>  MSG_FORMAT=<X>  RUN_MODE=<Q>  RunTime:2014/05/21 11:55:19}
* 2 PROG=UTL, CODE=999, REJECT_CODE=, MSG={===>>> IS ASP}
* 3 PROG=M04, CODE=1001, REJECT_CODE=, MSG={SAL_BAN:16130970BOF_EX:Y EX_CLASS:L2 UNION_COMP_NOTE: NON_EXAM_MARK: EXCEL_CONNECT_CODE:AEO_NOTE: SECURE_NOTE:CHK_IN_WARE_NOTE: CHK_IN_WARE_NOTE_DATE:}
* 4 PROG=CHECK, CODE=9998, REJECT_CODE=, MSG={ 單價金額*數量:24635 發票總金額:24635 DIFF_AMOUNT:0ED_UTL.IN_RATE:30.12DIFF_AMOUNT:0}
* 5 PROG=ED90, CODE=1020, REJECT_CODE=, MSG={呼叫專家回傳結果 =>  CLEAR_TYPE_OD=<C1>  EXAM_TYPE=<N>  PAPER_NOTE=<N>  PRE_CLEAR_TYPE=<C1>}
===== SAVE END =====
==>> OUT >> CLEAR_TYPE_out=<>  EXAM_TYPE_out=<>  PAPER_NOTE_out=<>  REJECT_TYPE_out=<>  rtnCode_out=<0>  rtnMsg_out=<作業完成> 
"
"2014-05-21 11:56:37.000"`"ED90_WEB"`"BF  0335508457"`````"=======================================================================
TRANS_ID=<20140521115637453831> PROC_TYPE=<N> RunTime:2014/05/21 11:56:37
==>> DECL_NO=<BF  0335508457, MSG_FUNC_CD=<9>
    ==> CHECK_ONLY := FALSE
ED90 OK!
EDEA_RATIFY OK!
WEB_5203 >>> COMMIT
    ==>> DUTY_AMT=295
===== SAVE BEGIN =====
* 1 PROG=ED90, CODE=1003, REJECT_CODE=, MSG={TRANS_ID=<20140521115637453831> MSG_FUNC_CD=<9>  DECL_NO=<BF  0335508457> DECL_TYPE=<G5>  MSG_FORMAT=<X>  RUN_MODE=<A>  RunTime:2014/05/21 11:56:37}
* 2 PROG=UTL, CODE=999, REJECT_CODE=, MSG={===>>> IS ASP}
* 3 PROG=M04, CODE=1001, REJECT_CODE=, MSG={SAL_BAN:16130970BOF_EX:Y EX_CLASS:L2 UNION_COMP_NOTE: NON_EXAM_MARK: EXCEL_CONNECT_CODE:AEO_NOTE: SECURE_NOTE:CHK_IN_WARE_NOTE: CHK_IN_WARE_NOTE_DATE:}
* 4 PROG=CHECK, CODE=9998, REJECT_CODE=, MSG={ 單價金額*數量:24635 發票總金額:24635 DIFF_AMOUNT:0ED_UTL.IN_RATE:30.12DIFF_AMOUNT:0}
* 5 PROG=ED90, CODE=1020, REJECT_CODE=, MSG={呼叫專家回傳結果 =>  CLEAR_TYPE_OD=<C1>  EXAM_TYPE=<N>  PAPER_NOTE=<N>  PRE_CLEAR_TYPE=<C1>}
* 6 PROG=ED90, CODE=1022, REJECT_CODE=, MSG={ED90 Accept!}
===== SAVE END =====
==>> N5204 TRANS_ID=<20140521115637_46885>
==>> OUT >> CLEAR_TYPE_out=<C1>  EXAM_TYPE_out=<>  PAPER_NOTE_out=<N>  REJECT_TYPE_out=<>  rtnCode_out=<0>  rtnMsg_out=<作業完成> 
"
"2014-05-21 12:30:31.000"`"ED90_WEB"`", MSG_FUNC_CD="`````"=======================================================================
TRANS_ID=<20140521123031455009> PROC_TYPE=<Y> RunTime:2014/05/21 12:30:31
==>> DECL_NO=<, MSG_FUNC_CD=<>
    ==> CHECK_ONLY := TRUE
ED90_web (EXP:OTHER) (20140521123031455009) ==>>User-Defined Exception TRACE=ORA-06512: 在 ""PEXMGR.ED_UPD_TAB"", line 2086
ORA-06512: 在 ""PEXMGR.ED_UPD_TAB"", line 1948
ORA-06512: 在 ""PEXMGR.ED90"", line 165
ORA-06512: 在 ""PEXMGR.ED90"", line 197
ORA-06512: 在 ""PEXMGR.ED90"", line 1534
ORA-06512: 在 ""PEXMGR.ED90_WEB"", line 154

"
"2014-05-21 12:32:28.000"`"ED90_WEB"`"DABC03137A5169"`````"=======================================================================
TRANS_ID=<20140521123228455049> PROC_TYPE=<N> RunTime:2014/05/21 12:32:28
==>> DECL_NO=<DABC03137A5169, MSG_FUNC_CD=<9>
    ==> CHECK_ONLY := FALSE
ED90 OK!
WEB_5203 >>> COMMIT
    ==>> DUTY_AMT=185
    F類錯單 ==>> EDM_CLEAR_TYPE <> EDM_CLEAR_TYPE_OD  <>
===== SAVE BEGIN =====
* 1 PROG=ED90, CODE=1003, REJECT_CODE=, MSG={TRANS_ID=<20140521123228455049> MSG_FUNC_CD=<9>  DECL_NO=<DABC03137A5169> DECL_TYPE=<G5>  MSG_FORMAT=<X>  RUN_MODE=<A>  RunTime:2014/05/21 12:32:28}
* 2 PROG=UTL, CODE=999, REJECT_CODE=, MSG={===>>> IS ASP}
* 3 PROG=M04, CODE=1001, REJECT_CODE=, MSG={SAL_BAN:96882728BOF_EX:Y EX_CLASS:G UNION_COMP_NOTE: NON_EXAM_MARK: EXCEL_CONNECT_CODE:AEO_NOTE: SECURE_NOTE:CHK_IN_WARE_NOTE: CHK_IN_WARE_NOTE_DATE:}
* 4 PROG=CHECK, CODE=9998, REJECT_CODE=, MSG={ 單價金額*數量:15600 發票總金額:15600 DIFF_AMOUNT:0ED_UTL.IN_RATE:30.12DIFF_AMOUNT:0}
* 5 PROG=ED90, CODE=22, REJECT_CODE=F88, MSG={沒有進倉資料}, COLUMN={沒有進倉資料}
* 6 PROG=ED90, CODE=1020, REJECT_CODE=, MSG={呼叫專家回傳結果 =>  CLEAR_TYPE_OD=<C1>  EXAM_TYPE=<N>  PAPER_NOTE=<N>  PRE_CLEAR_TYPE=<C1>}
* 7 PROG=ED90, CODE=1001, REJECT_CODE=, MSG={ED90 Reject: F}
===== SAVE END =====
==>> NX5106 TRANS_ID=<20140521123229_49546>
==>> OUT >> CLEAR_TYPE_out=<X>  EXAM_TYPE_out=<>  PAPER_NOTE_out=<>  REJECT_TYPE_out=<F>  rtnCode_out=<0>  rtnMsg_out=<作業完成> 
"
"2014-05-21 12:34:47.000"`"ED90_WEB"`"DABC03137A5170"`````"=======================================================================
TRANS_ID=<20140521123447455091> PROC_TYPE=<Y> RunTime:2014/05/21 12:34:47
==>> DECL_NO=<DABC03137A5170, MSG_FUNC_CD=<9>
    ==> CHECK_ONLY := TRUE
ED90 OK!
    ==>> DUTY_AMT=0
===== SAVE BEGIN =====
* 1 PROG=ED90, CODE=1003, REJECT_CODE=, MSG={TRANS_ID=<20140521123447455091> MSG_FUNC_CD=<9>  DECL_NO=<DABC03137A5170> DECL_TYPE=<B9>  MSG_FORMAT=<X>  RUN_MODE=<Q>  RunTime:2014/05/21 12:34:47}
* 2 PROG=UTL, CODE=999, REJECT_CODE=, MSG={===>>> IS ASP}
* 3 PROG=M04, CODE=1001, REJECT_CODE=, MSG={SAL_BAN:28442843BOF_EX:Y EX_CLASS:G UNION_COMP_NOTE: NON_EXAM_MARK: EXCEL_CONNECT_CODE:AEO_NOTE: SECURE_NOTE:CHK_IN_WARE_NOTE: CHK_IN_WARE_NOTE_DATE:}
* 4 PROG=CHECK, CODE=9998, REJECT_CODE=, MSG={ 單價金額*數量:89812.8 發票總金額:89812.8 DIFF_AMOUNT:0ED_UTL.IN_RATE:41.07DIFF_AMOUNT:0}
* 5 PROG=ED90, CODE=22, REJECT_CODE=F88, MSG={沒有進倉資料}, COLUMN={沒有進倉資料}
* 6 PROG=ED90, CODE=1020, REJECT_CODE=, MSG={呼叫專家回傳結果 =>  CLEAR_TYPE_OD=<C1>  EXAM_TYPE=<N>  PAPER_NOTE=<N>  PRE_CLEAR_TYPE=<C1>}
===== SAVE END =====
==>> NX5106 TRANS_ID=<20140521123447_49635>
==>> OUT >> CLEAR_TYPE_out=<>  EXAM_TYPE_out=<>  PAPER_NOTE_out=<>  REJECT_TYPE_out=<F>  rtnCode_out=<0>  rtnMsg_out=<作業完成> 
"
"2014-05-21 12:35:45.000"`"ED90_WEB"`"DABC03137A5170"`````"=======================================================================
TRANS_ID=<20140521123544455098> PROC_TYPE=<N> RunTime:2014/05/21 12:35:45
==>> DECL_NO=<DABC03137A5170, MSG_FUNC_CD=<9>
    ==> CHECK_ONLY := FALSE
ED90 OK!
WEB_5203 >>> COMMIT
    ==>> DUTY_AMT=0
    F類錯單 ==>> EDM_CLEAR_TYPE <> EDM_CLEAR_TYPE_OD  <>
===== SAVE BEGIN =====
* 1 PROG=ED90, CODE=1003, REJECT_CODE=, MSG={TRANS_ID=<20140521123544455098> MSG_FUNC_CD=<9>  DECL_NO=<DABC03137A5170> DECL_TYPE=<B9>  MSG_FORMAT=<X>  RUN_MODE=<A>  RunTime:2014/05/21 12:35:45}
* 2 PROG=UTL, CODE=999, REJECT_CODE=, MSG={===>>> IS ASP}
* 3 PROG=M04, CODE=1001, REJECT_CODE=, MSG={SAL_BAN:28442843BOF_EX:Y EX_CLASS:G UNION_COMP_NOTE: NON_EXAM_MARK: EXCEL_CONNECT_CODE:AEO_NOTE: SECURE_NOTE:CHK_IN_WARE_NOTE: CHK_IN_WARE_NOTE_DATE:}
* 4 PROG=CHECK, CODE=9998, REJECT_CODE=, MSG={ 單價金額*數量:89812.8 發票總金額:89812.8 DIFF_AMOUNT:0ED_UTL.IN_RATE:41.07DIFF_AMOUNT:0}
* 5 PROG=ED90, CODE=22, REJECT_CODE=F88, MSG={沒有進倉資料}, COLUMN={沒有進倉資料}
* 6 PROG=ED90, CODE=1020, REJECT_CODE=, MSG={呼叫專家回傳結果 =>  CLEAR_TYPE_OD=<C1>  EXAM_TYPE=<N>  PAPER_NOTE=<N>  PRE_CLEAR_TYPE=<C1>}
* 7 PROG=ED90, CODE=1001, REJECT_CODE=, MSG={ED90 Reject: F}
===== SAVE END =====
==>> NX5106 TRANS_ID=<20140521123545_49657>
==>> OUT >> CLEAR_TYPE_out=<X>  EXAM_TYPE_out=<>  PAPER_NOTE_out=<>  REJECT_TYPE_out=<F>  rtnCode_out=<0>  rtnMsg_out=<作業完成> 
"
"2014-05-21 12:36:50.000"`"ED90_WEB"`"DA  03137A5163"`````"=======================================================================
TRANS_ID=<20140521123650455123> PROC_TYPE=<Y> RunTime:2014/05/21 12:36:50
==>> DECL_NO=<DA  03137A5163, MSG_FUNC_CD=<9>
    ==> CHECK_ONLY := TRUE
ED90 OK!
    ==>> DUTY_AMT=683
===== SAVE BEGIN =====
* 1 PROG=ED90, CODE=1003, REJECT_CODE=, MSG={TRANS_ID=<20140521123650455123> MSG_FUNC_CD=<9>  DECL_NO=<DA  03137A5163> DECL_TYPE=<G5>  MSG_FORMAT=<X>  RUN_MODE=<Q>  RunTime:2014/05/21 12:36:50}
* 2 PROG=UTL, CODE=999, REJECT_CODE=, MSG={===>>> IS ASP}
* 3 PROG=M04, CODE=1001, REJECT_CODE=, MSG={SAL_BAN:27324734BOF_EX:Y EX_CLASS:G UNION_COMP_NOTE: NON_EXAM_MARK: EXCEL_CONNECT_CODE:AEO_NOTE: SECURE_NOTE:CHK_IN_WARE_NOTE: CHK_IN_WARE_NOTE_DATE:}
* 4 PROG=CHECK, CODE=9998, REJECT_CODE=, MSG={ 單價金額*數量:357000 發票總金額:357000 DIFF_AMOUNT:0ED_UTL.IN_RATE:4.818DIFF_AMOUNT:0}
* 5 PROG=ED90, CODE=22, REJECT_CODE=F88, MSG={沒有進倉資料}, COLUMN={沒有進倉資料}
* 6 PROG=ED90, CODE=1020, REJECT_CODE=, MSG={呼叫專家回傳結果 =>  CLEAR_TYPE_OD=<C1>  EXAM_TYPE=<N>  PAPER_NOTE=<N>  PRE_CLEAR_TYPE=<C1>}
===== SAVE END =====
==>> NX5106 TRANS_ID=<20140521123650_49667>
==>> OUT >> CLEAR_TYPE_out=<>  EXAM_TYPE_out=<>  PAPER_NOTE_out=<>  REJECT_TYPE_out=<F>  rtnCode_out=<0>  rtnMsg_out=<作業完成> 
"
"2014-05-21 12:37:49.000"`"ED90_WEB"`"DA  03137A5163"`````"=======================================================================
TRANS_ID=<20140521123748455132> PROC_TYPE=<N> RunTime:2014/05/21 12:37:49
==>> DECL_NO=<DA  03137A5163, MSG_FUNC_CD=<9>
    ==> CHECK_ONLY := FALSE
ED90 OK!
WEB_5203 >>> COMMIT
    ==>> DUTY_AMT=683
    F類錯單 ==>> EDM_CLEAR_TYPE <> EDM_CLEAR_TYPE_OD  <>
===== SAVE BEGIN =====
* 1 PROG=ED90, CODE=1003, REJECT_CODE=, MSG={TRANS_ID=<20140521123748455132> MSG_FUNC_CD=<9>  DECL_NO=<DA  03137A5163> DECL_TYPE=<G5>  MSG_FORMAT=<X>  RUN_MODE=<A>  RunTime:2014/05/21 12:37:49}
* 2 PROG=UTL, CODE=999, REJECT_CODE=, MSG={===>>> IS ASP}
* 3 PROG=M04, CODE=1001, REJECT_CODE=, MSG={SAL_BAN:27324734BOF_EX:Y EX_CLASS:G UNION_COMP_NOTE: NON_EXAM_MARK: EXCEL_CONNECT_CODE:AEO_NOTE: SECURE_NOTE:CHK_IN_WARE_NOTE: CHK_IN_WARE_NOTE_DATE:}
* 4 PROG=CHECK, CODE=9998, REJECT_CODE=, MSG={ 單價金額*數量:357000 發票總金額:357000 DIFF_AMOUNT:0ED_UTL.IN_RATE:4.818DIFF_AMOUNT:0}
* 5 PROG=ED90, CODE=22, REJECT_CODE=F88, MSG={沒有進倉資料}, COLUMN={沒有進倉資料}
* 6 PROG=ED90, CODE=1020, REJECT_CODE=, MSG={呼叫專家回傳結果 =>  CLEAR_TYPE_OD=<C1>  EXAM_TYPE=<N>  PAPER_NOTE=<N>  PRE_CLEAR_TYPE=<C1>}
* 7 PROG=ED90, CODE=1001, REJECT_CODE=, MSG={ED90 Reject: F}
===== SAVE END =====
==>> NX5106 TRANS_ID=<20140521123749_49690>
==>> OUT >> CLEAR_TYPE_out=<X>  EXAM_TYPE_out=<>  PAPER_NOTE_out=<>  REJECT_TYPE_out=<F>  rtnCode_out=<0>  rtnMsg_out=<作業完成> 
"
"2014-05-21 12:42:10.000"`"ED90_WEB"`"DA  03137A5172"`````"=======================================================================
TRANS_ID=<20140521124209455146> PROC_TYPE=<Y> RunTime:2014/05/21 12:42:10
==>> DECL_NO=<DA  03137A5172, MSG_FUNC_CD=<9>
    ==> CHECK_ONLY := TRUE
ED90 OK!
    ==>> DUTY_AMT=0
===== SAVE BEGIN =====
* 1 PROG=ED90, CODE=1003, REJECT_CODE=, MSG={TRANS_ID=<20140521124209455146> MSG_FUNC_CD=<9>  DECL_NO=<DA  03137A5172> DECL_TYPE=<G5>  MSG_FORMAT=<X>  RUN_MODE=<Q>  RunTime:2014/05/21 12:42:10}
* 2 PROG=UTL, CODE=999, REJECT_CODE=, MSG={===>>> IS ASP}
* 3 PROG=M04, CODE=1001, REJECT_CODE=, MSG={SAL_BAN:86201575BOF_EX:Y EX_CLASS:G UNION_COMP_NOTE: NON_EXAM_MARK: EXCEL_CONNECT_CODE:AEO_NOTE: SECURE_NOTE:CHK_IN_WARE_NOTE: CHK_IN_WARE_NOTE_DATE:}
* 4 PROG=CHECK, CODE=9998, REJECT_CODE=, MSG={ 單價金額*數量:3625.65 發票總金額:3625.65 DIFF_AMOUNT:0ED_UTL.IN_RATE:30.12DIFF_AMOUNT:0}
* 5 PROG=ED90, CODE=22, REJECT_CODE=F88, MSG={沒有進倉資料}, COLUMN={沒有進倉資料}
* 6 PROG=ED90, CODE=1020, REJECT_CODE=, MSG={呼叫專家回傳結果 =>  CLEAR_TYPE_OD=<C1>  EXAM_TYPE=<N>  PAPER_NOTE=<N>  PRE_CLEAR_TYPE=<C1>}
===== SAVE END =====
==>> NX5106 TRANS_ID=<20140521124210_49765>
==>> OUT >> CLEAR_TYPE_out=<>  EXAM_TYPE_out=<>  PAPER_NOTE_out=<>  REJECT_TYPE_out=<F>  rtnCode_out=<0>  rtnMsg_out=<作業完成> 
"
"2014-05-21 12:44:06.000"`"ED90_WEB"`"DA  03137A5172"`````"=======================================================================
TRANS_ID=<20140521124406455284> PROC_TYPE=<N> RunTime:2014/05/21 12:44:06
==>> DECL_NO=<DA  03137A5172, MSG_FUNC_CD=<9>
    ==> CHECK_ONLY := FALSE
ED90 OK!
WEB_5203 >>> COMMIT
    ==>> DUTY_AMT=0
    F類錯單 ==>> EDM_CLEAR_TYPE <> EDM_CLEAR_TYPE_OD  <>
===== SAVE BEGIN =====
* 1 PROG=ED90, CODE=1003, REJECT_CODE=, MSG={TRANS_ID=<20140521124406455284> MSG_FUNC_CD=<9>  DECL_NO=<DA  03137A5172> DECL_TYPE=<G5>  MSG_FORMAT=<X>  RUN_MODE=<A>  RunTime:2014/05/21 12:44:06}
* 2 PROG=UTL, CODE=999, REJECT_CODE=, MSG={===>>> IS ASP}
* 3 PROG=M04, CODE=1001, REJECT_CODE=, MSG={SAL_BAN:86201575BOF_EX:Y EX_CLASS:G UNION_COMP_NOTE: NON_EXAM_MARK: EXCEL_CONNECT_CODE:AEO_NOTE: SECURE_NOTE:CHK_IN_WARE_NOTE: CHK_IN_WARE_NOTE_DATE:}
* 4 PROG=CHECK, CODE=9998, REJECT_CODE=, MSG={ 單價金額*數量:3625.65 發票總金額:3625.65 DIFF_AMOUNT:0ED_UTL.IN_RATE:30.12DIFF_AMOUNT:0}
* 5 PROG=ED90, CODE=22, REJECT_CODE=F88, MSG={沒有進倉資料}, COLUMN={沒有進倉資料}
* 6 PROG=ED90, CODE=1020, REJECT_CODE=, MSG={呼叫專家回傳結果 =>  CLEAR_TYPE_OD=<C1>  EXAM_TYPE=<N>  PAPER_NOTE=<N>  PRE_CLEAR_TYPE=<C1>}
* 7 PROG=ED90, CODE=1001, REJECT_CODE=, MSG={ED90 Reject: F}
===== SAVE END =====
==>> NX5106 TRANS_ID=<20140521124406_49817>
==>> OUT >> CLEAR_TYPE_out=<X>  EXAM_TYPE_out=<>  PAPER_NOTE_out=<>  REJECT_TYPE_out=<F>  rtnCode_out=<0>  rtnMsg_out=<作業完成> 
"
"2014-05-21 12:59:40.000"`"ED90_WEB"`"DABC03137A5173"`````"=======================================================================
TRANS_ID=<20140521125940455373> PROC_TYPE=<Y> RunTime:2014/05/21 12:59:40
==>> DECL_NO=<DABC03137A5173, MSG_FUNC_CD=<9>
    ==> CHECK_ONLY := TRUE
ED90 OK!
    ==>> DUTY_AMT=1037
===== SAVE BEGIN =====
* 1 PROG=ED90, CODE=1003, REJECT_CODE=, MSG={TRANS_ID=<20140521125940455373> MSG_FUNC_CD=<9>  DECL_NO=<DABC03137A5173> DECL_TYPE=<G5>  MSG_FORMAT=<X>  RUN_MODE=<Q>  RunTime:2014/05/21 12:59:40}
* 2 PROG=UTL, CODE=999, REJECT_CODE=, MSG={===>>> IS ASP}
* 3 PROG=M04, CODE=1001, REJECT_CODE=, MSG={SAL_BAN:27776808BOF_EX:Y EX_CLASS:G UNION_COMP_NOTE: NON_EXAM_MARK: EXCEL_CONNECT_CODE:AEO_NOTE: SECURE_NOTE:CHK_IN_WARE_NOTE: CHK_IN_WARE_NOTE_DATE:}
* 4 PROG=CHECK, CODE=9998, REJECT_CODE=, MSG={ 單價金額*數量:86109.29 發票總金額:86109.29 DIFF_AMOUNT:0ED_UTL.IN_RATE:30.12DIFF_AMOUNT:0}
* 5 PROG=ED90, CODE=22, REJECT_CODE=F88, MSG={沒有進倉資料}, COLUMN={沒有進倉資料}
* 6 PROG=ED90, CODE=1020, REJECT_CODE=, MSG={呼叫專家回傳結果 =>  CLEAR_TYPE_OD=<C1>  EXAM_TYPE=<N>  PAPER_NOTE=<N>  PRE_CLEAR_TYPE=<C1>}
===== SAVE END =====
==>> NX5106 TRANS_ID=<20140521125941_50043>
==>> OUT >> CLEAR_TYPE_out=<>  EXAM_TYPE_out=<>  PAPER_NOTE_out=<>  REJECT_TYPE_out=<F>  rtnCode_out=<0>  rtnMsg_out=<作業完成> 
"
"2014-05-21 13:00:48.000"`"ED90_WEB"`"DABC03137A5173"`````"=======================================================================
TRANS_ID=<20140521130048455402> PROC_TYPE=<N> RunTime:2014/05/21 13:00:48
==>> DECL_NO=<DABC03137A5173, MSG_FUNC_CD=<9>
    ==> CHECK_ONLY := FALSE
ED90 OK!
WEB_5203 >>> COMMIT
    ==>> DUTY_AMT=1037
    F類錯單 ==>> EDM_CLEAR_TYPE <> EDM_CLEAR_TYPE_OD  <>
===== SAVE BEGIN =====
* 1 PROG=ED90, CODE=1003, REJECT_CODE=, MSG={TRANS_ID=<20140521130048455402> MSG_FUNC_CD=<9>  DECL_NO=<DABC03137A5173> DECL_TYPE=<G5>  MSG_FORMAT=<X>  RUN_MODE=<A>  RunTime:2014/05/21 13:00:48}
* 2 PROG=UTL, CODE=999, REJECT_CODE=, MSG={===>>> IS ASP}
* 3 PROG=M04, CODE=1001, REJECT_CODE=, MSG={SAL_BAN:27776808BOF_EX:Y EX_CLASS:G UNION_COMP_NOTE: NON_EXAM_MARK: EXCEL_CONNECT_CODE:AEO_NOTE: SECURE_NOTE:CHK_IN_WARE_NOTE: CHK_IN_WARE_NOTE_DATE:}
* 4 PROG=CHECK, CODE=9998, REJECT_CODE=, MSG={ 單價金額*數量:86109.29 發票總金額:86109.29 DIFF_AMOUNT:0ED_UTL.IN_RATE:30.12DIFF_AMOUNT:0}
* 5 PROG=ED90, CODE=22, REJECT_CODE=F88, MSG={沒有進倉資料}, COLUMN={沒有進倉資料}
* 6 PROG=ED90, CODE=1020, REJECT_CODE=, MSG={呼叫專家回傳結果 =>  CLEAR_TYPE_OD=<C1>  EXAM_TYPE=<N>  PAPER_NOTE=<N>  PRE_CLEAR_TYPE=<C1>}
* 7 PROG=ED90, CODE=1001, REJECT_CODE=, MSG={ED90 Reject: F}
===== SAVE END =====
==>> NX5106 TRANS_ID=<20140521130048_50061>
==>> OUT >> CLEAR_TYPE_out=<X>  EXAM_TYPE_out=<>  PAPER_NOTE_out=<>  REJECT_TYPE_out=<F>  rtnCode_out=<0>  rtnMsg_out=<作業完成> 
"
"2014-05-21 13:47:23.000"`"ED90_WEB"`"BF  0335508455"`````"=======================================================================
TRANS_ID=<20140521134722456320> PROC_TYPE=<Y> RunTime:2014/05/21 13:47:23
==>> DECL_NO=<BF  0335508455, MSG_FUNC_CD=<9>
    ==> CHECK_ONLY := TRUE
ED90 OK!
    ==>> DUTY_AMT=114
===== SAVE BEGIN =====
* 1 PROG=ED90, CODE=1003, REJECT_CODE=, MSG={TRANS_ID=<20140521134722456320> MSG_FUNC_CD=<9>  DECL_NO=<BF  0335508455> DECL_TYPE=<G5>  MSG_FORMAT=<X>  RUN_MODE=<Q>  RunTime:2014/05/21 13:47:23}
* 2 PROG=UTL, CODE=999, REJECT_CODE=, MSG={===>>> IS ASP}
* 3 PROG=M04, CODE=1001, REJECT_CODE=, MSG={SAL_BAN:16632565BOF_EX:Y EX_CLASS:G UNION_COMP_NOTE: NON_EXAM_MARK: EXCEL_CONNECT_CODE:AEO_NOTE: SECURE_NOTE:CHK_IN_WARE_NOTE: CHK_IN_WARE_NOTE_DATE:}
* 4 PROG=CHECK, CODE=9998, REJECT_CODE=, MSG={ 單價金額*數量:9487.8 發票總金額:9487.8 DIFF_AMOUNT:0ED_UTL.IN_RATE:30.12DIFF_AMOUNT:0}
* 5 PROG=ED90, CODE=1020, REJECT_CODE=, MSG={呼叫專家回傳結果 =>  CLEAR_TYPE_OD=<C1>  EXAM_TYPE=<N>  PAPER_NOTE=<N>  PRE_CLEAR_TYPE=<C1>}
===== SAVE END =====
==>> OUT >> CLEAR_TYPE_out=<>  EXAM_TYPE_out=<>  PAPER_NOTE_out=<>  REJECT_TYPE_out=<>  rtnCode_out=<0>  rtnMsg_out=<作業完成> 
"
"2014-05-21 14:29:17.000"`"ED90_WEB"`"BFCA0335508459"`````"=======================================================================
TRANS_ID=<20140521142917459277> PROC_TYPE=<Y> RunTime:2014/05/21 14:29:17
==>> DECL_NO=<BFCA0335508459, MSG_FUNC_CD=<9>
    ==> CHECK_ONLY := TRUE
ED90 OK!
    ==>> DUTY_AMT=0
===== SAVE BEGIN =====
* 1 PROG=ED90, CODE=1003, REJECT_CODE=, MSG={TRANS_ID=<20140521142917459277> MSG_FUNC_CD=<9>  DECL_NO=<BFCA0335508459> DECL_TYPE=<G5>  MSG_FORMAT=<X>  RUN_MODE=<Q>  RunTime:2014/05/21 14:29:17}
* 2 PROG=UTL, CODE=999, REJECT_CODE=, MSG={===>>> IS ASP}
* 3 PROG=M04, CODE=1001, REJECT_CODE=, MSG={SAL_BAN:16130970BOF_EX:Y EX_CLASS:L2 UNION_COMP_NOTE: NON_EXAM_MARK: EXCEL_CONNECT_CODE:AEO_NOTE: SECURE_NOTE:CHK_IN_WARE_NOTE: CHK_IN_WARE_NOTE_DATE:}
* 4 PROG=CHECK, CODE=9998, REJECT_CODE=, MSG={ 單價金額*數量:3152.16 發票總金額:3152.16 DIFF_AMOUNT:0ED_UTL.IN_RATE:30.12DIFF_AMOUNT:0}
* 5 PROG=ED90, CODE=1020, REJECT_CODE=, MSG={呼叫專家回傳結果 =>  CLEAR_TYPE_OD=<C1>  EXAM_TYPE=<N>  PAPER_NOTE=<N>  PRE_CLEAR_TYPE=<C1>}
===== SAVE END =====
==>> OUT >> CLEAR_TYPE_out=<>  EXAM_TYPE_out=<>  PAPER_NOTE_out=<>  REJECT_TYPE_out=<>  rtnCode_out=<0>  rtnMsg_out=<作業完成> 
"
"2014-05-21 14:32:49.000"`"ED90_WEB"`"ASG503903A0024"`````"=======================================================================
TRANS_ID=<20140521143248459365> PROC_TYPE=<Y> RunTime:2014/05/21 14:32:49
==>> DECL_NO=<ASG503903A0024, MSG_FUNC_CD=<9>
    ==> CHECK_ONLY := TRUE
ED90 OK!
    ==>> DUTY_AMT=0
===== SAVE BEGIN =====
* 1 PROG=ED90, CODE=1003, REJECT_CODE=, MSG={TRANS_ID=<20140521143248459365> MSG_FUNC_CD=<9>  DECL_NO=<ASG503903A0024> DECL_TYPE=<G5>  MSG_FORMAT=<X>  RUN_MODE=<Q>  RunTime:2014/05/21 14:32:49}
* 2 PROG=UTL, CODE=999, REJECT_CODE=, MSG={===>>> IS ASP}
* 3 PROG=M04, CODE=1001, REJECT_CODE=, MSG={SAL_BAN:03707901BOF_EX:Y EX_CLASS:G UNION_COMP_NOTE: NON_EXAM_MARK: EXCEL_CONNECT_CODE:*AEO_NOTE: SECURE_NOTE:CHK_IN_WARE_NOTE: CHK_IN_WARE_NOTE_DATE:}
* 4 PROG=D02, CODE=1009, REJECT_CODE=, ITEM=1, MSG={CCC_CODE=<27101990105> BEG_DATE=<2009/06/02> END_DATE:<9999/12/31> IET_CODE:<A>}
* 5 PROG=D02, CODE=1010, REJECT_CODE=, ITEM=1, MSG={QTY_FOR_STAT=<LTR> STATIC_CODE=<W> MAX=<1.5> MIN=<.5>}
* 6 PROG=CHECK, CODE=9998, REJECT_CODE=, MSG={ 單價金額*數量:88500 發票總金額:88500 DIFF_AMOUNT:0ED_UTL.IN_RATE:1DIFF_AMOUNT:0}
* 7 PROG=ED90, CODE=1020, REJECT_CODE=, MSG={呼叫專家回傳結果 =>  CLEAR_TYPE_OD=<C3>  EXAM_TYPE=<N>  PAPER_NOTE=<Y>  PRE_CLEAR_TYPE=<C3M>}
===== SAVE END =====
==>> OUT >> CLEAR_TYPE_out=<>  EXAM_TYPE_out=<>  PAPER_NOTE_out=<>  REJECT_TYPE_out=<>  rtnCode_out=<0>  rtnMsg_out=<作業完成> 
"
"2014-05-21 14:33:05.000"`"ED90_WEB"`"ASG503903A0024"`````"=======================================================================
TRANS_ID=<20140521143305459373> PROC_TYPE=<N> RunTime:2014/05/21 14:33:05
==>> DECL_NO=<ASG503903A0024, MSG_FUNC_CD=<9>
    ==> CHECK_ONLY := FALSE
ED90 OK!
EDEA_RATIFY OK!
WEB_5203 >>> COMMIT
    ==>> DUTY_AMT=0
===== SAVE BEGIN =====
* 1 PROG=ED90, CODE=1003, REJECT_CODE=, MSG={TRANS_ID=<20140521143305459373> MSG_FUNC_CD=<9>  DECL_NO=<ASG503903A0024> DECL_TYPE=<G5>  MSG_FORMAT=<X>  RUN_MODE=<A>  RunTime:2014/05/21 14:33:05}
* 2 PROG=UTL, CODE=999, REJECT_CODE=, MSG={===>>> IS ASP}
* 3 PROG=M04, CODE=1001, REJECT_CODE=, MSG={SAL_BAN:03707901BOF_EX:Y EX_CLASS:G UNION_COMP_NOTE: NON_EXAM_MARK: EXCEL_CONNECT_CODE:*AEO_NOTE: SECURE_NOTE:CHK_IN_WARE_NOTE: CHK_IN_WARE_NOTE_DATE:}
* 4 PROG=D02, CODE=1009, REJECT_CODE=, ITEM=1, MSG={CCC_CODE=<27101990105> BEG_DATE=<2009/06/02> END_DATE:<9999/12/31> IET_CODE:<A>}
* 5 PROG=D02, CODE=1010, REJECT_CODE=, ITEM=1, MSG={QTY_FOR_STAT=<LTR> STATIC_CODE=<W> MAX=<1.5> MIN=<.5>}
* 6 PROG=CHECK, CODE=9998, REJECT_CODE=, MSG={ 單價金額*數量:88500 發票總金額:88500 DIFF_AMOUNT:0ED_UTL.IN_RATE:1DIFF_AMOUNT:0}
* 7 PROG=ED90, CODE=1020, REJECT_CODE=, MSG={呼叫專家回傳結果 =>  CLEAR_TYPE_OD=<C3>  EXAM_TYPE=<N>  PAPER_NOTE=<Y>  PRE_CLEAR_TYPE=<C3M>}
* 8 PROG=ED90, CODE=1022, REJECT_CODE=, MSG={ED90 Accept!}
===== SAVE END =====
==>> N5107 TRANS_ID=<20140521143305_54978>
==>> OUT >> CLEAR_TYPE_out=<C3>  EXAM_TYPE_out=<M>  PAPER_NOTE_out=<Y>  REJECT_TYPE_out=<>  rtnCode_out=<0>  rtnMsg_out=<作業完成> 
"
"2014-05-21 14:34:54.000"`"ED90_WEB"`"BF  0335508455"`````"=======================================================================
TRANS_ID=<20140521143453459407> PROC_TYPE=<Y> RunTime:2014/05/21 14:34:54
==>> DECL_NO=<BF  0335508455, MSG_FUNC_CD=<9>
    ==> CHECK_ONLY := TRUE
ED90 OK!
    ==>> DUTY_AMT=114
===== SAVE BEGIN =====
* 1 PROG=ED90, CODE=1003, REJECT_CODE=, MSG={TRANS_ID=<20140521143453459407> MSG_FUNC_CD=<9>  DECL_NO=<BF  0335508455> DECL_TYPE=<G5>  MSG_FORMAT=<X>  RUN_MODE=<Q>  RunTime:2014/05/21 14:34:54}
* 2 PROG=UTL, CODE=999, REJECT_CODE=, MSG={===>>> IS ASP}
* 3 PROG=M04, CODE=1001, REJECT_CODE=, MSG={SAL_BAN:16632565BOF_EX:Y EX_CLASS:G UNION_COMP_NOTE: NON_EXAM_MARK: EXCEL_CONNECT_CODE:AEO_NOTE: SECURE_NOTE:CHK_IN_WARE_NOTE: CHK_IN_WARE_NOTE_DATE:}
* 4 PROG=CHECK, CODE=9998, REJECT_CODE=, MSG={ 單價金額*數量:9487.8 發票總金額:9487.8 DIFF_AMOUNT:0ED_UTL.IN_RATE:30.12DIFF_AMOUNT:0}
* 5 PROG=ED90, CODE=1020, REJECT_CODE=, MSG={呼叫專家回傳結果 =>  CLEAR_TYPE_OD=<C1>  EXAM_TYPE=<N>  PAPER_NOTE=<N>  PRE_CLEAR_TYPE=<C1>}
===== SAVE END =====
==>> OUT >> CLEAR_TYPE_out=<>  EXAM_TYPE_out=<>  PAPER_NOTE_out=<>  REJECT_TYPE_out=<>  rtnCode_out=<0>  rtnMsg_out=<作業完成> 
"
"2014-05-21 14:42:56.000"`"ED90_WEB"`"ASG503903A0025"`````"=======================================================================
TRANS_ID=<20140521144256459542> PROC_TYPE=<Y> RunTime:2014/05/21 14:42:56
==>> DECL_NO=<ASG503903A0025, MSG_FUNC_CD=<9>
    ==> CHECK_ONLY := TRUE
ED90 OK!
    ==>> DUTY_AMT=0
===== SAVE BEGIN =====
* 1 PROG=ED90, CODE=1003, REJECT_CODE=, MSG={TRANS_ID=<20140521144256459542> MSG_FUNC_CD=<9>  DECL_NO=<ASG503903A0025> DECL_TYPE=<G5>  MSG_FORMAT=<X>  RUN_MODE=<Q>  RunTime:2014/05/21 14:42:56}
* 2 PROG=UTL, CODE=999, REJECT_CODE=, MSG={===>>> IS ASP}
* 3 PROG=M04, CODE=1001, REJECT_CODE=, MSG={SAL_BAN:28544757BOF_EX:Y EX_CLASS:G UNION_COMP_NOTE: NON_EXAM_MARK: EXCEL_CONNECT_CODE:AEO_NOTE: SECURE_NOTE:CHK_IN_WARE_NOTE: CHK_IN_WARE_NOTE_DATE:}
* 4 PROG=D02, CODE=1009, REJECT_CODE=, ITEM=1, MSG={CCC_CODE=<27101990105> BEG_DATE=<2009/06/02> END_DATE:<9999/12/31> IET_CODE:<A>}
* 5 PROG=D02, CODE=1010, REJECT_CODE=, ITEM=1, MSG={QTY_FOR_STAT=<LTR> STATIC_CODE=<W> MAX=<1.5> MIN=<.5>}
* 6 PROG=D02, CODE=1009, REJECT_CODE=, ITEM=2, MSG={CCC_CODE=<27101990105> BEG_DATE=<2009/06/02> END_DATE:<9999/12/31> IET_CODE:<A>}
* 7 PROG=D02, CODE=1010, REJECT_CODE=, ITEM=2, MSG={QTY_FOR_STAT=<LTR> STATIC_CODE=<W> MAX=<1.5> MIN=<.5>}
* 8 PROG=CHECK, CODE=9998, REJECT_CODE=, MSG={ 單價金額*數量:239100 發票總金額:239100 DIFF_AMOUNT:0ED_UTL.IN_RATE:1DIFF_AMOUNT:0}
* 9 PROG=ED90, CODE=1020, REJECT_CODE=, MSG={呼叫專家回傳結果 =>  CLEAR_TYPE_OD=<C3>  EXAM_TYPE=<N>  PAPER_NOTE=<Y>  PRE_CLEAR_TYPE=<C3M>}
===== SAVE END =====
==>> OUT >> CLEAR_TYPE_out=<>  EXAM_TYPE_out=<>  PAPER_NOTE_out=<>  REJECT_TYPE_out=<>  rtnCode_out=<0>  rtnMsg_out=<作業完成> 
"
"2014-05-21 14:52:38.000"`"ED90_WEB"`"BFCA0335508459"`````"=======================================================================
TRANS_ID=<20140521145238459872> PROC_TYPE=<Y> RunTime:2014/05/21 14:52:38
==>> DECL_NO=<BFCA0335508459, MSG_FUNC_CD=<9>
    ==> CHECK_ONLY := TRUE
ED90 OK!
    ==>> DUTY_AMT=0
===== SAVE BEGIN =====
* 1 PROG=ED90, CODE=1003, REJECT_CODE=, MSG={TRANS_ID=<20140521145238459872> MSG_FUNC_CD=<9>  DECL_NO=<BFCA0335508459> DECL_TYPE=<G5>  MSG_FORMAT=<X>  RUN_MODE=<Q>  RunTime:2014/05/21 14:52:38}
* 2 PROG=UTL, CODE=999, REJECT_CODE=, MSG={===>>> IS ASP}
* 3 PROG=M04, CODE=1001, REJECT_CODE=, MSG={SAL_BAN:16130970BOF_EX:Y EX_CLASS:L2 UNION_COMP_NOTE: NON_EXAM_MARK: EXCEL_CONNECT_CODE:AEO_NOTE: SECURE_NOTE:CHK_IN_WARE_NOTE: CHK_IN_WARE_NOTE_DATE:}
* 4 PROG=CHECK, CODE=9998, REJECT_CODE=, MSG={ 單價金額*數量:3152.16 發票總金額:3152.16 DIFF_AMOUNT:0ED_UTL.IN_RATE:30.12DIFF_AMOUNT:0}
* 5 PROG=ED90, CODE=1020, REJECT_CODE=, MSG={呼叫專家回傳結果 =>  CLEAR_TYPE_OD=<C1>  EXAM_TYPE=<N>  PAPER_NOTE=<N>  PRE_CLEAR_TYPE=<C1>}
===== SAVE END =====
==>> OUT >> CLEAR_TYPE_out=<>  EXAM_TYPE_out=<>  PAPER_NOTE_out=<>  REJECT_TYPE_out=<>  rtnCode_out=<0>  rtnMsg_out=<作業完成> 
"
"2014-05-21 14:52:51.000"`"ED90_WEB"`"BFCA0335508459"`````"=======================================================================
TRANS_ID=<20140521145251459892> PROC_TYPE=<N> RunTime:2014/05/21 14:52:51
==>> DECL_NO=<BFCA0335508459, MSG_FUNC_CD=<9>
    ==> CHECK_ONLY := FALSE
ED90 OK!
EDEA_RATIFY OK!
WEB_5203 >>> COMMIT
    ==>> DUTY_AMT=0
===== SAVE BEGIN =====
* 1 PROG=ED90, CODE=1003, REJECT_CODE=, MSG={TRANS_ID=<20140521145251459892> MSG_FUNC_CD=<9>  DECL_NO=<BFCA0335508459> DECL_TYPE=<G5>  MSG_FORMAT=<X>  RUN_MODE=<A>  RunTime:2014/05/21 14:52:51}
* 2 PROG=UTL, CODE=999, REJECT_CODE=, MSG={===>>> IS ASP}
* 3 PROG=M04, CODE=1001, REJECT_CODE=, MSG={SAL_BAN:16130970BOF_EX:Y EX_CLASS:L2 UNION_COMP_NOTE: NON_EXAM_MARK: EXCEL_CONNECT_CODE:AEO_NOTE: SECURE_NOTE:CHK_IN_WARE_NOTE: CHK_IN_WARE_NOTE_DATE:}
* 4 PROG=CHECK, CODE=9998, REJECT_CODE=, MSG={ 單價金額*數量:3152.16 發票總金額:3152.16 DIFF_AMOUNT:0ED_UTL.IN_RATE:30.12DIFF_AMOUNT:0}
* 5 PROG=ED90, CODE=1020, REJECT_CODE=, MSG={呼叫專家回傳結果 =>  CLEAR_TYPE_OD=<C1>  EXAM_TYPE=<N>  PAPER_NOTE=<N>  PRE_CLEAR_TYPE=<C1>}
* 6 PROG=ED90, CODE=1022, REJECT_CODE=, MSG={ED90 Accept!}
===== SAVE END =====
==>> N5204 TRANS_ID=<20140521145251_56338>
==>> OUT >> CLEAR_TYPE_out=<C1>  EXAM_TYPE_out=<>  PAPER_NOTE_out=<N>  REJECT_TYPE_out=<>  rtnCode_out=<0>  rtnMsg_out=<作業完成> 
"
"2014-05-21 14:53:42.000"`"ED90_WEB"`"BF  0335508455"`````"=======================================================================
TRANS_ID=<20140521145342459924> PROC_TYPE=<Y> RunTime:2014/05/21 14:53:42
==>> DECL_NO=<BF  0335508455, MSG_FUNC_CD=<9>
    ==> CHECK_ONLY := TRUE
ED90 OK!
    ==>> DUTY_AMT=114
===== SAVE BEGIN =====
* 1 PROG=ED90, CODE=1003, REJECT_CODE=, MSG={TRANS_ID=<20140521145342459924> MSG_FUNC_CD=<9>  DECL_NO=<BF  0335508455> DECL_TYPE=<G5>  MSG_FORMAT=<X>  RUN_MODE=<Q>  RunTime:2014/05/21 14:53:42}
* 2 PROG=UTL, CODE=999, REJECT_CODE=, MSG={===>>> IS ASP}
* 3 PROG=M04, CODE=1001, REJECT_CODE=, MSG={SAL_BAN:16632565BOF_EX:Y EX_CLASS:G UNION_COMP_NOTE: NON_EXAM_MARK: EXCEL_CONNECT_CODE:AEO_NOTE: SECURE_NOTE:CHK_IN_WARE_NOTE: CHK_IN_WARE_NOTE_DATE:}
* 4 PROG=CHECK, CODE=9998, REJECT_CODE=, MSG={ 單價金額*數量:9487.8 發票總金額:9487.8 DIFF_AMOUNT:0ED_UTL.IN_RATE:30.12DIFF_AMOUNT:0}
* 5 PROG=ED90, CODE=1020, REJECT_CODE=, MSG={呼叫專家回傳結果 =>  CLEAR_TYPE_OD=<C1>  EXAM_TYPE=<N>  PAPER_NOTE=<N>  PRE_CLEAR_TYPE=<C1>}
===== SAVE END =====
==>> OUT >> CLEAR_TYPE_out=<>  EXAM_TYPE_out=<>  PAPER_NOTE_out=<>  REJECT_TYPE_out=<>  rtnCode_out=<0>  rtnMsg_out=<作業完成> 
"
"2014-05-21 14:53:53.000"`"ED90_WEB"`"BF  0335508455"`````"=======================================================================
TRANS_ID=<20140521145353459901> PROC_TYPE=<N> RunTime:2014/05/21 14:53:53
==>> DECL_NO=<BF  0335508455, MSG_FUNC_CD=<9>
    ==> CHECK_ONLY := FALSE
ED90 OK!
EDEA_RATIFY OK!
WEB_5203 >>> COMMIT
    ==>> DUTY_AMT=114
===== SAVE BEGIN =====
* 1 PROG=ED90, CODE=1003, REJECT_CODE=, MSG={TRANS_ID=<20140521145353459901> MSG_FUNC_CD=<9>  DECL_NO=<BF  0335508455> DECL_TYPE=<G5>  MSG_FORMAT=<X>  RUN_MODE=<A>  RunTime:2014/05/21 14:53:53}
* 2 PROG=UTL, CODE=999, REJECT_CODE=, MSG={===>>> IS ASP}
* 3 PROG=M04, CODE=1001, REJECT_CODE=, MSG={SAL_BAN:16632565BOF_EX:Y EX_CLASS:G UNION_COMP_NOTE: NON_EXAM_MARK: EXCEL_CONNECT_CODE:AEO_NOTE: SECURE_NOTE:CHK_IN_WARE_NOTE: CHK_IN_WARE_NOTE_DATE:}
* 4 PROG=CHECK, CODE=9998, REJECT_CODE=, MSG={ 單價金額*數量:9487.8 發票總金額:9487.8 DIFF_AMOUNT:0ED_UTL.IN_RATE:30.12DIFF_AMOUNT:0}
* 5 PROG=ED90, CODE=1020, REJECT_CODE=, MSG={呼叫專家回傳結果 =>  CLEAR_TYPE_OD=<C1>  EXAM_TYPE=<N>  PAPER_NOTE=<N>  PRE_CLEAR_TYPE=<C1>}
* 6 PROG=ED90, CODE=1022, REJECT_CODE=, MSG={ED90 Accept!}
===== SAVE END =====
==>> N5204 TRANS_ID=<20140521145353_56415>
==>> OUT >> CLEAR_TYPE_out=<C1>  EXAM_TYPE_out=<>  PAPER_NOTE_out=<N>  REJECT_TYPE_out=<>  rtnCode_out=<0>  rtnMsg_out=<作業完成> 
"
"2014-05-21 15:01:17.000"`"ED90_WEB"`"ASG503903A0026"`````"=======================================================================
TRANS_ID=<20140521150117460102> PROC_TYPE=<Y> RunTime:2014/05/21 15:01:17
==>> DECL_NO=<ASG503903A0026, MSG_FUNC_CD=<9>
    ==> CHECK_ONLY := TRUE
ED90 OK!
    ==>> DUTY_AMT=0
===== SAVE BEGIN =====
* 1 PROG=ED90, CODE=1003, REJECT_CODE=, MSG={TRANS_ID=<20140521150117460102> MSG_FUNC_CD=<9>  DECL_NO=<ASG503903A0026> DECL_TYPE=<G5>  MSG_FORMAT=<X>  RUN_MODE=<Q>  RunTime:2014/05/21 15:01:17}
* 2 PROG=UTL, CODE=999, REJECT_CODE=, MSG={===>>> IS ASP}
* 3 PROG=M04, CODE=1001, REJECT_CODE=, MSG={SAL_BAN:80692384BOF_EX:Y EX_CLASS:G UNION_COMP_NOTE: NON_EXAM_MARK: EXCEL_CONNECT_CODE:AEO_NOTE: SECURE_NOTE:CHK_IN_WARE_NOTE: CHK_IN_WARE_NOTE_DATE:}
* 4 PROG=CHECK, CODE=9998, REJECT_CODE=, MSG={ 單價金額*數量:4740 發票總金額:4740 DIFF_AMOUNT:0ED_UTL.IN_RATE:30.12DIFF_AMOUNT:0}
* 5 PROG=ED90, CODE=1020, REJECT_CODE=, MSG={呼叫專家回傳結果 =>  CLEAR_TYPE_OD=<C3>  EXAM_TYPE=<N>  PAPER_NOTE=<Y>  PRE_CLEAR_TYPE=<C3M>}
===== SAVE END =====
==>> OUT >> CLEAR_TYPE_out=<>  EXAM_TYPE_out=<>  PAPER_NOTE_out=<>  REJECT_TYPE_out=<>  rtnCode_out=<0>  rtnMsg_out=<作業完成> 
"
"2014-05-21 15:12:55.000"`"ED90_WEB"`"ASG503903A0026"`````"=======================================================================
TRANS_ID=<20140521151255460530> PROC_TYPE=<Y> RunTime:2014/05/21 15:12:55
==>> DECL_NO=<ASG503903A0026, MSG_FUNC_CD=<9>
    ==> CHECK_ONLY := TRUE
ED90 OK!
    ==>> DUTY_AMT=0
===== SAVE BEGIN =====
* 1 PROG=ED90, CODE=1003, REJECT_CODE=, MSG={TRANS_ID=<20140521151255460530> MSG_FUNC_CD=<9>  DECL_NO=<ASG503903A0026> DECL_TYPE=<G5>  MSG_FORMAT=<X>  RUN_MODE=<Q>  RunTime:2014/05/21 15:12:55}
* 2 PROG=UTL, CODE=999, REJECT_CODE=, MSG={===>>> IS ASP}
* 3 PROG=M04, CODE=1001, REJECT_CODE=, MSG={SAL_BAN:80692384BOF_EX:Y EX_CLASS:G UNION_COMP_NOTE: NON_EXAM_MARK: EXCEL_CONNECT_CODE:AEO_NOTE: SECURE_NOTE:CHK_IN_WARE_NOTE: CHK_IN_WARE_NOTE_DATE:}
* 4 PROG=CHECK, CODE=9998, REJECT_CODE=, MSG={ 單價金額*數量:4740 發票總金額:4740 DIFF_AMOUNT:0ED_UTL.IN_RATE:30.12DIFF_AMOUNT:0}
* 5 PROG=ED90, CODE=1020, REJECT_CODE=, MSG={呼叫專家回傳結果 =>  CLEAR_TYPE_OD=<C3>  EXAM_TYPE=<N>  PAPER_NOTE=<Y>  PRE_CLEAR_TYPE=<C3M>}
===== SAVE END =====
==>> OUT >> CLEAR_TYPE_out=<>  EXAM_TYPE_out=<>  PAPER_NOTE_out=<>  REJECT_TYPE_out=<>  rtnCode_out=<0>  rtnMsg_out=<作業完成> 
"
"2014-05-21 15:26:55.000"`"ED90_WEB"`"ASG503903A0026"`````"=======================================================================
TRANS_ID=<20140521152655460894> PROC_TYPE=<Y> RunTime:2014/05/21 15:26:55
==>> DECL_NO=<ASG503903A0026, MSG_FUNC_CD=<9>
    ==> CHECK_ONLY := TRUE
ED90 OK!
    ==>> DUTY_AMT=0
===== SAVE BEGIN =====
* 1 PROG=ED90, CODE=1003, REJECT_CODE=, MSG={TRANS_ID=<20140521152655460894> MSG_FUNC_CD=<9>  DECL_NO=<ASG503903A0026> DECL_TYPE=<G5>  MSG_FORMAT=<X>  RUN_MODE=<Q>  RunTime:2014/05/21 15:26:55}
* 2 PROG=UTL, CODE=999, REJECT_CODE=, MSG={===>>> IS ASP}
* 3 PROG=M04, CODE=1001, REJECT_CODE=, MSG={SAL_BAN:80692384BOF_EX:Y EX_CLASS:G UNION_COMP_NOTE: NON_EXAM_MARK: EXCEL_CONNECT_CODE:AEO_NOTE: SECURE_NOTE:CHK_IN_WARE_NOTE: CHK_IN_WARE_NOTE_DATE:}
* 4 PROG=CHECK, CODE=9998, REJECT_CODE=, MSG={ 單價金額*數量:4740 發票總金額:4740 DIFF_AMOUNT:0ED_UTL.IN_RATE:30.12DIFF_AMOUNT:0}
* 5 PROG=ED90, CODE=1020, REJECT_CODE=, MSG={呼叫專家回傳結果 =>  CLEAR_TYPE_OD=<C3>  EXAM_TYPE=<N>  PAPER_NOTE=<Y>  PRE_CLEAR_TYPE=<C3M>}
===== SAVE END =====
==>> OUT >> CLEAR_TYPE_out=<>  EXAM_TYPE_out=<>  PAPER_NOTE_out=<>  REJECT_TYPE_out=<>  rtnCode_out=<0>  rtnMsg_out=<作業完成> 
"
"2014-05-21 15:27:11.000"`"ED90_WEB"`"ASG503903A0026"`````"=======================================================================
TRANS_ID=<20140521152711460895> PROC_TYPE=<N> RunTime:2014/05/21 15:27:11
==>> DECL_NO=<ASG503903A0026, MSG_FUNC_CD=<9>
    ==> CHECK_ONLY := FALSE
ED90 OK!
EDEA_RATIFY OK!
WEB_5203 >>> COMMIT
    ==>> DUTY_AMT=0
===== SAVE BEGIN =====
* 1 PROG=ED90, CODE=1003, REJECT_CODE=, MSG={TRANS_ID=<20140521152711460895> MSG_FUNC_CD=<9>  DECL_NO=<ASG503903A0026> DECL_TYPE=<G5>  MSG_FORMAT=<X>  RUN_MODE=<A>  RunTime:2014/05/21 15:27:11}
* 2 PROG=UTL, CODE=999, REJECT_CODE=, MSG={===>>> IS ASP}
* 3 PROG=M04, CODE=1001, REJECT_CODE=, MSG={SAL_BAN:80692384BOF_EX:Y EX_CLASS:G UNION_COMP_NOTE: NON_EXAM_MARK: EXCEL_CONNECT_CODE:AEO_NOTE: SECURE_NOTE:CHK_IN_WARE_NOTE: CHK_IN_WARE_NOTE_DATE:}
* 4 PROG=CHECK, CODE=9998, REJECT_CODE=, MSG={ 單價金額*數量:4740 發票總金額:4740 DIFF_AMOUNT:0ED_UTL.IN_RATE:30.12DIFF_AMOUNT:0}
* 5 PROG=ED90, CODE=1020, REJECT_CODE=, MSG={呼叫專家回傳結果 =>  CLEAR_TYPE_OD=<C3>  EXAM_TYPE=<N>  PAPER_NOTE=<Y>  PRE_CLEAR_TYPE=<C3M>}
* 6 PROG=ED90, CODE=1022, REJECT_CODE=, MSG={ED90 Accept!}
===== SAVE END =====
==>> N5107 TRANS_ID=<20140521152711_59276>
==>> OUT >> CLEAR_TYPE_out=<C3>  EXAM_TYPE_out=<M>  PAPER_NOTE_out=<Y>  REJECT_TYPE_out=<>  rtnCode_out=<0>  rtnMsg_out=<作業完成> 
"
"2014-05-21 15:43:29.000"`"ED90_WEB"`"ASG503903A0025"`````"=======================================================================
TRANS_ID=<20140521154329461298> PROC_TYPE=<Y> RunTime:2014/05/21 15:43:29
==>> DECL_NO=<ASG503903A0025, MSG_FUNC_CD=<9>
    ==> CHECK_ONLY := TRUE
ED90 OK!
    ==>> DUTY_AMT=0
===== SAVE BEGIN =====
* 1 PROG=ED90, CODE=1003, REJECT_CODE=, MSG={TRANS_ID=<20140521154329461298> MSG_FUNC_CD=<9>  DECL_NO=<ASG503903A0025> DECL_TYPE=<G5>  MSG_FORMAT=<X>  RUN_MODE=<Q>  RunTime:2014/05/21 15:43:29}
* 2 PROG=UTL, CODE=999, REJECT_CODE=, MSG={===>>> IS ASP}
* 3 PROG=M04, CODE=1001, REJECT_CODE=, MSG={SAL_BAN:28544757BOF_EX:Y EX_CLASS:G UNION_COMP_NOTE: NON_EXAM_MARK: EXCEL_CONNECT_CODE:AEO_NOTE: SECURE_NOTE:CHK_IN_WARE_NOTE: CHK_IN_WARE_NOTE_DATE:}
* 4 PROG=D02, CODE=1009, REJECT_CODE=, ITEM=1, MSG={CCC_CODE=<27101990105> BEG_DATE=<2009/06/02> END_DATE:<9999/12/31> IET_CODE:<A>}
* 5 PROG=D02, CODE=1010, REJECT_CODE=, ITEM=1, MSG={QTY_FOR_STAT=<LTR> STATIC_CODE=<W> MAX=<1.5> MIN=<.5>}
* 6 PROG=D02, CODE=1009, REJECT_CODE=, ITEM=2, MSG={CCC_CODE=<27101990105> BEG_DATE=<2009/06/02> END_DATE:<9999/12/31> IET_CODE:<A>}
* 7 PROG=D02, CODE=1010, REJECT_CODE=, ITEM=2, MSG={QTY_FOR_STAT=<LTR> STATIC_CODE=<W> MAX=<1.5> MIN=<.5>}
* 8 PROG=CHECK, CODE=9998, REJECT_CODE=, MSG={ 單價金額*數量:239100 發票總金額:239100 DIFF_AMOUNT:0ED_UTL.IN_RATE:1DIFF_AMOUNT:0}
* 9 PROG=ED90, CODE=1020, REJECT_CODE=, MSG={呼叫專家回傳結果 =>  CLEAR_TYPE_OD=<C3>  EXAM_TYPE=<N>  PAPER_NOTE=<Y>  PRE_CLEAR_TYPE=<C3M>}
===== SAVE END =====
==>> OUT >> CLEAR_TYPE_out=<>  EXAM_TYPE_out=<>  PAPER_NOTE_out=<>  REJECT_TYPE_out=<>  rtnCode_out=<0>  rtnMsg_out=<作業完成> 
"
"2014-05-21 15:43:47.000"`"ED90_WEB"`"ASG503903A0025"`````"=======================================================================
TRANS_ID=<20140521154346461299> PROC_TYPE=<N> RunTime:2014/05/21 15:43:47
==>> DECL_NO=<ASG503903A0025, MSG_FUNC_CD=<9>
    ==> CHECK_ONLY := FALSE
ED90 OK!
EDEA_RATIFY OK!
WEB_5203 >>> COMMIT
    ==>> DUTY_AMT=0
===== SAVE BEGIN =====
* 1 PROG=ED90, CODE=1003, REJECT_CODE=, MSG={TRANS_ID=<20140521154346461299> MSG_FUNC_CD=<9>  DECL_NO=<ASG503903A0025> DECL_TYPE=<G5>  MSG_FORMAT=<X>  RUN_MODE=<A>  RunTime:2014/05/21 15:43:47}
* 2 PROG=UTL, CODE=999, REJECT_CODE=, MSG={===>>> IS ASP}
* 3 PROG=M04, CODE=1001, REJECT_CODE=, MSG={SAL_BAN:28544757BOF_EX:Y EX_CLASS:G UNION_COMP_NOTE: NON_EXAM_MARK: EXCEL_CONNECT_CODE:AEO_NOTE: SECURE_NOTE:CHK_IN_WARE_NOTE: CHK_IN_WARE_NOTE_DATE:}
* 4 PROG=D02, CODE=1009, REJECT_CODE=, ITEM=1, MSG={CCC_CODE=<27101990105> BEG_DATE=<2009/06/02> END_DATE:<9999/12/31> IET_CODE:<A>}
* 5 PROG=D02, CODE=1010, REJECT_CODE=, ITEM=1, MSG={QTY_FOR_STAT=<LTR> STATIC_CODE=<W> MAX=<1.5> MIN=<.5>}
* 6 PROG=D02, CODE=1009, REJECT_CODE=, ITEM=2, MSG={CCC_CODE=<27101990105> BEG_DATE=<2009/06/02> END_DATE:<9999/12/31> IET_CODE:<A>}
* 7 PROG=D02, CODE=1010, REJECT_CODE=, ITEM=2, MSG={QTY_FOR_STAT=<LTR> STATIC_CODE=<W> MAX=<1.5> MIN=<.5>}
* 8 PROG=CHECK, CODE=9998, REJECT_CODE=, MSG={ 單價金額*數量:239100 發票總金額:239100 DIFF_AMOUNT:0ED_UTL.IN_RATE:1DIFF_AMOUNT:0}
* 9 PROG=ED90, CODE=1020, REJECT_CODE=, MSG={呼叫專家回傳結果 =>  CLEAR_TYPE_OD=<C3>  EXAM_TYPE=<N>  PAPER_NOTE=<Y>  PRE_CLEAR_TYPE=<C3M>}
* 10 PROG=ED90, CODE=1022, REJECT_CODE=, MSG={ED90 Accept!}
===== SAVE END =====
==>> N5107 TRANS_ID=<20140521154347_60723>
==>> OUT >> CLEAR_TYPE_out=<C3>  EXAM_TYPE_out=<M>  PAPER_NOTE_out=<Y>  REJECT_TYPE_out=<>  rtnCode_out=<0>  rtnMsg_out=<作業完成> 
"
"2014-05-21 16:50:29.000"`"ED90_WEB"`"BFCG0335508461"`````"=======================================================================
TRANS_ID=<20140521165029463179> PROC_TYPE=<Y> RunTime:2014/05/21 16:50:29
==>> DECL_NO=<BFCG0335508461, MSG_FUNC_CD=<9>
    ==> CHECK_ONLY := TRUE
ED90 OK!
    ==>> DUTY_AMT=113
===== SAVE BEGIN =====
* 1 PROG=ED90, CODE=1003, REJECT_CODE=, MSG={TRANS_ID=<20140521165029463179> MSG_FUNC_CD=<9>  DECL_NO=<BFCG0335508461> DECL_TYPE=<G5>  MSG_FORMAT=<X>  RUN_MODE=<Q>  RunTime:2014/05/21 16:50:29}
* 2 PROG=UTL, CODE=999, REJECT_CODE=, MSG={===>>> IS ASP}
* 3 PROG=M04, CODE=1001, REJECT_CODE=, MSG={SAL_BAN:12710483BOF_EX:Y EX_CLASS:G UNION_COMP_NOTE: NON_EXAM_MARK: EXCEL_CONNECT_CODE:AEO_NOTE: SECURE_NOTE:CHK_IN_WARE_NOTE: CHK_IN_WARE_NOTE_DATE:}
* 4 PROG=CHECK, CODE=9998, REJECT_CODE=, MSG={ 單價金額*數量:9430 發票總金額:9430 DIFF_AMOUNT:0ED_UTL.IN_RATE:30.12DIFF_AMOUNT:0}
* 5 PROG=ED90, CODE=22, REJECT_CODE=F88, MSG={沒有進倉資料}, COLUMN={沒有進倉資料}
* 6 PROG=ED90, CODE=1020, REJECT_CODE=, MSG={呼叫專家回傳結果 =>  CLEAR_TYPE_OD=<C1>  EXAM_TYPE=<N>  PAPER_NOTE=<N>  PRE_CLEAR_TYPE=<C1>}
===== SAVE END =====
==>> NX5106 TRANS_ID=<20140521165029_67614>
==>> OUT >> CLEAR_TYPE_out=<>  EXAM_TYPE_out=<>  PAPER_NOTE_out=<>  REJECT_TYPE_out=<F>  rtnCode_out=<0>  rtnMsg_out=<作業完成> 
"
"2014-05-21 16:57:40.000"`"ED90_WEB"`"BFCG0335508462"`````"=======================================================================
TRANS_ID=<20140521165740463381> PROC_TYPE=<Y> RunTime:2014/05/21 16:57:40
==>> DECL_NO=<BFCG0335508462, MSG_FUNC_CD=<9>
    ==> CHECK_ONLY := TRUE
ED90 OK!
    ==>> DUTY_AMT=0
===== SAVE BEGIN =====
* 1 PROG=ED90, CODE=1003, REJECT_CODE=, MSG={TRANS_ID=<20140521165740463381> MSG_FUNC_CD=<9>  DECL_NO=<BFCG0335508462> DECL_TYPE=<G5>  MSG_FORMAT=<X>  RUN_MODE=<Q>  RunTime:2014/05/21 16:57:40}
* 2 PROG=UTL, CODE=999, REJECT_CODE=, MSG={===>>> IS ASP}
* 3 PROG=M04, CODE=1001, REJECT_CODE=, MSG={SAL_BAN:22145016BOF_EX:Y EX_CLASS:L1 UNION_COMP_NOTE: NON_EXAM_MARK: EXCEL_CONNECT_CODE:AEO_NOTE:B SECURE_NOTE:CHK_IN_WARE_NOTE: CHK_IN_WARE_NOTE_DATE:}
* 4 PROG=CHECK, CODE=9998, REJECT_CODE=, MSG={ 單價金額*數量:1680 發票總金額:1680 DIFF_AMOUNT:0ED_UTL.IN_RATE:30.12DIFF_AMOUNT:0}
* 5 PROG=ED90, CODE=22, REJECT_CODE=F88, MSG={沒有進倉資料}, COLUMN={沒有進倉資料}
* 6 PROG=ED90, CODE=1020, REJECT_CODE=, MSG={呼叫專家回傳結果 =>  CLEAR_TYPE_OD=<C1>  EXAM_TYPE=<N>  PAPER_NOTE=<N>  PRE_CLEAR_TYPE=<C1>}
===== SAVE END =====
==>> NX5106 TRANS_ID=<20140521165741_68423>
==>> OUT >> CLEAR_TYPE_out=<>  EXAM_TYPE_out=<>  PAPER_NOTE_out=<>  REJECT_TYPE_out=<F>  rtnCode_out=<0>  rtnMsg_out=<作業完成> 
"
"2014-05-21 17:06:06.000"`"ED90_WEB"`"DA  03137A5178"`````"=======================================================================
TRANS_ID=<20140521170606463668> PROC_TYPE=<Y> RunTime:2014/05/21 17:06:06
==>> DECL_NO=<DA  03137A5178, MSG_FUNC_CD=<9>
    ==> CHECK_ONLY := TRUE
ED90 OK!
    ==>> DUTY_AMT=0
===== SAVE BEGIN =====
* 1 PROG=ED90, CODE=1003, REJECT_CODE=, MSG={TRANS_ID=<20140521170606463668> MSG_FUNC_CD=<9>  DECL_NO=<DA  03137A5178> DECL_TYPE=<G5>  MSG_FORMAT=<X>  RUN_MODE=<Q>  RunTime:2014/05/21 17:06:06}
* 2 PROG=UTL, CODE=999, REJECT_CODE=, MSG={===>>> IS ASP}
* 3 PROG=M04, CODE=1001, REJECT_CODE=, MSG={SAL_BAN:28513255BOF_EX:Y EX_CLASS:G UNION_COMP_NOTE: NON_EXAM_MARK: EXCEL_CONNECT_CODE:AEO_NOTE: SECURE_NOTE:CHK_IN_WARE_NOTE: CHK_IN_WARE_NOTE_DATE:}
* 4 PROG=CHECK, CODE=9998, REJECT_CODE=, MSG={ 單價金額*數量:5401.8 發票總金額:5551.8 DIFF_AMOUNT:0ED_UTL.IN_RATE:30.12DIFF_AMOUNT:0}
* 5 PROG=ED90, CODE=1020, REJECT_CODE=, MSG={呼叫專家回傳結果 =>  CLEAR_TYPE_OD=<C1>  EXAM_TYPE=<N>  PAPER_NOTE=<N>  PRE_CLEAR_TYPE=<C1>}
===== SAVE END =====
==>> OUT >> CLEAR_TYPE_out=<>  EXAM_TYPE_out=<>  PAPER_NOTE_out=<>  REJECT_TYPE_out=<>  rtnCode_out=<0>  rtnMsg_out=<作業完成> 
"
"2014-05-21 17:07:48.000"`"ED90_WEB"`"DA  03137A5178"`````"=======================================================================
TRANS_ID=<20140521170747463852> PROC_TYPE=<N> RunTime:2014/05/21 17:07:48
==>> DECL_NO=<DA  03137A5178, MSG_FUNC_CD=<9>
    ==> CHECK_ONLY := FALSE
ED90 OK!
EDEA_RATIFY OK!
WEB_5203 >>> COMMIT
    ==>> DUTY_AMT=0
===== SAVE BEGIN =====
* 1 PROG=ED90, CODE=1003, REJECT_CODE=, MSG={TRANS_ID=<20140521170747463852> MSG_FUNC_CD=<9>  DECL_NO=<DA  03137A5178> DECL_TYPE=<G5>  MSG_FORMAT=<X>  RUN_MODE=<A>  RunTime:2014/05/21 17:07:48}
* 2 PROG=UTL, CODE=999, REJECT_CODE=, MSG={===>>> IS ASP}
* 3 PROG=M04, CODE=1001, REJECT_CODE=, MSG={SAL_BAN:28513255BOF_EX:Y EX_CLASS:G UNION_COMP_NOTE: NON_EXAM_MARK: EXCEL_CONNECT_CODE:AEO_NOTE: SECURE_NOTE:CHK_IN_WARE_NOTE: CHK_IN_WARE_NOTE_DATE:}
* 4 PROG=CHECK, CODE=9998, REJECT_CODE=, MSG={ 單價金額*數量:5401.8 發票總金額:5551.8 DIFF_AMOUNT:0ED_UTL.IN_RATE:30.12DIFF_AMOUNT:0}
* 5 PROG=ED90, CODE=1020, REJECT_CODE=, MSG={呼叫專家回傳結果 =>  CLEAR_TYPE_OD=<C1>  EXAM_TYPE=<N>  PAPER_NOTE=<N>  PRE_CLEAR_TYPE=<C1>}
* 6 PROG=ED90, CODE=1022, REJECT_CODE=, MSG={ED90 Accept!}
===== SAVE END =====
==>> N5204 TRANS_ID=<20140521170748_69747>
==>> OUT >> CLEAR_TYPE_out=<C1>  EXAM_TYPE_out=<>  PAPER_NOTE_out=<N>  REJECT_TYPE_out=<>  rtnCode_out=<0>  rtnMsg_out=<作業完成> 
"
"2014-05-21 17:09:14.000"`"ED90_WEB"`"AWBC03998A0049"`````"=======================================================================
TRANS_ID=<20140521170914463878> PROC_TYPE=<Y> RunTime:2014/05/21 17:09:14
==>> DECL_NO=<AWBC03998A0049, MSG_FUNC_CD=<9>
    ==> CHECK_ONLY := TRUE
ED90 OK!
    ==>> DUTY_AMT=973
===== SAVE BEGIN =====
* 1 PROG=ED90, CODE=1003, REJECT_CODE=, MSG={TRANS_ID=<20140521170914463878> MSG_FUNC_CD=<9>  DECL_NO=<AWBC03998A0049> DECL_TYPE=<G5>  MSG_FORMAT=<X>  RUN_MODE=<Q>  RunTime:2014/05/21 17:09:14}
* 2 PROG=UTL, CODE=999, REJECT_CODE=, MSG={===>>> IS ASP}
* 3 PROG=M04, CODE=1001, REJECT_CODE=, MSG={SAL_BAN:97214507BOF_EX:Y EX_CLASS:G UNION_COMP_NOTE: NON_EXAM_MARK: EXCEL_CONNECT_CODE:AEO_NOTE: SECURE_NOTE:CHK_IN_WARE_NOTE: CHK_IN_WARE_NOTE_DATE:}
* 4 PROG=M14, CODE=21, REJECT_CODE=C72, MSG={船隻已離港 ACTU_DP_DATE<20-3月 -14 03.42.00.000000 上午>}, COLUMN={船隻已離港}
* 5 PROG=M14, CODE=23, REJECT_CODE=D16, MSG={船舶呼號比對不符 VRG_VSL_SIGN <A8SI6> VSL_SIGN <9V2195>}, COLUMN={船舶呼號比對不符}
* 6 PROG=M14, CODE=27, REJECT_CODE=D16, MSG={IMO編號比對不符 VTRANSPORT_ID <9398448> TRANSPORT_ID <9393319>}, COLUMN={IMO編號與船隻檔比對不符}
* 7 PROG=CHECK, CODE=9998, REJECT_CODE=, MSG={ 單價金額*數量:80271.36 發票總金額:80811.36 DIFF_AMOUNT:0ED_UTL.IN_RATE:30.12DIFF_AMOUNT:0}
* 8 PROG=ED90, CODE=1010, REJECT_CODE=, MSG={WRITE_EXDEDST AUTONOMOUS >>>  ED_UTL.EXDEDMM_rec.CLEAR_STS_CD=<EA>}
===== SAVE END =====
==>> NX5106 TRANS_ID=<20140521170915_69931>
==>> OUT >> CLEAR_TYPE_out=<>  EXAM_TYPE_out=<>  PAPER_NOTE_out=<>  REJECT_TYPE_out=<C>  rtnCode_out=<0>  rtnMsg_out=<作業完成> 
"
"2014-05-21 17:09:57.000"`"ED90_WEB"`"AWBC03998A0049"`````"=======================================================================
TRANS_ID=<20140521170957463954> PROC_TYPE=<Y> RunTime:2014/05/21 17:09:57
==>> DECL_NO=<AWBC03998A0049, MSG_FUNC_CD=<9>
    ==> CHECK_ONLY := TRUE
ED90 OK!
    ==>> DUTY_AMT=973
===== SAVE BEGIN =====
* 1 PROG=ED90, CODE=1003, REJECT_CODE=, MSG={TRANS_ID=<20140521170957463954> MSG_FUNC_CD=<9>  DECL_NO=<AWBC03998A0049> DECL_TYPE=<G5>  MSG_FORMAT=<X>  RUN_MODE=<Q>  RunTime:2014/05/21 17:09:57}
* 2 PROG=UTL, CODE=999, REJECT_CODE=, MSG={===>>> IS ASP}
* 3 PROG=M04, CODE=1001, REJECT_CODE=, MSG={SAL_BAN:97214507BOF_EX:Y EX_CLASS:G UNION_COMP_NOTE: NON_EXAM_MARK: EXCEL_CONNECT_CODE:AEO_NOTE: SECURE_NOTE:CHK_IN_WARE_NOTE: CHK_IN_WARE_NOTE_DATE:}
* 4 PROG=CHECK, CODE=9998, REJECT_CODE=, MSG={ 單價金額*數量:80271.36 發票總金額:80811.36 DIFF_AMOUNT:0ED_UTL.IN_RATE:30.12DIFF_AMOUNT:0}
* 5 PROG=ED90, CODE=1020, REJECT_CODE=, MSG={呼叫專家回傳結果 =>  CLEAR_TYPE_OD=<C1>  EXAM_TYPE=<N>  PAPER_NOTE=<N>  PRE_CLEAR_TYPE=<C1>}
===== SAVE END =====
==>> OUT >> CLEAR_TYPE_out=<>  EXAM_TYPE_out=<>  PAPER_NOTE_out=<>  REJECT_TYPE_out=<>  rtnCode_out=<0>  rtnMsg_out=<作業完成> 
"
"2014-05-21 17:14:11.000"`"ED90_WEB"`"AWBC03998A0049"`````"=======================================================================
TRANS_ID=<20140521171410464072> PROC_TYPE=<N> RunTime:2014/05/21 17:14:11
==>> DECL_NO=<AWBC03998A0049, MSG_FUNC_CD=<9>
    ==> CHECK_ONLY := FALSE
ED90 OK!
EDEA_RATIFY OK!
WEB_5203 >>> COMMIT
    ==>> DUTY_AMT=973
===== SAVE BEGIN =====
* 1 PROG=ED90, CODE=1003, REJECT_CODE=, MSG={TRANS_ID=<20140521171410464072> MSG_FUNC_CD=<9>  DECL_NO=<AWBC03998A0049> DECL_TYPE=<G5>  MSG_FORMAT=<X>  RUN_MODE=<A>  RunTime:2014/05/21 17:14:11}
* 2 PROG=UTL, CODE=999, REJECT_CODE=, MSG={===>>> IS ASP}
* 3 PROG=M04, CODE=1001, REJECT_CODE=, MSG={SAL_BAN:97214507BOF_EX:Y EX_CLASS:G UNION_COMP_NOTE: NON_EXAM_MARK: EXCEL_CONNECT_CODE:AEO_NOTE: SECURE_NOTE:CHK_IN_WARE_NOTE: CHK_IN_WARE_NOTE_DATE:}
* 4 PROG=CHECK, CODE=9998, REJECT_CODE=, MSG={ 單價金額*數量:80271.36 發票總金額:80811.36 DIFF_AMOUNT:0ED_UTL.IN_RATE:30.12DIFF_AMOUNT:0}
* 5 PROG=ED90, CODE=1020, REJECT_CODE=, MSG={呼叫專家回傳結果 =>  CLEAR_TYPE_OD=<C1>  EXAM_TYPE=<N>  PAPER_NOTE=<N>  PRE_CLEAR_TYPE=<C1>}
* 6 PROG=ED90, CODE=1022, REJECT_CODE=, MSG={ED90 Accept!}
===== SAVE END =====
==>> N5204 TRANS_ID=<20140521171412_70478>
==>> OUT >> CLEAR_TYPE_out=<C1>  EXAM_TYPE_out=<>  PAPER_NOTE_out=<N>  REJECT_TYPE_out=<>  rtnCode_out=<0>  rtnMsg_out=<作業完成> 
"
"2014-05-21 17:16:02.000"`"ED90_WEB"`"BF  0335508471"`````"=======================================================================
TRANS_ID=<20140521171601464152> PROC_TYPE=<Y> RunTime:2014/05/21 17:16:02
==>> DECL_NO=<BF  0335508471, MSG_FUNC_CD=<9>
    ==> CHECK_ONLY := TRUE
ED90 OK!
    ==>> DUTY_AMT=0
===== SAVE BEGIN =====
* 1 PROG=ED90, CODE=1003, REJECT_CODE=, MSG={TRANS_ID=<20140521171601464152> MSG_FUNC_CD=<9>  DECL_NO=<BF  0335508471> DECL_TYPE=<G5>  MSG_FORMAT=<X>  RUN_MODE=<Q>  RunTime:2014/05/21 17:16:02}
* 2 PROG=UTL, CODE=999, REJECT_CODE=, MSG={===>>> IS ASP}
* 3 PROG=M04, CODE=1001, REJECT_CODE=, MSG={SAL_BAN:28368610BOF_EX:Y EX_CLASS:G UNION_COMP_NOTE: NON_EXAM_MARK: EXCEL_CONNECT_CODE:AEO_NOTE: SECURE_NOTE:CHK_IN_WARE_NOTE: CHK_IN_WARE_NOTE_DATE:}
* 4 PROG=M09, CODE=2, REJECT_CODE=D88, MSG={DECL_NO:<BF  0335507780>已使用MAWB=<160-59226775> HAWB=<590411137430>}, COLUMN={託運單主號與託運單分號重複}
* 5 PROG=CHECK, CODE=105, REJECT_CODE=D91, MSG={逐項FOB加總(台幣):189362 總FOB(台幣):192677 報單誤差: 3315 超過允許誤差: 43}, COLUMN={逐項FOB加總與主檔FOB不符}
* 6 PROG=CHECK, CODE=9998, REJECT_CODE=, MSG={ 單價金額*數量:6286.87 發票總金額:6261.97 DIFF_AMOUNT:-110.1ED_UTL.IN_RATE:30.12DIFF_AMOUNT:-3316.212}
* 7 PROG=CHECK, CODE=106, REJECT_CODE=D20, MSG={逐項(單價x數量)加總(原幣):6286.87 L_TOT_FOB(原幣):6396.97 報單誤差: 3316.212 超過允許誤差: 43}, COLUMN={逐項(單價x數量)加總與主檔發票總金額不符}
* 8 PROG=ED90, CODE=18, REJECT_CODE=D96, MSG={進倉檔重複核銷 EXAESTM_rec.DECL_NO:BF  0335507780}, COLUMN={進倉檔重複核銷}
* 9 PROG=ED90, CODE=1010, REJECT_CODE=, MSG={WRITE_EXDEDST AUTONOMOUS >>>  ED_UTL.EXDEDMM_rec.CLEAR_STS_CD=<EA>}
===== SAVE END =====
==>> NX5106 TRANS_ID=<20140521171602_70809>
==>> OUT >> CLEAR_TYPE_out=<>  EXAM_TYPE_out=<>  PAPER_NOTE_out=<>  REJECT_TYPE_out=<D>  rtnCode_out=<0>  rtnMsg_out=<作業完成> 
"
"2014-05-21 17:17:21.000"`"ED90_WEB"`"BF  0335508471"`````"=======================================================================
TRANS_ID=<20140521171721464189> PROC_TYPE=<Y> RunTime:2014/05/21 17:17:21
==>> DECL_NO=<BF  0335508471, MSG_FUNC_CD=<9>
    ==> CHECK_ONLY := TRUE
ED90 OK!
    ==>> DUTY_AMT=0
===== SAVE BEGIN =====
* 1 PROG=ED90, CODE=1003, REJECT_CODE=, MSG={TRANS_ID=<20140521171721464189> MSG_FUNC_CD=<9>  DECL_NO=<BF  0335508471> DECL_TYPE=<G5>  MSG_FORMAT=<X>  RUN_MODE=<Q>  RunTime:2014/05/21 17:17:21}
* 2 PROG=UTL, CODE=999, REJECT_CODE=, MSG={===>>> IS ASP}
* 3 PROG=M04, CODE=1001, REJECT_CODE=, MSG={SAL_BAN:28368610BOF_EX:Y EX_CLASS:G UNION_COMP_NOTE: NON_EXAM_MARK: EXCEL_CONNECT_CODE:AEO_NOTE: SECURE_NOTE:CHK_IN_WARE_NOTE: CHK_IN_WARE_NOTE_DATE:}
* 4 PROG=M09, CODE=2, REJECT_CODE=D88, MSG={DECL_NO:<BF  0335507780>已使用MAWB=<160-59226775> HAWB=<590411137430>}, COLUMN={託運單主號與託運單分號重複}
* 5 PROG=CHECK, CODE=105, REJECT_CODE=D91, MSG={逐項FOB加總(台幣):188612 總FOB(台幣):192677 報單誤差: 4065 超過允許誤差: 42}, COLUMN={逐項FOB加總與主檔FOB不符}
* 6 PROG=CHECK, CODE=9998, REJECT_CODE=, MSG={ 單價金額*數量:6261.97 發票總金額:6261.97 DIFF_AMOUNT:-135ED_UTL.IN_RATE:30.12DIFF_AMOUNT:-4066.2}
* 7 PROG=CHECK, CODE=106, REJECT_CODE=D20, MSG={逐項(單價x數量)加總(原幣):6261.97 L_TOT_FOB(原幣):6396.97 報單誤差: 4066.2 超過允許誤差: 42}, COLUMN={逐項(單價x數量)加總與主檔發票總金額不符}
* 8 PROG=ED90, CODE=18, REJECT_CODE=D96, MSG={進倉檔重複核銷 EXAESTM_rec.DECL_NO:BF  0335507780}, COLUMN={進倉檔重複核銷}
* 9 PROG=ED90, CODE=1010, REJECT_CODE=, MSG={WRITE_EXDEDST AUTONOMOUS >>>  ED_UTL.EXDEDMM_rec.CLEAR_STS_CD=<EA>}
===== SAVE END =====
==>> NX5106 TRANS_ID=<20140521171722_71169>
==>> OUT >> CLEAR_TYPE_out=<>  EXAM_TYPE_out=<>  PAPER_NOTE_out=<>  REJECT_TYPE_out=<D>  rtnCode_out=<0>  rtnMsg_out=<作業完成> 
"
"2014-05-21 17:38:26.000"`"ED90_WEB"`"DAAB03137A5175"`````"=======================================================================
TRANS_ID=<20140521173826464924> PROC_TYPE=<Y> RunTime:2014/05/21 17:38:26
==>> DECL_NO=<DAAB03137A5175, MSG_FUNC_CD=<9>
    ==> CHECK_ONLY := TRUE
ED90 OK!
    ==>> DUTY_AMT=825
===== SAVE BEGIN =====
* 1 PROG=ED90, CODE=1003, REJECT_CODE=, MSG={TRANS_ID=<20140521173826464924> MSG_FUNC_CD=<9>  DECL_NO=<DAAB03137A5175> DECL_TYPE=<G5>  MSG_FORMAT=<X>  RUN_MODE=<Q>  RunTime:2014/05/21 17:38:26}
* 2 PROG=UTL, CODE=999, REJECT_CODE=, MSG={===>>> IS ASP}
* 3 PROG=M04, CODE=1001, REJECT_CODE=, MSG={SAL_BAN:23515640BOF_EX:Y EX_CLASS:G UNION_COMP_NOTE: NON_EXAM_MARK: EXCEL_CONNECT_CODE:AEO_NOTE: SECURE_NOTE:CHK_IN_WARE_NOTE: CHK_IN_WARE_NOTE_DATE:}
* 4 PROG=D02, CODE=3, REJECT_CODE=C10, ITEM=24, MSG={稅則號別對應統計單位不符  統計用數量單位:SET 申報統計用數量單位: 稅則號列:84251100008 報關日期:21-5月 -14}, COLUMN={統計用單位與稅則檔統計用單位比對不符}
* 5 PROG=D02, CODE=14, REJECT_CODE=C10, ITEM=24, MSG={稅則統計用數量單位:SET未申報統計用數量}, COLUMN={稅則有統計用單位，須申報統計用數量}
* 6 PROG=D02, CODE=10, REJECT_CODE=C64, ITEM=24, MSG={統計數量需申報大於等於0且為整數!! STAT_QTY<>}, COLUMN={統計數量需申報大於等於0且為整數!}
* 7 PROG=D02, CODE=3, REJECT_CODE=C10, ITEM=25, MSG={稅則號別對應統計單位不符  統計用數量單位:SET 申報統計用數量單位: 稅則號列:84251100008 報關日期:21-5月 -14}, COLUMN={統計用單位與稅則檔統計用單位比對不符}
* 8 PROG=D02, CODE=14, REJECT_CODE=C10, ITEM=25, MSG={稅則統計用數量單位:SET未申報統計用數量}, COLUMN={稅則有統計用單位，須申報統計用數量}
* 9 PROG=D02, CODE=10, REJECT_CODE=C64, ITEM=25, MSG={統計數量需申報大於等於0且為整數!! STAT_QTY<>}, COLUMN={統計數量需申報大於等於0且為整數!}
* 10 PROG=CHECK, CODE=9998, REJECT_CODE=, MSG={ 單價金額*數量:68554.82 發票總金額:68554.82 DIFF_AMOUNT:0ED_UTL.IN_RATE:30.12DIFF_AMOUNT:0}
* 11 PROG=ED90, CODE=1010, REJECT_CODE=, MSG={WRITE_EXDEDST AUTONOMOUS >>>  ED_UTL.EXDEDMM_rec.CLEAR_STS_CD=<EA>}
===== SAVE END =====
==>> NX5106 TRANS_ID=<20140521173826_73253>
==>> OUT >> CLEAR_TYPE_out=<>  EXAM_TYPE_out=<>  PAPER_NOTE_out=<>  REJECT_TYPE_out=<C>  rtnCode_out=<0>  rtnMsg_out=<作業完成> 
"
"2014-05-21 17:44:17.000"`"ED90_WEB"`"DAAB03137A5175"`````"=======================================================================
TRANS_ID=<20140521174417465070> PROC_TYPE=<Y> RunTime:2014/05/21 17:44:17
==>> DECL_NO=<DAAB03137A5175, MSG_FUNC_CD=<9>
    ==> CHECK_ONLY := TRUE
ED90 OK!
    ==>> DUTY_AMT=825
===== SAVE BEGIN =====
* 1 PROG=ED90, CODE=1003, REJECT_CODE=, MSG={TRANS_ID=<20140521174417465070> MSG_FUNC_CD=<9>  DECL_NO=<DAAB03137A5175> DECL_TYPE=<G5>  MSG_FORMAT=<X>  RUN_MODE=<Q>  RunTime:2014/05/21 17:44:17}
* 2 PROG=UTL, CODE=999, REJECT_CODE=, MSG={===>>> IS ASP}
* 3 PROG=M04, CODE=1001, REJECT_CODE=, MSG={SAL_BAN:23515640BOF_EX:Y EX_CLASS:G UNION_COMP_NOTE: NON_EXAM_MARK: EXCEL_CONNECT_CODE:AEO_NOTE: SECURE_NOTE:CHK_IN_WARE_NOTE: CHK_IN_WARE_NOTE_DATE:}
* 4 PROG=CHECK, CODE=9998, REJECT_CODE=, MSG={ 單價金額*數量:68554.82 發票總金額:68554.82 DIFF_AMOUNT:0ED_UTL.IN_RATE:30.12DIFF_AMOUNT:0}
* 5 PROG=ED90, CODE=1020, REJECT_CODE=, MSG={呼叫專家回傳結果 =>  CLEAR_TYPE_OD=<C1>  EXAM_TYPE=<N>  PAPER_NOTE=<N>  PRE_CLEAR_TYPE=<C1>}
===== SAVE END =====
==>> OUT >> CLEAR_TYPE_out=<>  EXAM_TYPE_out=<>  PAPER_NOTE_out=<>  REJECT_TYPE_out=<>  rtnCode_out=<0>  rtnMsg_out=<作業完成> 
"
"2014-05-21 17:47:36.000"`"ED90_WEB"`"DAAB03137A5175"`````"=======================================================================
TRANS_ID=<20140521174736465139> PROC_TYPE=<N> RunTime:2014/05/21 17:47:36
==>> DECL_NO=<DAAB03137A5175, MSG_FUNC_CD=<9>
    ==> CHECK_ONLY := FALSE
ED90 OK!
EDEA_RATIFY OK!
WEB_5203 >>> COMMIT
    ==>> DUTY_AMT=825
===== SAVE BEGIN =====
* 1 PROG=ED90, CODE=1003, REJECT_CODE=, MSG={TRANS_ID=<20140521174736465139> MSG_FUNC_CD=<9>  DECL_NO=<DAAB03137A5175> DECL_TYPE=<G5>  MSG_FORMAT=<X>  RUN_MODE=<A>  RunTime:2014/05/21 17:47:36}
* 2 PROG=UTL, CODE=999, REJECT_CODE=, MSG={===>>> IS ASP}
* 3 PROG=M04, CODE=1001, REJECT_CODE=, MSG={SAL_BAN:23515640BOF_EX:Y EX_CLASS:G UNION_COMP_NOTE: NON_EXAM_MARK: EXCEL_CONNECT_CODE:AEO_NOTE: SECURE_NOTE:CHK_IN_WARE_NOTE: CHK_IN_WARE_NOTE_DATE:}
* 4 PROG=CHECK, CODE=9998, REJECT_CODE=, MSG={ 單價金額*數量:68554.82 發票總金額:68554.82 DIFF_AMOUNT:0ED_UTL.IN_RATE:30.12DIFF_AMOUNT:0}
* 5 PROG=ED90, CODE=1020, REJECT_CODE=, MSG={呼叫專家回傳結果 =>  CLEAR_TYPE_OD=<C1>  EXAM_TYPE=<N>  PAPER_NOTE=<N>  PRE_CLEAR_TYPE=<C1>}
* 6 PROG=ED90, CODE=1022, REJECT_CODE=, MSG={ED90 Accept!}
===== SAVE END =====
==>> N5204 TRANS_ID=<20140521174736_74277>
==>> OUT >> CLEAR_TYPE_out=<C1>  EXAM_TYPE_out=<>  PAPER_NOTE_out=<N>  REJECT_TYPE_out=<>  rtnCode_out=<0>  rtnMsg_out=<作業完成> 
"
"2014-05-21 18:01:42.000"`"ED90_WEB"`"DABE03137A5174"`````"=======================================================================
TRANS_ID=<20140521180141465507> PROC_TYPE=<Y> RunTime:2014/05/21 18:01:42
==>> DECL_NO=<DABE03137A5174, MSG_FUNC_CD=<9>
    ==> CHECK_ONLY := TRUE
ED90 OK!
    ==>> DUTY_AMT=0
===== SAVE BEGIN =====
* 1 PROG=ED90, CODE=1003, REJECT_CODE=, MSG={TRANS_ID=<20140521180141465507> MSG_FUNC_CD=<9>  DECL_NO=<DABE03137A5174> DECL_TYPE=<G5>  MSG_FORMAT=<X>  RUN_MODE=<Q>  RunTime:2014/05/21 18:01:42}
* 2 PROG=UTL, CODE=999, REJECT_CODE=, MSG={===>>> IS ASP}
* 3 PROG=M04, CODE=1001, REJECT_CODE=, MSG={SAL_BAN:28513255BOF_EX:Y EX_CLASS:G UNION_COMP_NOTE: NON_EXAM_MARK: EXCEL_CONNECT_CODE:AEO_NOTE: SECURE_NOTE:CHK_IN_WARE_NOTE: CHK_IN_WARE_NOTE_DATE:}
* 4 PROG=D02, CODE=1009, REJECT_CODE=, ITEM=1, MSG={CCC_CODE=<84596990009> BEG_DATE=<2011/03/15> END_DATE:<9999/12/31> IET_CODE:<E>}
* 5 PROG=D02, CODE=1010, REJECT_CODE=, ITEM=1, MSG={QTY_FOR_STAT=<SET> STATIC_CODE=<Q> MAX=<> MIN=<100>}
* 6 PROG=CHECK, CODE=9998, REJECT_CODE=, MSG={ 單價金額*數量:4350 發票總金額:4600 DIFF_AMOUNT:0ED_UTL.IN_RATE:30.12DIFF_AMOUNT:0}
* 7 PROG=ED90, CODE=22, REJECT_CODE=F88, MSG={沒有進倉資料}, COLUMN={沒有進倉資料}
* 8 PROG=ED90, CODE=1020, REJECT_CODE=, MSG={呼叫專家回傳結果 =>  CLEAR_TYPE_OD=<C1>  EXAM_TYPE=<N>  PAPER_NOTE=<N>  PRE_CLEAR_TYPE=<C1>}
===== SAVE END =====
==>> NX5106 TRANS_ID=<20140521180142_77484>
==>> OUT >> CLEAR_TYPE_out=<>  EXAM_TYPE_out=<>  PAPER_NOTE_out=<>  REJECT_TYPE_out=<F>  rtnCode_out=<0>  rtnMsg_out=<作業完成> 
"
"2014-05-21 18:02:31.000"`"ED90_WEB"`"DABE03137A5174"`````"=======================================================================
TRANS_ID=<20140521180231465519> PROC_TYPE=<N> RunTime:2014/05/21 18:02:31
==>> DECL_NO=<DABE03137A5174, MSG_FUNC_CD=<9>
    ==> CHECK_ONLY := FALSE
ED90 OK!
WEB_5203 >>> COMMIT
    ==>> DUTY_AMT=0
    F類錯單 ==>> EDM_CLEAR_TYPE <> EDM_CLEAR_TYPE_OD  <>
===== SAVE BEGIN =====
* 1 PROG=ED90, CODE=1003, REJECT_CODE=, MSG={TRANS_ID=<20140521180231465519> MSG_FUNC_CD=<9>  DECL_NO=<DABE03137A5174> DECL_TYPE=<G5>  MSG_FORMAT=<X>  RUN_MODE=<A>  RunTime:2014/05/21 18:02:31}
* 2 PROG=UTL, CODE=999, REJECT_CODE=, MSG={===>>> IS ASP}
* 3 PROG=M04, CODE=1001, REJECT_CODE=, MSG={SAL_BAN:28513255BOF_EX:Y EX_CLASS:G UNION_COMP_NOTE: NON_EXAM_MARK: EXCEL_CONNECT_CODE:AEO_NOTE: SECURE_NOTE:CHK_IN_WARE_NOTE: CHK_IN_WARE_NOTE_DATE:}
* 4 PROG=D02, CODE=1009, REJECT_CODE=, ITEM=1, MSG={CCC_CODE=<84596990009> BEG_DATE=<2011/03/15> END_DATE:<9999/12/31> IET_CODE:<E>}
* 5 PROG=D02, CODE=1010, REJECT_CODE=, ITEM=1, MSG={QTY_FOR_STAT=<SET> STATIC_CODE=<Q> MAX=<> MIN=<100>}
* 6 PROG=CHECK, CODE=9998, REJECT_CODE=, MSG={ 單價金額*數量:4350 發票總金額:4600 DIFF_AMOUNT:0ED_UTL.IN_RATE:30.12DIFF_AMOUNT:0}
* 7 PROG=ED90, CODE=22, REJECT_CODE=F88, MSG={沒有進倉資料}, COLUMN={沒有進倉資料}
* 8 PROG=ED90, CODE=1020, REJECT_CODE=, MSG={呼叫專家回傳結果 =>  CLEAR_TYPE_OD=<C3>  EXAM_TYPE=<N>  PAPER_NOTE=<Y>  PRE_CLEAR_TYPE=<C3M>}
* 9 PROG=ED90, CODE=1001, REJECT_CODE=, MSG={ED90 Reject: F}
===== SAVE END =====
==>> NX5106 TRANS_ID=<20140521180231_77624>
==>> OUT >> CLEAR_TYPE_out=<X>  EXAM_TYPE_out=<>  PAPER_NOTE_out=<>  REJECT_TYPE_out=<F>  rtnCode_out=<0>  rtnMsg_out=<作業完成> 
"
"2014-05-21 18:12:28.000"`"ED90_WEB"`"DABC03137A5176"`````"=======================================================================
TRANS_ID=<20140521181228465661> PROC_TYPE=<Y> RunTime:2014/05/21 18:12:28
==>> DECL_NO=<DABC03137A5176, MSG_FUNC_CD=<9>
    ==> CHECK_ONLY := TRUE
ED90 OK!
    ==>> DUTY_AMT=3773
===== SAVE BEGIN =====
* 1 PROG=ED90, CODE=1003, REJECT_CODE=, MSG={TRANS_ID=<20140521181228465661> MSG_FUNC_CD=<9>  DECL_NO=<DABC03137A5176> DECL_TYPE=<G5>  MSG_FORMAT=<X>  RUN_MODE=<Q>  RunTime:2014/05/21 18:12:28}
* 2 PROG=UTL, CODE=999, REJECT_CODE=, MSG={===>>> IS ASP}
* 3 PROG=M04, CODE=1001, REJECT_CODE=, MSG={SAL_BAN:22907416BOF_EX:Y EX_CLASS:L2 UNION_COMP_NOTE: NON_EXAM_MARK: EXCEL_CONNECT_CODE:*AEO_NOTE: SECURE_NOTE:CHK_IN_WARE_NOTE: CHK_IN_WARE_NOTE_DATE:}
* 4 PROG=CHECK, CODE=36, REJECT_CODE=D25, ITEM=1, MSG={數量單位錯誤 數量單位:KMG}, COLUMN={數量單位欄位錯誤}
* 5 PROG=CHECK, CODE=9998, REJECT_CODE=, MSG={ 單價金額*數量:313180 發票總金額:313180 DIFF_AMOUNT:0ED_UTL.IN_RATE:30.12DIFF_AMOUNT:0}
* 6 PROG=ED90, CODE=1010, REJECT_CODE=, MSG={WRITE_EXDEDST AUTONOMOUS >>>  ED_UTL.EXDEDMM_rec.CLEAR_STS_CD=<EA>}
===== SAVE END =====
==>> NX5106 TRANS_ID=<20140521181229_78979>
==>> OUT >> CLEAR_TYPE_out=<>  EXAM_TYPE_out=<>  PAPER_NOTE_out=<>  REJECT_TYPE_out=<D>  rtnCode_out=<0>  rtnMsg_out=<作業完成> 
"
"2014-05-21 18:12:56.000"`"ED90_WEB"`"DABC03137A5176"`````"=======================================================================
TRANS_ID=<20140521181256465634> PROC_TYPE=<Y> RunTime:2014/05/21 18:12:56
==>> DECL_NO=<DABC03137A5176, MSG_FUNC_CD=<9>
    ==> CHECK_ONLY := TRUE
ED90 OK!
    ==>> DUTY_AMT=3773
===== SAVE BEGIN =====
* 1 PROG=ED90, CODE=1003, REJECT_CODE=, MSG={TRANS_ID=<20140521181256465634> MSG_FUNC_CD=<9>  DECL_NO=<DABC03137A5176> DECL_TYPE=<G5>  MSG_FORMAT=<X>  RUN_MODE=<Q>  RunTime:2014/05/21 18:12:56}
* 2 PROG=UTL, CODE=999, REJECT_CODE=, MSG={===>>> IS ASP}
* 3 PROG=M04, CODE=1001, REJECT_CODE=, MSG={SAL_BAN:22907416BOF_EX:Y EX_CLASS:L2 UNION_COMP_NOTE: NON_EXAM_MARK: EXCEL_CONNECT_CODE:*AEO_NOTE: SECURE_NOTE:CHK_IN_WARE_NOTE: CHK_IN_WARE_NOTE_DATE:}
* 4 PROG=CHECK, CODE=9998, REJECT_CODE=, MSG={ 單價金額*數量:313180 發票總金額:313180 DIFF_AMOUNT:0ED_UTL.IN_RATE:30.12DIFF_AMOUNT:0}
* 5 PROG=ED90, CODE=22, REJECT_CODE=F88, MSG={沒有進倉資料}, COLUMN={沒有進倉資料}
* 6 PROG=ED90, CODE=1020, REJECT_CODE=, MSG={呼叫專家回傳結果 =>  CLEAR_TYPE_OD=<C1>  EXAM_TYPE=<N>  PAPER_NOTE=<N>  PRE_CLEAR_TYPE=<C1>}
===== SAVE END =====
==>> NX5106 TRANS_ID=<20140521181257_79064>
==>> OUT >> CLEAR_TYPE_out=<>  EXAM_TYPE_out=<>  PAPER_NOTE_out=<>  REJECT_TYPE_out=<F>  rtnCode_out=<0>  rtnMsg_out=<作業完成> 
"
"2014-05-21 18:14:05.000"`"ED90_WEB"`"DABC03137A5176"`````"=======================================================================
TRANS_ID=<20140521181405465637> PROC_TYPE=<N> RunTime:2014/05/21 18:14:05
==>> DECL_NO=<DABC03137A5176, MSG_FUNC_CD=<9>
    ==> CHECK_ONLY := FALSE
ED90 OK!
WEB_5203 >>> COMMIT
    ==>> DUTY_AMT=3773
    F類錯單 ==>> EDM_CLEAR_TYPE <> EDM_CLEAR_TYPE_OD  <>
===== SAVE BEGIN =====
* 1 PROG=ED90, CODE=1003, REJECT_CODE=, MSG={TRANS_ID=<20140521181405465637> MSG_FUNC_CD=<9>  DECL_NO=<DABC03137A5176> DECL_TYPE=<G5>  MSG_FORMAT=<X>  RUN_MODE=<A>  RunTime:2014/05/21 18:14:05}
* 2 PROG=UTL, CODE=999, REJECT_CODE=, MSG={===>>> IS ASP}
* 3 PROG=M04, CODE=1001, REJECT_CODE=, MSG={SAL_BAN:22907416BOF_EX:Y EX_CLASS:L2 UNION_COMP_NOTE: NON_EXAM_MARK: EXCEL_CONNECT_CODE:*AEO_NOTE: SECURE_NOTE:CHK_IN_WARE_NOTE: CHK_IN_WARE_NOTE_DATE:}
* 4 PROG=CHECK, CODE=9998, REJECT_CODE=, MSG={ 單價金額*數量:313180 發票總金額:313180 DIFF_AMOUNT:0ED_UTL.IN_RATE:30.12DIFF_AMOUNT:0}
* 5 PROG=ED90, CODE=22, REJECT_CODE=F88, MSG={沒有進倉資料}, COLUMN={沒有進倉資料}
* 6 PROG=ED90, CODE=1020, REJECT_CODE=, MSG={呼叫專家回傳結果 =>  CLEAR_TYPE_OD=<C1>  EXAM_TYPE=<N>  PAPER_NOTE=<N>  PRE_CLEAR_TYPE=<C1>}
* 7 PROG=ED90, CODE=1001, REJECT_CODE=, MSG={ED90 Reject: F}
===== SAVE END =====
==>> NX5106 TRANS_ID=<20140521181405_79254>
==>> OUT >> CLEAR_TYPE_out=<X>  EXAM_TYPE_out=<>  PAPER_NOTE_out=<>  REJECT_TYPE_out=<F>  rtnCode_out=<0>  rtnMsg_out=<作業完成> 
"
"2014-05-21 18:28:15.000"`"ED90_WEB"`"DABE03137A5179"`````"=======================================================================
TRANS_ID=<20140521182814465836> PROC_TYPE=<Y> RunTime:2014/05/21 18:28:15
==>> DECL_NO=<DABE03137A5179, MSG_FUNC_CD=<9>
    ==> CHECK_ONLY := TRUE
ED90 OK!
    ==>> DUTY_AMT=521
===== SAVE BEGIN =====
* 1 PROG=ED90, CODE=1003, REJECT_CODE=, MSG={TRANS_ID=<20140521182814465836> MSG_FUNC_CD=<9>  DECL_NO=<DABE03137A5179> DECL_TYPE=<G5>  MSG_FORMAT=<X>  RUN_MODE=<Q>  RunTime:2014/05/21 18:28:15}
* 2 PROG=UTL, CODE=999, REJECT_CODE=, MSG={===>>> IS ASP}
* 3 PROG=M04, CODE=1001, REJECT_CODE=, MSG={SAL_BAN:28563901BOF_EX:Y EX_CLASS:L2 UNION_COMP_NOTE: NON_EXAM_MARK: EXCEL_CONNECT_CODE:AEO_NOTE: SECURE_NOTE:CHK_IN_WARE_NOTE: CHK_IN_WARE_NOTE_DATE:}
* 4 PROG=CHECK, CODE=9998, REJECT_CODE=, MSG={ 單價金額*數量:43250 發票總金額:43250 DIFF_AMOUNT:0ED_UTL.IN_RATE:30.12DIFF_AMOUNT:0}
* 5 PROG=ED90, CODE=22, REJECT_CODE=F88, MSG={沒有進倉資料}, COLUMN={沒有進倉資料}
* 6 PROG=ED90, CODE=1020, REJECT_CODE=, MSG={呼叫專家回傳結果 =>  CLEAR_TYPE_OD=<C1>  EXAM_TYPE=<N>  PAPER_NOTE=<N>  PRE_CLEAR_TYPE=<C1>}
===== SAVE END =====
==>> NX5106 TRANS_ID=<20140521182815_80681>
==>> OUT >> CLEAR_TYPE_out=<>  EXAM_TYPE_out=<>  PAPER_NOTE_out=<>  REJECT_TYPE_out=<F>  rtnCode_out=<0>  rtnMsg_out=<作業完成> 
"
"2014-05-21 18:28:52.000"`"ED90_WEB"`"DABE03137A5179"`````"=======================================================================
TRANS_ID=<20140521182851465819> PROC_TYPE=<Y> RunTime:2014/05/21 18:28:52
==>> DECL_NO=<DABE03137A5179, MSG_FUNC_CD=<9>
    ==> CHECK_ONLY := TRUE
ED90 OK!
    ==>> DUTY_AMT=510
===== SAVE BEGIN =====
* 1 PROG=ED90, CODE=1003, REJECT_CODE=, MSG={TRANS_ID=<20140521182851465819> MSG_FUNC_CD=<9>  DECL_NO=<DABE03137A5179> DECL_TYPE=<G5>  MSG_FORMAT=<X>  RUN_MODE=<Q>  RunTime:2014/05/21 18:28:52}
* 2 PROG=UTL, CODE=999, REJECT_CODE=, MSG={===>>> IS ASP}
* 3 PROG=M04, CODE=1001, REJECT_CODE=, MSG={SAL_BAN:28563901BOF_EX:Y EX_CLASS:L2 UNION_COMP_NOTE: NON_EXAM_MARK: EXCEL_CONNECT_CODE:AEO_NOTE: SECURE_NOTE:CHK_IN_WARE_NOTE: CHK_IN_WARE_NOTE_DATE:}
* 4 PROG=CHECK, CODE=9998, REJECT_CODE=, MSG={ 單價金額*數量:43250 發票總金額:43250 DIFF_AMOUNT:0ED_UTL.IN_RATE:30.12DIFF_AMOUNT:0}
* 5 PROG=ED90, CODE=22, REJECT_CODE=F88, MSG={沒有進倉資料}, COLUMN={沒有進倉資料}
* 6 PROG=ED90, CODE=1020, REJECT_CODE=, MSG={呼叫專家回傳結果 =>  CLEAR_TYPE_OD=<C1>  EXAM_TYPE=<N>  PAPER_NOTE=<N>  PRE_CLEAR_TYPE=<C1>}
===== SAVE END =====
==>> NX5106 TRANS_ID=<20140521182852_80756>
==>> OUT >> CLEAR_TYPE_out=<>  EXAM_TYPE_out=<>  PAPER_NOTE_out=<>  REJECT_TYPE_out=<F>  rtnCode_out=<0>  rtnMsg_out=<作業完成> 
"
"2014-05-21 18:29:38.000"`"ED90_WEB"`"DABE03137A5179"`````"=======================================================================
TRANS_ID=<20140521182938465862> PROC_TYPE=<Y> RunTime:2014/05/21 18:29:38
==>> DECL_NO=<DABE03137A5179, MSG_FUNC_CD=<9>
    ==> CHECK_ONLY := TRUE
ED90 OK!
    ==>> DUTY_AMT=510
===== SAVE BEGIN =====
* 1 PROG=ED90, CODE=1003, REJECT_CODE=, MSG={TRANS_ID=<20140521182938465862> MSG_FUNC_CD=<9>  DECL_NO=<DABE03137A5179> DECL_TYPE=<G5>  MSG_FORMAT=<X>  RUN_MODE=<Q>  RunTime:2014/05/21 18:29:38}
* 2 PROG=UTL, CODE=999, REJECT_CODE=, MSG={===>>> IS ASP}
* 3 PROG=M04, CODE=1001, REJECT_CODE=, MSG={SAL_BAN:28563901BOF_EX:Y EX_CLASS:L2 UNION_COMP_NOTE: NON_EXAM_MARK: EXCEL_CONNECT_CODE:AEO_NOTE: SECURE_NOTE:CHK_IN_WARE_NOTE: CHK_IN_WARE_NOTE_DATE:}
* 4 PROG=CHECK, CODE=9998, REJECT_CODE=, MSG={ 單價金額*數量:43250 發票總金額:43250 DIFF_AMOUNT:0ED_UTL.IN_RATE:30.12DIFF_AMOUNT:0}
* 5 PROG=ED90, CODE=22, REJECT_CODE=F88, MSG={沒有進倉資料}, COLUMN={沒有進倉資料}
* 6 PROG=ED90, CODE=1020, REJECT_CODE=, MSG={呼叫專家回傳結果 =>  CLEAR_TYPE_OD=<C1>  EXAM_TYPE=<N>  PAPER_NOTE=<N>  PRE_CLEAR_TYPE=<C1>}
===== SAVE END =====
==>> NX5106 TRANS_ID=<20140521182938_81458>
==>> OUT >> CLEAR_TYPE_out=<>  EXAM_TYPE_out=<>  PAPER_NOTE_out=<>  REJECT_TYPE_out=<F>  rtnCode_out=<0>  rtnMsg_out=<作業完成> 
"
"2014-05-21 18:29:47.000"`"ED90_WEB"`"BFCG0335508471"`````"=======================================================================
TRANS_ID=<20140521182946465852> PROC_TYPE=<Y> RunTime:2014/05/21 18:29:47
==>> DECL_NO=<BFCG0335508471, MSG_FUNC_CD=<9>
    ==> CHECK_ONLY := TRUE
ED90 OK!
    ==>> DUTY_AMT=0
===== SAVE BEGIN =====
* 1 PROG=ED90, CODE=1003, REJECT_CODE=, MSG={TRANS_ID=<20140521182946465852> MSG_FUNC_CD=<9>  DECL_NO=<BFCG0335508471> DECL_TYPE=<G5>  MSG_FORMAT=<X>  RUN_MODE=<Q>  RunTime:2014/05/21 18:29:47}
* 2 PROG=UTL, CODE=999, REJECT_CODE=, MSG={===>>> IS ASP}
* 3 PROG=M04, CODE=1001, REJECT_CODE=, MSG={SAL_BAN:28368610BOF_EX:Y EX_CLASS:G UNION_COMP_NOTE: NON_EXAM_MARK: EXCEL_CONNECT_CODE:AEO_NOTE: SECURE_NOTE:CHK_IN_WARE_NOTE: CHK_IN_WARE_NOTE_DATE:}
* 4 PROG=CHECK, CODE=105, REJECT_CODE=D91, MSG={逐項FOB加總(台幣):188612 總FOB(台幣):192677 報單誤差: 4065 超過允許誤差: 42}, COLUMN={逐項FOB加總與主檔FOB不符}
* 5 PROG=CHECK, CODE=9998, REJECT_CODE=, MSG={ 單價金額*數量:6261.97 發票總金額:6261.97 DIFF_AMOUNT:-135ED_UTL.IN_RATE:30.12DIFF_AMOUNT:-4066.2}
* 6 PROG=CHECK, CODE=106, REJECT_CODE=D20, MSG={逐項(單價x數量)加總(原幣):6261.97 L_TOT_FOB(原幣):6396.97 報單誤差: 4066.2 超過允許誤差: 42}, COLUMN={逐項(單價x數量)加總與主檔發票總金額不符}
* 7 PROG=ED90, CODE=1010, REJECT_CODE=, MSG={WRITE_EXDEDST AUTONOMOUS >>>  ED_UTL.EXDEDMM_rec.CLEAR_STS_CD=<EA>}
===== SAVE END =====
==>> NX5106 TRANS_ID=<20140521182947_81460>
==>> OUT >> CLEAR_TYPE_out=<>  EXAM_TYPE_out=<>  PAPER_NOTE_out=<>  REJECT_TYPE_out=<D>  rtnCode_out=<0>  rtnMsg_out=<作業完成> 
"
"2014-05-21 18:29:54.000"`"ED90_WEB"`"DABE03137A5179"`````"=======================================================================
TRANS_ID=<20140521182954465859> PROC_TYPE=<N> RunTime:2014/05/21 18:29:54
==>> DECL_NO=<DABE03137A5179, MSG_FUNC_CD=<9>
    ==> CHECK_ONLY := FALSE
ED90 OK!
WEB_5203 >>> COMMIT
    ==>> DUTY_AMT=510
    F類錯單 ==>> EDM_CLEAR_TYPE <> EDM_CLEAR_TYPE_OD  <>
===== SAVE BEGIN =====
* 1 PROG=ED90, CODE=1003, REJECT_CODE=, MSG={TRANS_ID=<20140521182954465859> MSG_FUNC_CD=<9>  DECL_NO=<DABE03137A5179> DECL_TYPE=<G5>  MSG_FORMAT=<X>  RUN_MODE=<A>  RunTime:2014/05/21 18:29:54}
* 2 PROG=UTL, CODE=999, REJECT_CODE=, MSG={===>>> IS ASP}
* 3 PROG=M04, CODE=1001, REJECT_CODE=, MSG={SAL_BAN:28563901BOF_EX:Y EX_CLASS:L2 UNION_COMP_NOTE: NON_EXAM_MARK: EXCEL_CONNECT_CODE:AEO_NOTE: SECURE_NOTE:CHK_IN_WARE_NOTE: CHK_IN_WARE_NOTE_DATE:}
* 4 PROG=CHECK, CODE=9998, REJECT_CODE=, MSG={ 單價金額*數量:43250 發票總金額:43250 DIFF_AMOUNT:0ED_UTL.IN_RATE:30.12DIFF_AMOUNT:0}
* 5 PROG=ED90, CODE=22, REJECT_CODE=F88, MSG={沒有進倉資料}, COLUMN={沒有進倉資料}
* 6 PROG=ED90, CODE=1020, REJECT_CODE=, MSG={呼叫專家回傳結果 =>  CLEAR_TYPE_OD=<C1>  EXAM_TYPE=<N>  PAPER_NOTE=<N>  PRE_CLEAR_TYPE=<C1>}
* 7 PROG=ED90, CODE=1001, REJECT_CODE=, MSG={ED90 Reject: F}
===== SAVE END =====
==>> NX5106 TRANS_ID=<20140521182954_81467>
==>> OUT >> CLEAR_TYPE_out=<X>  EXAM_TYPE_out=<>  PAPER_NOTE_out=<>  REJECT_TYPE_out=<F>  rtnCode_out=<0>  rtnMsg_out=<作業完成> 
"
"2014-05-21 18:30:09.000"`"ED90_WEB"`"BFCG0335508471"`````"=======================================================================
TRANS_ID=<20140521183009465870> PROC_TYPE=<Y> RunTime:2014/05/21 18:30:09
==>> DECL_NO=<BFCG0335508471, MSG_FUNC_CD=<9>
    ==> CHECK_ONLY := TRUE
ED90 OK!
    ==>> DUTY_AMT=0
===== SAVE BEGIN =====
* 1 PROG=ED90, CODE=1003, REJECT_CODE=, MSG={TRANS_ID=<20140521183009465870> MSG_FUNC_CD=<9>  DECL_NO=<BFCG0335508471> DECL_TYPE=<G5>  MSG_FORMAT=<X>  RUN_MODE=<Q>  RunTime:2014/05/21 18:30:09}
* 2 PROG=UTL, CODE=999, REJECT_CODE=, MSG={===>>> IS ASP}
* 3 PROG=M04, CODE=1001, REJECT_CODE=, MSG={SAL_BAN:28368610BOF_EX:Y EX_CLASS:G UNION_COMP_NOTE: NON_EXAM_MARK: EXCEL_CONNECT_CODE:AEO_NOTE: SECURE_NOTE:CHK_IN_WARE_NOTE: CHK_IN_WARE_NOTE_DATE:}
* 4 PROG=CHECK, CODE=9998, REJECT_CODE=, MSG={ 單價金額*數量:6261.97 發票總金額:6261.97 DIFF_AMOUNT:0ED_UTL.IN_RATE:30.12DIFF_AMOUNT:0}
* 5 PROG=ED90, CODE=22, REJECT_CODE=F88, MSG={沒有進倉資料}, COLUMN={沒有進倉資料}
* 6 PROG=ED90, CODE=1020, REJECT_CODE=, MSG={呼叫專家回傳結果 =>  CLEAR_TYPE_OD=<C1>  EXAM_TYPE=<N>  PAPER_NOTE=<N>  PRE_CLEAR_TYPE=<C1>}
===== SAVE END =====
==>> NX5106 TRANS_ID=<20140521183009_81625>
==>> OUT >> CLEAR_TYPE_out=<>  EXAM_TYPE_out=<>  PAPER_NOTE_out=<>  REJECT_TYPE_out=<F>  rtnCode_out=<0>  rtnMsg_out=<作業完成> 
"
"2014-05-21 18:36:54.000"`"ED90_WEB"`"DAAB03137A5177"`````"=======================================================================
TRANS_ID=<20140521183654465927> PROC_TYPE=<Y> RunTime:2014/05/21 18:36:54
==>> DECL_NO=<DAAB03137A5177, MSG_FUNC_CD=<9>
    ==> CHECK_ONLY := TRUE
ED90 OK!
    ==>> DUTY_AMT=875
===== SAVE BEGIN =====
* 1 PROG=ED90, CODE=1003, REJECT_CODE=, MSG={TRANS_ID=<20140521183654465927> MSG_FUNC_CD=<9>  DECL_NO=<DAAB03137A5177> DECL_TYPE=<G5>  MSG_FORMAT=<X>  RUN_MODE=<Q>  RunTime:2014/05/21 18:36:54}
* 2 PROG=UTL, CODE=999, REJECT_CODE=, MSG={===>>> IS ASP}
* 3 PROG=M04, CODE=1001, REJECT_CODE=, MSG={SAL_BAN:28563901BOF_EX:Y EX_CLASS:L2 UNION_COMP_NOTE: NON_EXAM_MARK: EXCEL_CONNECT_CODE:AEO_NOTE: SECURE_NOTE:CHK_IN_WARE_NOTE: CHK_IN_WARE_NOTE_DATE:}
* 4 PROG=CHECK, CODE=9998, REJECT_CODE=, MSG={ 單價金額*數量:77381.46 發票總金額:77381.46 DIFF_AMOUNT:0ED_UTL.IN_RATE:30.12DIFF_AMOUNT:0}
* 5 PROG=ED90, CODE=1020, REJECT_CODE=, MSG={呼叫專家回傳結果 =>  CLEAR_TYPE_OD=<C1>  EXAM_TYPE=<N>  PAPER_NOTE=<N>  PRE_CLEAR_TYPE=<C1>}
===== SAVE END =====
==>> OUT >> CLEAR_TYPE_out=<>  EXAM_TYPE_out=<>  PAPER_NOTE_out=<>  REJECT_TYPE_out=<>  rtnCode_out=<0>  rtnMsg_out=<作業完成> 
"
"2014-05-21 18:43:36.000"`"ED90_WEB"`"DAAB03137A5182"`````"=======================================================================
TRANS_ID=<20140521184335465993> PROC_TYPE=<Y> RunTime:2014/05/21 18:43:36
==>> DECL_NO=<DAAB03137A5182, MSG_FUNC_CD=<9>
    ==> CHECK_ONLY := TRUE
ED90 OK!
    ==>> DUTY_AMT=907
===== SAVE BEGIN =====
* 1 PROG=ED90, CODE=1003, REJECT_CODE=, MSG={TRANS_ID=<20140521184335465993> MSG_FUNC_CD=<9>  DECL_NO=<DAAB03137A5182> DECL_TYPE=<G5>  MSG_FORMAT=<X>  RUN_MODE=<Q>  RunTime:2014/05/21 18:43:36}
* 2 PROG=UTL, CODE=999, REJECT_CODE=, MSG={===>>> IS ASP}
* 3 PROG=M04, CODE=1001, REJECT_CODE=, MSG={SAL_BAN:22907416BOF_EX:Y EX_CLASS:L2 UNION_COMP_NOTE: NON_EXAM_MARK: EXCEL_CONNECT_CODE:*AEO_NOTE: SECURE_NOTE:CHK_IN_WARE_NOTE: CHK_IN_WARE_NOTE_DATE:}
* 4 PROG=CHECK, CODE=9998, REJECT_CODE=, MSG={ 單價金額*數量:57700 發票總金額:57700 DIFF_AMOUNT:0ED_UTL.IN_RATE:41.07DIFF_AMOUNT:0}
* 5 PROG=ED90, CODE=22, REJECT_CODE=F88, MSG={沒有進倉資料}, COLUMN={沒有進倉資料}
* 6 PROG=ED90, CODE=1020, REJECT_CODE=, MSG={呼叫專家回傳結果 =>  CLEAR_TYPE_OD=<C1>  EXAM_TYPE=<N>  PAPER_NOTE=<N>  PRE_CLEAR_TYPE=<C1>}
===== SAVE END =====
==>> NX5106 TRANS_ID=<20140521184336_84113>
==>> OUT >> CLEAR_TYPE_out=<>  EXAM_TYPE_out=<>  PAPER_NOTE_out=<>  REJECT_TYPE_out=<F>  rtnCode_out=<0>  rtnMsg_out=<作業完成> 
"
"2014-05-21 18:59:49.000"`"ED90_WEB"`"DA  03137A5183"`````"=======================================================================
TRANS_ID=<20140521185949466157> PROC_TYPE=<Y> RunTime:2014/05/21 18:59:49
==>> DECL_NO=<DA  03137A5183, MSG_FUNC_CD=<9>
    ==> CHECK_ONLY := TRUE
ED90 OK!
    ==>> DUTY_AMT=0
===== SAVE BEGIN =====
* 1 PROG=ED90, CODE=1003, REJECT_CODE=, MSG={TRANS_ID=<20140521185949466157> MSG_FUNC_CD=<9>  DECL_NO=<DA  03137A5183> DECL_TYPE=<G5>  MSG_FORMAT=<X>  RUN_MODE=<Q>  RunTime:2014/05/21 18:59:49}
* 2 PROG=UTL, CODE=999, REJECT_CODE=, MSG={===>>> IS ASP}
* 3 PROG=M04, CODE=1001, REJECT_CODE=, MSG={SAL_BAN:28513255BOF_EX:Y EX_CLASS:G UNION_COMP_NOTE: NON_EXAM_MARK: EXCEL_CONNECT_CODE:AEO_NOTE: SECURE_NOTE:CHK_IN_WARE_NOTE: CHK_IN_WARE_NOTE_DATE:}
* 4 PROG=D02, CODE=1009, REJECT_CODE=, ITEM=1, MSG={CCC_CODE=<84596990009> BEG_DATE=<2011/03/15> END_DATE:<9999/12/31> IET_CODE:<E>}
* 5 PROG=D02, CODE=1010, REJECT_CODE=, ITEM=1, MSG={QTY_FOR_STAT=<SET> STATIC_CODE=<Q> MAX=<> MIN=<100>}
* 6 PROG=CHECK, CODE=105, REJECT_CODE=D91, MSG={逐項FOB加總(台幣):236442 總FOB(台幣):245478 報單誤差: 9036 超過允許誤差: 23}, COLUMN={逐項FOB加總與主檔FOB不符}
* 7 PROG=CHECK, CODE=9998, REJECT_CODE=, MSG={ 單價金額*數量:7850 發票總金額:8150 DIFF_AMOUNT:-300ED_UTL.IN_RATE:30.12DIFF_AMOUNT:-9036}
* 8 PROG=CHECK, CODE=106, REJECT_CODE=D20, MSG={逐項(單價x數量)加總(原幣):7850 L_TOT_FOB(原幣):8150 報單誤差: 9036 超過允許誤差: 23}, COLUMN={逐項(單價x數量)加總與主檔發票總金額不符}
* 9 PROG=ED90, CODE=1010, REJECT_CODE=, MSG={WRITE_EXDEDST AUTONOMOUS >>>  ED_UTL.EXDEDMM_rec.CLEAR_STS_CD=<EA>}
===== SAVE END =====
==>> NX5106 TRANS_ID=<20140521185949_86918>
==>> OUT >> CLEAR_TYPE_out=<>  EXAM_TYPE_out=<>  PAPER_NOTE_out=<>  REJECT_TYPE_out=<D>  rtnCode_out=<0>  rtnMsg_out=<作業完成> 
"
"2014-05-21 19:00:17.000"`"ED90_WEB"`"DA  03137A5183"`````"=======================================================================
TRANS_ID=<20140521190016466180> PROC_TYPE=<Y> RunTime:2014/05/21 19:00:17
==>> DECL_NO=<DA  03137A5183, MSG_FUNC_CD=<9>
    ==> CHECK_ONLY := TRUE
ED90 OK!
    ==>> DUTY_AMT=0
===== SAVE BEGIN =====
* 1 PROG=ED90, CODE=1003, REJECT_CODE=, MSG={TRANS_ID=<20140521190016466180> MSG_FUNC_CD=<9>  DECL_NO=<DA  03137A5183> DECL_TYPE=<G5>  MSG_FORMAT=<X>  RUN_MODE=<Q>  RunTime:2014/05/21 19:00:17}
* 2 PROG=UTL, CODE=999, REJECT_CODE=, MSG={===>>> IS ASP}
* 3 PROG=M04, CODE=1001, REJECT_CODE=, MSG={SAL_BAN:28513255BOF_EX:Y EX_CLASS:G UNION_COMP_NOTE: NON_EXAM_MARK: EXCEL_CONNECT_CODE:AEO_NOTE: SECURE_NOTE:CHK_IN_WARE_NOTE: CHK_IN_WARE_NOTE_DATE:}
* 4 PROG=D02, CODE=1009, REJECT_CODE=, ITEM=1, MSG={CCC_CODE=<84596990009> BEG_DATE=<2011/03/15> END_DATE:<9999/12/31> IET_CODE:<E>}
* 5 PROG=D02, CODE=1010, REJECT_CODE=, ITEM=1, MSG={QTY_FOR_STAT=<SET> STATIC_CODE=<Q> MAX=<> MIN=<100>}
* 6 PROG=CHECK, CODE=9998, REJECT_CODE=, MSG={ 單價金額*數量:7850 發票總金額:8150 DIFF_AMOUNT:0ED_UTL.IN_RATE:30.12DIFF_AMOUNT:0}
* 7 PROG=ED90, CODE=22, REJECT_CODE=F88, MSG={沒有進倉資料}, COLUMN={沒有進倉資料}
* 8 PROG=ED90, CODE=1020, REJECT_CODE=, MSG={呼叫專家回傳結果 =>  CLEAR_TYPE_OD=<C1>  EXAM_TYPE=<N>  PAPER_NOTE=<N>  PRE_CLEAR_TYPE=<C1>}
===== SAVE END =====
==>> NX5106 TRANS_ID=<20140521190017_87005>
==>> OUT >> CLEAR_TYPE_out=<>  EXAM_TYPE_out=<>  PAPER_NOTE_out=<>  REJECT_TYPE_out=<F>  rtnCode_out=<0>  rtnMsg_out=<作業完成> 
"
"2014-05-21 19:07:25.000"`"ED90_WEB"`"DABC03137A5181"`````"=======================================================================
TRANS_ID=<20140521190725466195> PROC_TYPE=<Y> RunTime:2014/05/21 19:07:25
==>> DECL_NO=<DABC03137A5181, MSG_FUNC_CD=<9>
    ==> CHECK_ONLY := TRUE
ED90 OK!
    ==>> DUTY_AMT=886
===== SAVE BEGIN =====
* 1 PROG=ED90, CODE=1003, REJECT_CODE=, MSG={TRANS_ID=<20140521190725466195> MSG_FUNC_CD=<9>  DECL_NO=<DABC03137A5181> DECL_TYPE=<G5>  MSG_FORMAT=<X>  RUN_MODE=<Q>  RunTime:2014/05/21 19:07:25}
* 2 PROG=UTL, CODE=999, REJECT_CODE=, MSG={===>>> IS ASP}
* 3 PROG=M04, CODE=1001, REJECT_CODE=, MSG={SAL_BAN:27432234BOF_EX:Y EX_CLASS:G UNION_COMP_NOTE: NON_EXAM_MARK: EXCEL_CONNECT_CODE:AEO_NOTE: SECURE_NOTE:CHK_IN_WARE_NOTE: CHK_IN_WARE_NOTE_DATE:}
* 4 PROG=CHECK, CODE=9998, REJECT_CODE=, MSG={ 單價金額*數量:79530.75 發票總金額:79530.75 DIFF_AMOUNT:0ED_UTL.IN_RATE:30.12DIFF_AMOUNT:0}
* 5 PROG=ED90, CODE=22, REJECT_CODE=F88, MSG={沒有進倉資料}, COLUMN={沒有進倉資料}
* 6 PROG=ED90, CODE=1020, REJECT_CODE=, MSG={呼叫專家回傳結果 =>  CLEAR_TYPE_OD=<C1>  EXAM_TYPE=<N>  PAPER_NOTE=<N>  PRE_CLEAR_TYPE=<C1>}
===== SAVE END =====
==>> NX5106 TRANS_ID=<20140521190725_88323>
==>> OUT >> CLEAR_TYPE_out=<>  EXAM_TYPE_out=<>  PAPER_NOTE_out=<>  REJECT_TYPE_out=<F>  rtnCode_out=<0>  rtnMsg_out=<作業完成> 
"
"2014-05-21 19:20:32.000"`"ED90_WEB"`"DABC03137A5184"`````"=======================================================================
TRANS_ID=<20140521192032466307> PROC_TYPE=<Y> RunTime:2014/05/21 19:20:32
==>> DECL_NO=<DABC03137A5184, MSG_FUNC_CD=<9>
    ==> CHECK_ONLY := TRUE
ED90 OK!
    ==>> DUTY_AMT=371
===== SAVE BEGIN =====
* 1 PROG=ED90, CODE=1003, REJECT_CODE=, MSG={TRANS_ID=<20140521192032466307> MSG_FUNC_CD=<9>  DECL_NO=<DABC03137A5184> DECL_TYPE=<G5>  MSG_FORMAT=<X>  RUN_MODE=<Q>  RunTime:2014/05/21 19:20:32}
* 2 PROG=UTL, CODE=999, REJECT_CODE=, MSG={===>>> IS ASP}
* 3 PROG=M04, CODE=1001, REJECT_CODE=, MSG={SAL_BAN:86084154BOF_EX:Y EX_CLASS:G UNION_COMP_NOTE: NON_EXAM_MARK: EXCEL_CONNECT_CODE:AEO_NOTE: SECURE_NOTE:CHK_IN_WARE_NOTE: CHK_IN_WARE_NOTE_DATE:}
* 4 PROG=CHECK, CODE=9998, REJECT_CODE=, MSG={ 單價金額*數量:30828 發票總金額:30828 DIFF_AMOUNT:0ED_UTL.IN_RATE:30.12DIFF_AMOUNT:0}
* 5 PROG=ED90, CODE=22, REJECT_CODE=F88, MSG={沒有進倉資料}, COLUMN={沒有進倉資料}
* 6 PROG=ED90, CODE=1020, REJECT_CODE=, MSG={呼叫專家回傳結果 =>  CLEAR_TYPE_OD=<C1>  EXAM_TYPE=<N>  PAPER_NOTE=<N>  PRE_CLEAR_TYPE=<C1>}
===== SAVE END =====
==>> NX5106 TRANS_ID=<20140521192032_90287>
==>> OUT >> CLEAR_TYPE_out=<>  EXAM_TYPE_out=<>  PAPER_NOTE_out=<>  REJECT_TYPE_out=<F>  rtnCode_out=<0>  rtnMsg_out=<作業完成> 
"
"2014-05-21 19:21:39.000"`"ED90_WEB"`"DABC03137A5184"`````"=======================================================================
TRANS_ID=<20140521192138466311> PROC_TYPE=<N> RunTime:2014/05/21 19:21:39
==>> DECL_NO=<DABC03137A5184, MSG_FUNC_CD=<9>
    ==> CHECK_ONLY := FALSE
ED90 OK!
WEB_5203 >>> COMMIT
    ==>> DUTY_AMT=371
    F類錯單 ==>> EDM_CLEAR_TYPE <> EDM_CLEAR_TYPE_OD  <>
===== SAVE BEGIN =====
* 1 PROG=ED90, CODE=1003, REJECT_CODE=, MSG={TRANS_ID=<20140521192138466311> MSG_FUNC_CD=<9>  DECL_NO=<DABC03137A5184> DECL_TYPE=<G5>  MSG_FORMAT=<X>  RUN_MODE=<A>  RunTime:2014/05/21 19:21:39}
* 2 PROG=UTL, CODE=999, REJECT_CODE=, MSG={===>>> IS ASP}
* 3 PROG=M04, CODE=1001, REJECT_CODE=, MSG={SAL_BAN:86084154BOF_EX:Y EX_CLASS:G UNION_COMP_NOTE: NON_EXAM_MARK: EXCEL_CONNECT_CODE:AEO_NOTE: SECURE_NOTE:CHK_IN_WARE_NOTE: CHK_IN_WARE_NOTE_DATE:}
* 4 PROG=CHECK, CODE=9998, REJECT_CODE=, MSG={ 單價金額*數量:30828 發票總金額:30828 DIFF_AMOUNT:0ED_UTL.IN_RATE:30.12DIFF_AMOUNT:0}
* 5 PROG=ED90, CODE=22, REJECT_CODE=F88, MSG={沒有進倉資料}, COLUMN={沒有進倉資料}
* 6 PROG=ED90, CODE=1020, REJECT_CODE=, MSG={呼叫專家回傳結果 =>  CLEAR_TYPE_OD=<C1>  EXAM_TYPE=<N>  PAPER_NOTE=<N>  PRE_CLEAR_TYPE=<C1>}
* 7 PROG=ED90, CODE=1001, REJECT_CODE=, MSG={ED90 Reject: F}
===== SAVE END =====
==>> NX5106 TRANS_ID=<20140521192139_90443>
==>> OUT >> CLEAR_TYPE_out=<X>  EXAM_TYPE_out=<>  PAPER_NOTE_out=<>  REJECT_TYPE_out=<F>  rtnCode_out=<0>  rtnMsg_out=<作業完成> 
"
